#
# There is insufficient memory for the Java Runtime Environment to continue.
# Native memory allocation (mmap) failed to map 65536 bytes. Error detail: Failed to commit metaspace.
# Possible reasons:
#   The system is out of physical RAM or swap space
#   This process is running with CompressedOops enabled, and the Java Heap may be blocking the growth of the native heap
# Possible solutions:
#   Reduce memory load on the system
#   Increase physical memory or swap space
#   Check if swap backing store is full
#   Decrease Java heap size (-Xmx/-Xms)
#   Decrease number of Java threads
#   Decrease Java thread stack sizes (-Xss)
#   Set larger code cache with -XX:ReservedCodeCacheSize=
#   JVM is running with Unscaled Compressed Oops mode in which the Java heap is
#     placed in the first 4GB address space. The Java Heap base address is the
#     maximum limit for the native heap growth. Please use -XX:HeapBaseMinAddress
#     to set the Java Heap base and to place the Java Heap above 4GB virtual address.
# This output file may be truncated or incomplete.
#
#  Out of Memory Error (virtualSpaceNode.cpp:113), pid=15548, tid=13972
#
# JRE version: OpenJDK Runtime Environment Temurin-21.0.10+7 (21.0.10+7) (build 21.0.10+7-LTS)
# Java VM: OpenJDK 64-Bit Server VM Temurin-21.0.10+7 (21.0.10+7-LTS, mixed mode, sharing, tiered, compressed oops, compressed class ptrs, parallel gc, windows-amd64)
# No core dump will be written. Minidumps are not enabled by default on client versions of Windows
#

---------------  S U M M A R Y ------------

Command Line: --add-modules=ALL-SYSTEM --add-opens=java.base/java.util=ALL-UNNAMED --add-opens=java.base/java.lang=ALL-UNNAMED --add-opens=java.base/sun.nio.fs=ALL-UNNAMED -Declipse.application=org.eclipse.jdt.ls.core.id1 -Dosgi.bundles.defaultStartLevel=4 -Declipse.product=org.eclipse.jdt.ls.core.product -Djava.import.generatesMetadataFilesAtProjectRoot=false -DDetectVMInstallationsJob.disabled=true -Dfile.encoding=utf8 -XX:+UseParallelGC -XX:GCTimeRatio=4 -XX:AdaptiveSizePolicyWeight=90 -Dsun.zip.disableMemoryMapping=true -Xmx2G -Xms100m -Xlog:disable -javaagent:c:\Users\HAIBONWA RIBEGA B\.antigravity\extensions\redhat.java-1.54.0-win32-x64\lombok\lombok-1.18.39-4050.jar c:\Users\HAIBONWA RIBEGA B\.antigravity\extensions\redhat.java-1.54.0-win32-x64\server\plugins\org.eclipse.equinox.launcher_1.7.100.v20251111-0406.jar -configuration c:\Users\HAIBONWA RIBEGA B\AppData\Roaming\Antigravity\User\globalStorage\redhat.java\1.54.0\config_ss_win -data c:\Users\HAIBONWA RIBEGA B\AppData\Roaming\Antigravity\User\workspaceStorage\8da1ae3c5b91b9b00c9466e4521aff6a\redhat.java\ss_ws --pipe=\\.\pipe\lsp-0c6dc860676da24e61428a5a097ab8cb-sock

Host: Intel(R) Core(TM) i7-9850H CPU @ 2.60GHz, 12 cores, 15G,  Windows 11 , 64 bit Build 26100 (10.0.26100.8328)
Time: Tue May 12 16:47:32 2026 Afr. centrale Ouest elapsed time: 3.852269 seconds (0d 0h 0m 3s)

---------------  T H R E A D  ---------------

Current thread (0x000001f65e541740):  JavaThread "main"             [_thread_in_vm, id=13972, stack(0x0000008673800000,0x0000008673900000) (1024K)]

Stack: [0x0000008673800000,0x0000008673900000]
Native frames: (J=compiled Java code, j=interpreted, Vv=VM code, C=native code)
V  [jvm.dll+0x6d7a39]
V  [jvm.dll+0x8b4b26]
V  [jvm.dll+0x8b70de]
V  [jvm.dll+0x8b77c3]
V  [jvm.dll+0x284346]
V  [jvm.dll+0x8b086e]
V  [jvm.dll+0x679444]
V  [jvm.dll+0x1e82bb]
V  [jvm.dll+0x1e807e]
V  [jvm.dll+0x67bd42]
V  [jvm.dll+0x67bb72]
V  [jvm.dll+0x679e1e]
V  [jvm.dll+0x26f5c6]
V  [jvm.dll+0x219f3f]
V  [jvm.dll+0x20f62e]
V  [jvm.dll+0x5b644f]
V  [jvm.dll+0x82ec4d]
V  [jvm.dll+0x47952e]
V  [jvm.dll+0x48c8a6]
C  [java.dll+0x1657]

Java frames: (J=compiled Java code, j=interpreted, Vv=VM code)
J 921  java.lang.ClassLoader.defineClass0(Ljava/lang/ClassLoader;Ljava/lang/Class;Ljava/lang/String;[BIILjava/security/ProtectionDomain;ZILjava/lang/Object;)Ljava/lang/Class; java.base@21.0.10 (0 bytes) @ 0x000001f669270b3c [0x000001f669270a40+0x00000000000000fc]
j  java.lang.System$2.defineClass(Ljava/lang/ClassLoader;Ljava/lang/Class;Ljava/lang/String;[BLjava/security/ProtectionDomain;ZILjava/lang/Object;)Ljava/lang/Class;+17 java.base@21.0.10
j  java.lang.invoke.MethodHandles$Lookup$ClassDefiner.defineClass(ZLjava/lang/Object;)Ljava/lang/Class;+57 java.base@21.0.10
j  java.lang.invoke.InvokerBytecodeGenerator.loadMethod([B)Ljava/lang/invoke/MemberName;+22 java.base@21.0.10
j  java.lang.invoke.InvokerBytecodeGenerator.generateCustomizedCode(Ljava/lang/invoke/LambdaForm;Ljava/lang/invoke/MethodType;)Ljava/lang/invoke/MemberName;+30 java.base@21.0.10
j  java.lang.invoke.LambdaForm.compileToBytecode()V+69 java.base@21.0.10
j  java.lang.invoke.DirectMethodHandle.makePreparedLambdaForm(Ljava/lang/invoke/MethodType;I)Ljava/lang/invoke/LambdaForm;+750 java.base@21.0.10
J 1513 c1 java.lang.invoke.DirectMethodHandle.preparedLambdaForm(Ljava/lang/invoke/MethodType;I)Ljava/lang/invoke/LambdaForm; java.base@21.0.10 (31 bytes) @ 0x000001f6619c6b0c [0x000001f6619c6800+0x000000000000030c]
j  java.lang.invoke.DirectMethodHandle.preparedLambdaForm(Ljava/lang/invoke/MemberName;Z)Ljava/lang/invoke/LambdaForm;+159 java.base@21.0.10
J 1607 c1 java.lang.invoke.DirectMethodHandle.preparedLambdaForm(Ljava/lang/invoke/MemberName;)Ljava/lang/invoke/LambdaForm; java.base@21.0.10 (6 bytes) @ 0x000001f6619ef524 [0x000001f6619ef4c0+0x0000000000000064]
j  java.lang.invoke.DirectMethodHandle.make(BLjava/lang/Class;Ljava/lang/invoke/MemberName;Ljava/lang/Class;)Ljava/lang/invoke/DirectMethodHandle;+163 java.base@21.0.10
j  java.lang.invoke.MethodHandles$Lookup.getDirectMethodCommon(BLjava/lang/Class;Ljava/lang/invoke/MemberName;ZZLjava/lang/invoke/MethodHandles$Lookup;)Ljava/lang/invoke/MethodHandle;+220 java.base@21.0.10
j  java.lang.invoke.MethodHandles$Lookup.getDirectMethodNoSecurityManager(BLjava/lang/Class;Ljava/lang/invoke/MemberName;Ljava/lang/invoke/MethodHandles$Lookup;)Ljava/lang/invoke/MethodHandle;+14 java.base@21.0.10
j  java.lang.invoke.MethodHandles$Lookup.getDirectMethodForConstant(BLjava/lang/Class;Ljava/lang/invoke/MemberName;)Ljava/lang/invoke/MethodHandle;+31 java.base@21.0.10
j  java.lang.invoke.MethodHandles$Lookup.linkMethodHandleConstant(BLjava/lang/Class;Ljava/lang/String;Ljava/lang/Object;)Ljava/lang/invoke/MethodHandle;+153 java.base@21.0.10
j  java.lang.invoke.MethodHandleNatives.linkMethodHandleConstant(Ljava/lang/Class;ILjava/lang/Class;Ljava/lang/String;Ljava/lang/Object;)Ljava/lang/invoke/MethodHandle;+38 java.base@21.0.10
v  ~StubRoutines::call_stub 0x000001f668c7100d
j  org.eclipse.osgi.internal.serviceregistry.ServiceRegistry.notifyFindHooksPrivileged(Lorg/eclipse/osgi/internal/framework/BundleContextImpl;Ljava/lang/String;Ljava/lang/String;ZLjava/util/Collection;)V+101
j  org.eclipse.osgi.internal.serviceregistry.ServiceRegistry.notifyFindHooks(Lorg/eclipse/osgi/internal/framework/BundleContextImpl;Ljava/lang/String;Ljava/lang/String;ZLjava/util/Collection;)V+14
j  org.eclipse.osgi.internal.serviceregistry.ServiceRegistry.getServiceReferences(Lorg/eclipse/osgi/internal/framework/BundleContextImpl;Ljava/lang/String;Ljava/lang/String;Z)[Lorg/eclipse/osgi/internal/serviceregistry/ServiceReferenceImpl;+239
j  org.eclipse.osgi.internal.framework.BundleContextImpl.getAllServiceReferences(Ljava/lang/String;Ljava/lang/String;)[Lorg/osgi/framework/ServiceReference;+15
j  org.osgi.util.tracker.ServiceTracker.getInitialReferences(ZLjava/lang/String;Ljava/lang/String;)[Lorg/osgi/framework/ServiceReference;+10
j  org.osgi.util.tracker.ServiceTracker.open(Z)V+74
j  org.eclipse.osgi.internal.log.EventAdminAdapter.start()V+5
j  org.eclipse.osgi.internal.log.LogServiceManager.start(Lorg/osgi/framework/BundleContext;)V+165
j  org.eclipse.osgi.internal.log.EquinoxLogServices.start(Lorg/osgi/framework/BundleContext;)V+5
j  org.eclipse.osgi.internal.framework.SystemBundleActivator.start(Lorg/osgi/framework/BundleContext;)V+38
j  org.eclipse.osgi.internal.framework.BundleContextImpl$2.run()Ljava/lang/Void;+23
j  org.eclipse.osgi.internal.framework.BundleContextImpl$2.run()Ljava/lang/Object;+1
J 1171 c1 java.security.AccessController.executePrivileged(Ljava/security/PrivilegedExceptionAction;Ljava/security/AccessControlContext;Ljava/lang/Class;)Ljava/lang/Object; java.base@21.0.10 (65 bytes) @ 0x000001f66191f244 [0x000001f66191f0e0+0x0000000000000164]
j  java.security.AccessController.doPrivileged(Ljava/security/PrivilegedExceptionAction;)Ljava/lang/Object;+9 java.base@21.0.10
j  org.eclipse.osgi.internal.framework.BundleContextImpl.startActivator(Lorg/osgi/framework/BundleActivator;)V+9
j  org.eclipse.osgi.internal.framework.BundleContextImpl.start()V+141
j  org.eclipse.osgi.internal.framework.EquinoxBundle.startWorker0()V+35
j  org.eclipse.osgi.internal.framework.EquinoxBundle$SystemBundle$EquinoxSystemModule.initWorker()V+60
j  org.eclipse.osgi.container.SystemModule.init()V+333
j  org.eclipse.osgi.internal.framework.EquinoxBundle$SystemBundle.init([Lorg/osgi/framework/FrameworkListener;)V+83
j  org.eclipse.osgi.internal.framework.EquinoxBundle$SystemBundle.init()V+2
j  org.eclipse.osgi.launch.Equinox.init()V+4
j  org.eclipse.core.runtime.adaptor.EclipseStarter.startup([Ljava/lang/String;Ljava/lang/Runnable;)Lorg/osgi/framework/BundleContext;+37
j  org.eclipse.core.runtime.adaptor.EclipseStarter.run([Ljava/lang/String;Ljava/lang/Runnable;)Ljava/lang/Object;+21
j  java.lang.invoke.DirectMethodHandle$Holder.invokeStatic(Ljava/lang/Object;Ljava/lang/Object;Ljava/lang/Object;)Ljava/lang/Object;+11 java.base@21.0.10
j  java.lang.invoke.LambdaForm$MH+0x000001f60108a800.invoke(Ljava/lang/Object;Ljava/lang/Object;Ljava/lang/Object;Ljava/lang/Object;)Ljava/lang/Object;+54 java.base@21.0.10
j  java.lang.invoke.LambdaForm$MH+0x000001f601002c00.invokeExact_MT(Ljava/lang/Object;Ljava/lang/Object;Ljava/lang/Object;Ljava/lang/Object;Ljava/lang/Object;)Ljava/lang/Object;+22 java.base@21.0.10
j  jdk.internal.reflect.DirectMethodHandleAccessor.invokeImpl(Ljava/lang/Object;[Ljava/lang/Object;)Ljava/lang/Object;+72 java.base@21.0.10
j  jdk.internal.reflect.DirectMethodHandleAccessor.invoke(Ljava/lang/Object;[Ljava/lang/Object;)Ljava/lang/Object;+23 java.base@21.0.10
j  java.lang.reflect.Method.invoke(Ljava/lang/Object;[Ljava/lang/Object;)Ljava/lang/Object;+102 java.base@21.0.10
j  org.eclipse.equinox.launcher.Main.invokeFramework([Ljava/lang/String;[Ljava/net/URL;)V+155
j  org.eclipse.equinox.launcher.Main.basicRun([Ljava/lang/String;)V+191
j  org.eclipse.equinox.launcher.Main.run([Ljava/lang/String;)I+4
j  org.eclipse.equinox.launcher.Main.main([Ljava/lang/String;)V+10
v  ~StubRoutines::call_stub 0x000001f668c7100d

Compiled method (n/a) 3902  921     n 0       java.lang.ClassLoader::defineClass0 (native)
 total in heap  [0x000001f669270890,0x000001f669270d48] = 1208
 relocation     [0x000001f6692709f0,0x000001f669270a28] = 56
 main code      [0x000001f669270a40,0x000001f669270d41] = 769
 stub code      [0x000001f669270d41,0x000001f669270d48] = 7

[Constant Pool (empty)]

[MachCode]
[Entry Point]
  # {method} {0x000001f600434930} 'defineClass0' '(Ljava/lang/ClassLoader;Ljava/lang/Class;Ljava/lang/String;[BIILjava/security/ProtectionDomain;ZILjava/lang/Object;)Ljava/lang/Class;' in 'java/lang/ClassLoader'
  # parm0:    rdx:rdx   = 'java/lang/ClassLoader'
  # parm1:    r8:r8     = 'java/lang/Class'
  # parm2:    r9:r9     = 'java/lang/String'
  # parm3:    rdi:rdi   = '[B'
  # parm4:    rsi       = int
  # parm5:    rcx       = int
  # parm6:    [sp+0xb0]   = 'java/security/ProtectionDomain'  (sp of caller)
  # parm7:    [sp+0xb8]   = boolean
  # parm8:    [sp+0xc0]   = int
  # parm9:    [sp+0xc8]   = 'java/lang/Object'
  0x000001f669270a40: 448b 5208 | 49bb 0000 | 0000 f601 | 0000 4d03 | d349 3bc2 | 0f84 0600 

  0x000001f669270a58: ;   {runtime_call ic_miss_stub}
  0x000001f669270a58: 0000 e921 | daa4 ff90 
[Verified Entry Point]
  0x000001f669270a60: 8984 2400 | 80ff ff55 | 488b ec48 | 81ec a000 | 0000 6690 | 4181 7f20 | 0100 0000 

  0x000001f669270a7c: ;   {runtime_call StubRoutines (final stubs)}
  0x000001f669270a7c: 7405 e85d | 7fa3 ff48 | 837d 2800 | 488d 4528 | 480f 4445 | 2848 8944 | 2458 4863 | 4520 4889 
  0x000001f669270a9c: 4424 5048 | 6345 1848 | 8944 2448 | 4883 7d10 | 0048 8d45 | 1048 0f44 | 4510 4889 | 4424 4048 
  0x000001f669270abc: 894c 2438 | 4889 7424 | 3048 897c | 2478 4883 | ff00 488d | 4424 7848 | 0f44 4424 | 7848 8944 
  0x000001f669270adc: 2428 4c89 | 4c24 7049 | 83f9 0048 | 8d44 2470 | 480f 4444 | 2470 4889 | 4424 204c | 8944 2468 
  0x000001f669270afc: 4983 f800 | 4c8d 4c24 | 684c 0f44 | 4c24 6848 | 8954 2460 | 4883 fa00 | 4c8d 4424 | 604c 0f44 
  0x000001f669270b1c: ;   {oop(a 'java/lang/Class'{0x00000000d6ecb718} = 'java/lang/ClassLoader')}
  0x000001f669270b1c: 4424 6049 | be18 b7ec | d600 0000 | 004c 89b4 | 2490 0000 | 004c 8db4 | 2490 0000 | 0049 8bd6 
  0x000001f669270b3c: ;   {internal_word}
  0x000001f669270b3c: c5f8 7749 | ba3c 0b27 | 69f6 0100 | 004d 8997 | a803 0000 | 4989 a7a0 

  0x000001f669270b54: ;   {external_word}
  0x000001f669270b54: 0300 0049 | bac6 5ce2 | b8f9 7f00 | 0041 803a | 000f 844e | 0000 0052 | 4150 4151 

  0x000001f669270b70: ;   {metadata({method} {0x000001f600434930} 'defineClass0' '(Ljava/lang/ClassLoader;Ljava/lang/Class;Ljava/lang/String;[BIILjava/security/ProtectionDomain;ZILjava/lang/Object;)Ljava/lang/Class;' in 'java/lang/ClassLoader')}
  0x000001f669270b70: 48ba 2849 | 4300 f601 | 0000 498b | cf48 83ec | 2040 f6c4 | 0f0f 8419 | 0000 0048 

  0x000001f669270b8c: ;   {runtime_call}
  0x000001f669270b8c: 83ec 0848 | b850 e18b | b8f9 7f00 | 00ff d048 | 83c4 08e9 | 0c00 0000 

  0x000001f669270ba4: ;   {runtime_call}
  0x000001f669270ba4: 48b8 50e1 | 8bb8 f97f | 0000 ffd0 | 4883 c420 | 4159 4158 | 5a49 8d8f | c003 0000 | 41c7 874c 
  0x000001f669270bc4: 0400 0004 

  0x000001f669270bc8: ;   {runtime_call}
  0x000001f669270bc8: 0000 0048 | b81c 15c8 | 55fa 7f00 | 00ff d0c5 | f877 41c7 | 874c 0400 | 0005 0000 | 00f0 8344 
  0x000001f669270be8: 24c0 0049 | 3baf 5004 | 0000 0f87 | 0e00 0000 | 4183 bf48 | 0400 0000 | 0f84 2b00 | 0000 c5f8 
  0x000001f669270c08: 7748 8945 | f849 8bcf | 4c8b e448 | 83ec 2048 

  0x000001f669270c18: ;   {runtime_call}
  0x000001f669270c18: 83e4 f048 | b8d0 5257 | b8f9 7f00 | 00ff d049 | 8be4 4d33 | e448 8b45 | f841 c787 | 4c04 0000 
  0x000001f669270c38: 0800 0000 | 4183 bfc8 | 0400 0002 | 0f84 ca00 

  0x000001f669270c48: ;   {external_word}
  0x000001f669270c48: 0000 49ba | c65c e2b8 | f97f 0000 | 4180 3a00 | 0f84 4c00 | 0000 4889 

  0x000001f669270c60: ;   {metadata({method} {0x000001f600434930} 'defineClass0' '(Ljava/lang/ClassLoader;Ljava/lang/Class;Ljava/lang/String;[BIILjava/security/ProtectionDomain;ZILjava/lang/Object;)Ljava/lang/Class;' in 'java/lang/ClassLoader')}
  0x000001f669270c60: 45f8 48ba | 2849 4300 | f601 0000 | 498b cf48 | 83ec 2040 | f6c4 0f0f | 8419 0000 | 0048 83ec 
  0x000001f669270c80: ;   {runtime_call}
  0x000001f669270c80: 0848 b850 | e18b b8f9 | 7f00 00ff | d048 83c4 | 08e9 0c00 

  0x000001f669270c94: ;   {runtime_call}
  0x000001f669270c94: 0000 48b8 | 50e1 8bb8 | f97f 0000 | ffd0 4883 | c420 488b | 45f8 49c7 | 87a0 0300 | 0000 0000 
  0x000001f669270cb4: 0049 c787 | a803 0000 | 0000 0000 | c5f8 7748 | 85c0 0f84 | 2500 0000 | a803 0f85 | 0800 0000 
  0x000001f669270cd4: 488b 00e9 | 1500 0000 | a801 0f85 | 0900 0000 | 488b 40fe | e904 0000 | 0048 8b40 | ff49 8b8f 
  0x000001f669270cf4: 3004 0000 | c781 0001 | 0000 0000 | 0000 c949 | 837f 0800 | 0f85 0100 

  0x000001f669270d0c: ;   {runtime_call StubRoutines (initial stubs)}
  0x000001f669270d0c: 0000 c3e9 | ec01 a0ff | c5f8 7748 | 8945 f84c | 8be4 4883 | ec20 4883 

  0x000001f669270d24: ;   {runtime_call}
  0x000001f669270d24: e4f0 48b8 | a018 8cb8 | f97f 0000 | ffd0 498b | e44d 33e4 | 488b 45f8 | e909 ffff | fff4 f4f4 
  0x000001f669270d44: f4f4 f4f4 
[/MachCode]


Compiled method (c1) 3923 1513       3       java.lang.invoke.DirectMethodHandle::preparedLambdaForm (31 bytes)
 total in heap  [0x000001f6619c6610,0x000001f6619c6e60] = 2128
 relocation     [0x000001f6619c6770,0x000001f6619c6800] = 144
 main code      [0x000001f6619c6800,0x000001f6619c6c40] = 1088
 stub code      [0x000001f6619c6c40,0x000001f6619c6ca8] = 104
 metadata       [0x000001f6619c6ca8,0x000001f6619c6cd8] = 48
 scopes data    [0x000001f6619c6cd8,0x000001f6619c6d40] = 104
 scopes pcs     [0x000001f6619c6d40,0x000001f6619c6e20] = 224
 dependencies   [0x000001f6619c6e20,0x000001f6619c6e30] = 16
 nul chk table  [0x000001f6619c6e30,0x000001f6619c6e60] = 48

[Constant Pool (empty)]

[MachCode]
[Verified Entry Point]
  # {method} {0x000001f6000a0d70} 'preparedLambdaForm' '(Ljava/lang/invoke/MethodType;I)Ljava/lang/invoke/LambdaForm;' in 'java/lang/invoke/DirectMethodHandle'
  # parm0:    rdx:rdx   = 'java/lang/invoke/MethodType'
  # parm1:    r8        = int
  #           [sp+0x60]  (sp of caller)
  0x000001f6619c6800: 8984 2400 | 80ff ff55 | 4883 ec50 | 4181 7f20 | 0100 0000 

  0x000001f6619c6814: ;   {runtime_call StubRoutines (final stubs)}
  0x000001f6619c6814: 7405 e8c5 | 212e 0748 | 8954 2438 | 4489 4424 

  0x000001f6619c6824: ;   {metadata(method data for {method} {0x000001f6000a0d70} 'preparedLambdaForm' '(Ljava/lang/invoke/MethodType;I)Ljava/lang/invoke/LambdaForm;' in 'java/lang/invoke/DirectMethodHandle')}
  0x000001f6619c6824: 4048 be10 | 6738 77f6 | 0100 008b | becc 0000 | 0083 c702 | 89be cc00 | 0000 81e7 | fe07 0000 
  0x000001f6619c6844: 85ff 0f84 | 2b03 0000 

  0x000001f6619c684c: ; implicit exception: dispatches to 0x000001f6619c6b98
  0x000001f6619c684c: 483b 0248 

  0x000001f6619c6850: ;   {metadata(method data for {method} {0x000001f6000a0d70} 'preparedLambdaForm' '(Ljava/lang/invoke/MethodType;I)Ljava/lang/invoke/LambdaForm;' in 'java/lang/invoke/DirectMethodHandle')}
  0x000001f6619c6850: 8bf2 48bf | 1067 3877 | f601 0000 | 4883 8710 | 0100 0001 | 8b72 1448 | 3b06 488b 

  0x000001f6619c686c: ;   {metadata(method data for {method} {0x000001f6000a0d70} 'preparedLambdaForm' '(Ljava/lang/invoke/MethodType;I)Ljava/lang/invoke/LambdaForm;' in 'java/lang/invoke/DirectMethodHandle')}
  0x000001f6619c686c: fe48 bb10 | 6738 77f6 | 0100 0048 | 8383 4801 

  0x000001f6619c687c: ;   {metadata(method data for {method} {0x000001f6003f7600} 'cachedLambdaForm' '(I)Ljava/lang/invoke/LambdaForm;' in 'java/lang/invoke/MethodTypeForm')}
  0x000001f6619c687c: 0000 0148 | bf10 0025 | 77f6 0100 | 008b 9fcc | 0000 0083 | c302 899f | cc00 0000 | 81e3 feff 
  0x000001f6619c689c: 1f00 85db | 0f84 fc02 | 0000 8b76 | 1c8b 7e0c | 413b f80f | 8613 0300 | 0049 63f8 | 8b74 be10 
  0x000001f6619c68bc: ;   {metadata(method data for {method} {0x000001f6003f7600} 'cachedLambdaForm' '(I)Ljava/lang/invoke/LambdaForm;' in 'java/lang/invoke/MethodTypeForm')}
  0x000001f6619c68bc: 4885 f648 | bf10 0025 | 77f6 0100 | 0048 c7c3 | 1001 0000 | 7407 48c7 | c320 0100 | 0048 8b04 
  0x000001f6619c68dc: 1f48 8d40 | 0148 8904 | 1f0f 84a6 | 0100 0048 | 3b06 488b 

  0x000001f6619c68f0: ;   {metadata(method data for {method} {0x000001f6003f7600} 'cachedLambdaForm' '(I)Ljava/lang/invoke/LambdaForm;' in 'java/lang/invoke/MethodTypeForm')}
  0x000001f6619c68f0: fe48 bb10 | 0025 77f6 | 0100 008b | 7f08 49ba | 0000 0000 | f601 0000 | 4903 fa48 | 3bbb 4001 
  0x000001f6619c6910: 0000 750d | 4883 8348 | 0100 0001 | e960 0000 | 0048 3bbb | 5001 0000 | 750d 4883 | 8358 0100 
  0x000001f6619c6930: 0001 e94a | 0000 0048 | 83bb 4001 | 0000 0075 | 1748 89bb | 4001 0000 | 48c7 8348 | 0100 0001 
  0x000001f6619c6950: 0000 00e9 | 2900 0000 | 4883 bb50 | 0100 0000 | 7517 4889 | bb50 0100 | 0048 c783 | 5801 0000 
  0x000001f6619c6970: 0100 0000 | e908 0000 | 0048 8383 | 3001 0000 | 0148 8bd6 

  0x000001f6619c6984: ;   {optimized virtual_call}
  0x000001f6619c6984: 6666 90e8 

  0x000001f6619c6988: ; ImmutableOopMap {[56]=Oop }
                      ;*invokevirtual get {reexecute=0 rethrow=0 return_oop=0}
                      ; - java.lang.invoke.MethodTypeForm::cachedLambdaForm@12
                      ; - java.lang.invoke.DirectMethodHandle::preparedLambdaForm@5
  0x000001f6619c6988: 54eb e5ff 

  0x000001f6619c698c: ;   {other}
  0x000001f6619c698c: 0f1f 8400 | 7c03 0000 | 4885 c075 

  0x000001f6619c6998: ;   {metadata(method data for {method} {0x000001f6003f7600} 'cachedLambdaForm' '(I)Ljava/lang/invoke/LambdaForm;' in 'java/lang/invoke/MethodTypeForm')}
  0x000001f6619c6998: 1749 b810 | 0025 77f6 | 0100 0041 | 8088 6101 | 0000 01e9 | cc00 0000 

  0x000001f6619c69b0: ;   {metadata('java/lang/invoke/LambdaForm')}
  0x000001f6619c69b0: 48be e0e2 | 0800 f601 | 0000 8b50 | 0849 ba00 | 0000 00f6 | 0100 0049 | 03d2 483b | f20f 858d 
  0x000001f6619c69d0: ;   {metadata(method data for {method} {0x000001f6003f7600} 'cachedLambdaForm' '(I)Ljava/lang/invoke/LambdaForm;' in 'java/lang/invoke/MethodTypeForm')}
  0x000001f6619c69d0: 0000 0049 | b810 0025 | 77f6 0100 | 008b 7008 | 49ba 0000 | 0000 f601 | 0000 4903 | f249 3bb0 
  0x000001f6619c69f0: 7801 0000 | 750d 4983 | 8080 0100 | 0001 e979 | 0000 0049 | 3bb0 8801 | 0000 750d | 4983 8090 
  0x000001f6619c6a10: 0100 0001 | e963 0000 | 0049 83b8 | 7801 0000 | 0075 1749 | 89b0 7801 | 0000 49c7 | 8080 0100 
  0x000001f6619c6a30: 0001 0000 | 00e9 4200 | 0000 4983 | b888 0100 | 0000 7517 | 4989 b088 | 0100 0049 | c780 9001 
  0x000001f6619c6a50: 0000 0100 | 0000 e921 | 0000 00e9 | 1c00 0000 

  0x000001f6619c6a60: ;   {metadata(method data for {method} {0x000001f6003f7600} 'cachedLambdaForm' '(I)Ljava/lang/invoke/LambdaForm;' in 'java/lang/invoke/MethodTypeForm')}
  0x000001f6619c6a60: 49b8 1000 | 2577 f601 | 0000 4983 | a868 0100 | 0001 e964 | 0100 00e9 | 0000 0000 

  0x000001f6619c6a7c: ;   {metadata(method data for {method} {0x000001f6003f7600} 'cachedLambdaForm' '(I)Ljava/lang/invoke/LambdaForm;' in 'java/lang/invoke/MethodTypeForm')}
  0x000001f6619c6a7c: 48ba 1000 | 2577 f601 | 0000 ff82 | a001 0000 | e90a 0000 

  0x000001f6619c6a90: ;   {oop(nullptr)}
  0x000001f6619c6a90: 0048 b800 | 0000 0000 | 0000 0048 

  0x000001f6619c6a9c: ;   {metadata(method data for {method} {0x000001f6000a0d70} 'preparedLambdaForm' '(Ljava/lang/invoke/MethodType;I)Ljava/lang/invoke/LambdaForm;' in 'java/lang/invoke/DirectMethodHandle')}
  0x000001f6619c6a9c: 85c0 48ba | 1067 3877 | f601 0000 | 49c7 c080 | 0100 0074 | 0749 c7c0 | 9001 0000 | 4a8b 3402 
  0x000001f6619c6abc: 488d 7601 | 4a89 3402 | 0f84 1300 | 0000 4883 

  0x000001f6619c6acc: ;   {poll_return}
  0x000001f6619c6acc: c450 5d49 | 3ba7 5004 | 0000 0f87 | 0801 0000 | c344 8b44 | 2440 488b 

  0x000001f6619c6ae4: ;   {metadata(method data for {method} {0x000001f6000a0d70} 'preparedLambdaForm' '(Ljava/lang/invoke/MethodType;I)Ljava/lang/invoke/LambdaForm;' in 'java/lang/invoke/DirectMethodHandle')}
  0x000001f6619c6ae4: 5424 3848 | be10 6738 | 77f6 0100 | 0048 8386 | a001 0000 | 0148 8bf2 | 488b d649 | 8bf8 4c8b 
  0x000001f6619c6b04: ;   {static_call}
  0x000001f6619c6b04: c766 90e8 

  0x000001f6619c6b08: ; ImmutableOopMap {[56]=Oop }
                      ;*invokestatic makePreparedLambdaForm {reexecute=0 rethrow=0 return_oop=0}
                      ; - java.lang.invoke.DirectMethodHandle::preparedLambdaForm@17
  0x000001f6619c6b08: 4801 0000 

  0x000001f6619c6b0c: ;   {other}
  0x000001f6619c6b0c: 0f1f 8400 | fc04 0001 | 488b 5424 

  0x000001f6619c6b18: ;   {metadata(method data for {method} {0x000001f6000a0d70} 'preparedLambdaForm' '(Ljava/lang/invoke/MethodType;I)Ljava/lang/invoke/LambdaForm;' in 'java/lang/invoke/DirectMethodHandle')}
  0x000001f6619c6b18: 3849 b810 | 6738 77f6 | 0100 0049 | 8380 b001 | 0000 0148 | 8b54 2438 | 8b52 1448 | 3b02 4c8b 
  0x000001f6619c6b38: ;   {metadata(method data for {method} {0x000001f6000a0d70} 'preparedLambdaForm' '(Ljava/lang/invoke/MethodType;I)Ljava/lang/invoke/LambdaForm;' in 'java/lang/invoke/DirectMethodHandle')}
  0x000001f6619c6b38: c249 b910 | 6738 77f6 | 0100 0049 | 8381 e801 | 0000 0144 | 8b44 2440 | 4c8b c80f 

  0x000001f6619c6b54: ;   {optimized virtual_call}
  0x000001f6619c6b54: 1f40 00e8 

  0x000001f6619c6b58: ; ImmutableOopMap {}
                      ;*invokevirtual setCachedLambdaForm {reexecute=0 rethrow=0 return_oop=0}
                      ; - java.lang.invoke.DirectMethodHandle::preparedLambdaForm@27
  0x000001f6619c6b58: 0701 0000 

  0x000001f6619c6b5c: ;   {other}
  0x000001f6619c6b5c: 0f1f 8400 | 4c05 0002 | 4883 c450 

  0x000001f6619c6b68: ;   {poll_return}
  0x000001f6619c6b68: 5d49 3ba7 | 5004 0000 | 0f87 8900 

  0x000001f6619c6b74: ;   {metadata({method} {0x000001f6000a0d70} 'preparedLambdaForm' '(Ljava/lang/invoke/MethodType;I)Ljava/lang/invoke/LambdaForm;' in 'java/lang/invoke/DirectMethodHandle')}
  0x000001f6619c6b74: 0000 c349 | ba68 0d0a | 00f6 0100 | 004c 8954 | 2408 48c7 | 0424 ffff 

  0x000001f6619c6b8c: ;   {runtime_call counter_overflow Runtime1 stub}
  0x000001f6619c6b8c: ffff e86d 

  0x000001f6619c6b90: ; ImmutableOopMap {rdx=Oop [56]=Oop }
                      ;*synchronization entry
                      ; - java.lang.invoke.DirectMethodHandle::preparedLambdaForm@-1
  0x000001f6619c6b90: c93a 07e9 | b4fc ffff 

  0x000001f6619c6b98: ;   {runtime_call throw_null_pointer_exception Runtime1 stub}
  0x000001f6619c6b98: e863 663a 

  0x000001f6619c6b9c: ; ImmutableOopMap {rdx=Oop [56]=Oop }
                      ;*invokevirtual form {reexecute=0 rethrow=0 return_oop=0}
                      ; - java.lang.invoke.DirectMethodHandle::preparedLambdaForm@1
                      ;   {runtime_call throw_null_pointer_exception Runtime1 stub}
  0x000001f6619c6b9c: 07e8 5e66 

  0x000001f6619c6ba0: ; ImmutableOopMap {rdx=Oop rsi=Oop [56]=Oop }
                      ;*invokevirtual cachedLambdaForm {reexecute=0 rethrow=0 return_oop=0}
                      ; - java.lang.invoke.DirectMethodHandle::preparedLambdaForm@5
                      ;   {metadata({method} {0x000001f6003f7600} 'cachedLambdaForm' '(I)Ljava/lang/invoke/LambdaForm;' in 'java/lang/invoke/MethodTypeForm')}
  0x000001f6619c6ba0: 3a07 49ba | f875 3f00 | f601 0000 | 4c89 5424 | 0848 c704 | 24ff ffff 

  0x000001f6619c6bb8: ;   {runtime_call counter_overflow Runtime1 stub}
  0x000001f6619c6bb8: ffe8 42c9 

  0x000001f6619c6bbc: ; ImmutableOopMap {rdx=Oop rsi=Oop [56]=Oop }
                      ;*synchronization entry
                      ; - java.lang.invoke.MethodTypeForm::cachedLambdaForm@-1
                      ; - java.lang.invoke.DirectMethodHandle::preparedLambdaForm@5
  0x000001f6619c6bbc: 3a07 e9e3 

  0x000001f6619c6bc0: ;   {runtime_call throw_null_pointer_exception Runtime1 stub}
  0x000001f6619c6bc0: fcff ffe8 

  0x000001f6619c6bc4: ; ImmutableOopMap {rdx=Oop rsi=Oop [56]=Oop }
                      ;*aaload {reexecute=0 rethrow=0 return_oop=0}
                      ; - java.lang.invoke.MethodTypeForm::cachedLambdaForm@5
                      ; - java.lang.invoke.DirectMethodHandle::preparedLambdaForm@5
  0x000001f6619c6bc4: 3866 3a07 | 4c89 0424 | 4889 7424 

  0x000001f6619c6bd0: ;   {runtime_call throw_range_check_failed Runtime1 stub}
  0x000001f6619c6bd0: 08e8 2a5d 

  0x000001f6619c6bd4: ; ImmutableOopMap {rdx=Oop rsi=Oop [56]=Oop }
                      ;*aaload {reexecute=0 rethrow=0 return_oop=0}
                      ; - java.lang.invoke.MethodTypeForm::cachedLambdaForm@5
                      ; - java.lang.invoke.DirectMethodHandle::preparedLambdaForm@5
                      ;   {runtime_call throw_null_pointer_exception Runtime1 stub}
  0x000001f6619c6bd4: 3a07 e825 

  0x000001f6619c6bd8: ; ImmutableOopMap {rsi=Oop [56]=Oop }
                      ;*invokevirtual get {reexecute=0 rethrow=0 return_oop=0}
                      ; - java.lang.invoke.MethodTypeForm::cachedLambdaForm@12
                      ; - java.lang.invoke.DirectMethodHandle::preparedLambdaForm@5
  0x000001f6619c6bd8: 663a 0748 

  0x000001f6619c6bdc: ;   {runtime_call throw_class_cast_exception Runtime1 stub}
  0x000001f6619c6bdc: 8904 24e8 

  0x000001f6619c6be0: ; ImmutableOopMap {[56]=Oop }
                      ;*checkcast {reexecute=0 rethrow=0 return_oop=0}
                      ; - java.lang.invoke.MethodTypeForm::cachedLambdaForm@15
                      ; - java.lang.invoke.DirectMethodHandle::preparedLambdaForm@5
  0x000001f6619c6be0: 1c90 3a07 

  0x000001f6619c6be4: ;   {internal_word}
  0x000001f6619c6be4: 49ba cf6a | 9c61 f601 | 0000 4d89 | 9768 0400 

  0x000001f6619c6bf4: ;   {runtime_call SafepointBlob}
  0x000001f6619c6bf4: 00e9 06df 

  0x000001f6619c6bf8: ;   {runtime_call throw_null_pointer_exception Runtime1 stub}
  0x000001f6619c6bf8: 2f07 e801 

  0x000001f6619c6bfc: ; ImmutableOopMap {rax=Oop rdx=Oop }
                      ;*invokevirtual setCachedLambdaForm {reexecute=0 rethrow=0 return_oop=0}
                      ; - java.lang.invoke.DirectMethodHandle::preparedLambdaForm@27
                      ;   {internal_word}
  0x000001f6619c6bfc: 663a 0749 | ba69 6b9c | 61f6 0100 | 004d 8997 | 6804 0000 

  0x000001f6619c6c10: ;   {runtime_call SafepointBlob}
  0x000001f6619c6c10: e9eb de2f | 0749 8b87 | 0005 0000 | 49c7 8700 | 0500 0000 | 0000 0049 | c787 0805 | 0000 0000 
  0x000001f6619c6c30: 0000 4883 

  0x000001f6619c6c34: ;   {runtime_call unwind_exception Runtime1 stub}
  0x000001f6619c6c34: c450 5de9 | c456 3a07 | f4f4 f4f4 
[Stub Code]
  0x000001f6619c6c40: ;   {no_reloc}
  0x000001f6619c6c40: 0f1f 4400 

  0x000001f6619c6c44: ;   {static_stub}
  0x000001f6619c6c44: 0048 bb00 | 0000 0000 

  0x000001f6619c6c4c: ;   {runtime_call nmethod}
  0x000001f6619c6c4c: 0000 00e9 | fbff ffff 

  0x000001f6619c6c54: ;   {static_stub}
  0x000001f6619c6c54: 48bb 2810 | 0a00 f601 

  0x000001f6619c6c5c: ;   {runtime_call I2C/C2I adapters}
  0x000001f6619c6c5c: 0000 e904 

  0x000001f6619c6c60: ;   {static_stub}
  0x000001f6619c6c60: c82f 0748 | bba0 753f | 00f6 0100 

  0x000001f6619c6c6c: ;   {runtime_call I2C/C2I adapters}
  0x000001f6619c6c6c: 00e9 f9c5 

  0x000001f6619c6c70: ;   {runtime_call handle_exception_from_callee Runtime1 stub}
  0x000001f6619c6c70: 2d07 e889 

  0x000001f6619c6c74: ;   {external_word}
  0x000001f6619c6c74: 893a 0748 | b940 53b8 | b8f9 7f00 | 0048 83e4 

  0x000001f6619c6c84: ;   {runtime_call}
  0x000001f6619c6c84: f048 b8b0 | c37a b8f9 | 7f00 00ff 

  0x000001f6619c6c90: ;   {section_word}
  0x000001f6619c6c90: d0f4 49ba | 926c 9c61 | f601 0000 

  0x000001f6619c6c9c: ;   {runtime_call DeoptimizationBlob}
  0x000001f6619c6c9c: 4152 e9fd | d02f 07f4 | f4f4 f4f4 
[/MachCode]


Compiled method (c1) 3958 1607       3       java.lang.invoke.DirectMethodHandle::preparedLambdaForm (6 bytes)
 total in heap  [0x000001f6619ef310,0x000001f6619ef648] = 824
 relocation     [0x000001f6619ef470,0x000001f6619ef4b0] = 64
 main code      [0x000001f6619ef4c0,0x000001f6619ef5a0] = 224
 stub code      [0x000001f6619ef5a0,0x000001f6619ef5e0] = 64
 metadata       [0x000001f6619ef5e0,0x000001f6619ef5e8] = 8
 scopes data    [0x000001f6619ef5e8,0x000001f6619ef600] = 24
 scopes pcs     [0x000001f6619ef600,0x000001f6619ef640] = 64
 dependencies   [0x000001f6619ef640,0x000001f6619ef648] = 8

[Constant Pool (empty)]

[MachCode]
[Verified Entry Point]
  # {method} {0x000001f6000a0dc8} 'preparedLambdaForm' '(Ljava/lang/invoke/MemberName;)Ljava/lang/invoke/LambdaForm;' in 'java/lang/invoke/DirectMethodHandle'
  # parm0:    rdx:rdx   = 'java/lang/invoke/MemberName'
  #           [sp+0x30]  (sp of caller)
  0x000001f6619ef4c0: 8984 2400 | 80ff ff55 | 4883 ec20 | 4181 7f20 | 0100 0000 

  0x000001f6619ef4d4: ;   {runtime_call StubRoutines (final stubs)}
  0x000001f6619ef4d4: 7405 e805 

  0x000001f6619ef4d8: ;   {metadata(method data for {method} {0x000001f6000a0dc8} 'preparedLambdaForm' '(Ljava/lang/invoke/MemberName;)Ljava/lang/invoke/LambdaForm;' in 'java/lang/invoke/DirectMethodHandle')}
  0x000001f6619ef4d8: 952b 0749 | b810 8d39 | 77f6 0100 | 0041 8bb0 | cc00 0000 | 83c6 0241 | 89b0 cc00 | 0000 81e6 
  0x000001f6619ef4f8: fe07 0000 | 85f6 0f84 | 3b00 0000 

  0x000001f6619ef504: ;   {metadata(method data for {method} {0x000001f6000a0dc8} 'preparedLambdaForm' '(Ljava/lang/invoke/MemberName;)Ljava/lang/invoke/LambdaForm;' in 'java/lang/invoke/DirectMethodHandle')}
  0x000001f6619ef504: 49b8 108d | 3977 f601 | 0000 4983 | 8010 0100 | 0001 41b8 | 0000 0000 

  0x000001f6619ef51c: ;   {static_call}
  0x000001f6619ef51c: 6666 90e8 

  0x000001f6619ef520: ; ImmutableOopMap {}
                      ;*invokestatic preparedLambdaForm {reexecute=0 rethrow=0 return_oop=0}
                      ; - java.lang.invoke.DirectMethodHandle::preparedLambdaForm@2
  0x000001f6619ef520: 7c00 0000 

  0x000001f6619ef524: ;   {other}
  0x000001f6619ef524: 0f1f 8400 | 1402 0000 | 4883 c420 

  0x000001f6619ef530: ;   {poll_return}
  0x000001f6619ef530: 5d49 3ba7 | 5004 0000 | 0f87 1f00 

  0x000001f6619ef53c: ;   {metadata({method} {0x000001f6000a0dc8} 'preparedLambdaForm' '(Ljava/lang/invoke/MemberName;)Ljava/lang/invoke/LambdaForm;' in 'java/lang/invoke/DirectMethodHandle')}
  0x000001f6619ef53c: 0000 c349 | bac0 0d0a | 00f6 0100 | 004c 8954 | 2408 48c7 | 0424 ffff 

  0x000001f6619ef554: ;   {runtime_call counter_overflow Runtime1 stub}
  0x000001f6619ef554: ffff e8a5 

  0x000001f6619ef558: ; ImmutableOopMap {rdx=Oop }
                      ;*synchronization entry
                      ; - java.lang.invoke.DirectMethodHandle::preparedLambdaForm@-1
  0x000001f6619ef558: 3f38 07eb 

  0x000001f6619ef55c: ;   {internal_word}
  0x000001f6619ef55c: a749 ba31 | f59e 61f6 | 0100 004d | 8997 6804 

  0x000001f6619ef56c: ;   {runtime_call SafepointBlob}
  0x000001f6619ef56c: 0000 e98d | 552d 0749 | 8b87 0005 | 0000 49c7 | 8700 0500 | 0000 0000 | 0049 c787 | 0805 0000 
  0x000001f6619ef58c: 0000 0000 | 4883 c420 

  0x000001f6619ef594: ;   {runtime_call unwind_exception Runtime1 stub}
  0x000001f6619ef594: 5de9 66cd | 3707 f4f4 | f4f4 f4f4 
[Stub Code]
  0x000001f6619ef5a0: ;   {no_reloc}
  0x000001f6619ef5a0: 48bb 100d | 0a00 f601 

  0x000001f6619ef5a8: ;   {runtime_call I2C/C2I adapters}
  0x000001f6619ef5a8: 0000 e9b8 

  0x000001f6619ef5ac: ;   {runtime_call handle_exception_from_callee Runtime1 stub}
  0x000001f6619ef5ac: 3e2d 07e8 | 4c00 3807 

  0x000001f6619ef5b4: ;   {external_word}
  0x000001f6619ef5b4: 48b9 4053 | b8b8 f97f | 0000 4883 

  0x000001f6619ef5c0: ;   {runtime_call}
  0x000001f6619ef5c0: e4f0 48b8 | b0c3 7ab8 | f97f 0000 

  0x000001f6619ef5cc: ;   {section_word}
  0x000001f6619ef5cc: ffd0 f449 | bacf f59e | 61f6 0100 

  0x000001f6619ef5d8: ;   {runtime_call DeoptimizationBlob}
  0x000001f6619ef5d8: 0041 52e9 | c047 2d07 
[/MachCode]


---------------  P R O C E S S  ---------------

Threads class SMR info:
_java_thread_list=0x000001f67bca6e50, length=12, elements={
0x000001f65e541740, 0x000001f67b0044b0, 0x000001f65e4ee8a0, 0x000001f67b00da30,
0x000001f67b00b2d0, 0x000001f67b00a5b0, 0x000001f67b00cd10, 0x000001f67b017fd0,
0x000001f67b023f00, 0x000001f67b00d3a0, 0x000001f67b00ac40, 0x000001f67b00b960
}

Java Threads: ( => current thread )
=>0x000001f65e541740 JavaThread "main"                              [_thread_in_vm, id=13972, stack(0x0000008673800000,0x0000008673900000) (1024K)]
  0x000001f67b0044b0 JavaThread "Reference Handler"          daemon [_thread_blocked, id=12556, stack(0x0000008673c00000,0x0000008673d00000) (1024K)]
  0x000001f65e4ee8a0 JavaThread "Finalizer"                  daemon [_thread_blocked, id=26852, stack(0x0000008673d00000,0x0000008673e00000) (1024K)]
  0x000001f67b00da30 JavaThread "Signal Dispatcher"          daemon [_thread_blocked, id=20648, stack(0x0000008673e00000,0x0000008673f00000) (1024K)]
  0x000001f67b00b2d0 JavaThread "Attach Listener"            daemon [_thread_blocked, id=18276, stack(0x0000008673f00000,0x0000008674000000) (1024K)]
  0x000001f67b00a5b0 JavaThread "Service Thread"             daemon [_thread_blocked, id=28568, stack(0x0000008674000000,0x0000008674100000) (1024K)]
  0x000001f67b00cd10 JavaThread "Monitor Deflation Thread"   daemon [_thread_blocked, id=17568, stack(0x0000008674100000,0x0000008674200000) (1024K)]
  0x000001f67b017fd0 JavaThread "C2 CompilerThread0"         daemon [_thread_blocked, id=13248, stack(0x0000008674200000,0x0000008674300000) (1024K)]
  0x000001f67b023f00 JavaThread "C1 CompilerThread0"         daemon [_thread_blocked, id=29144, stack(0x0000008674300000,0x0000008674400000) (1024K)]
  0x000001f67b00d3a0 JavaThread "Common-Cleaner"             daemon [_thread_blocked, id=22688, stack(0x0000008674400000,0x0000008674500000) (1024K)]
  0x000001f67b00ac40 JavaThread "Notification Thread"        daemon [_thread_blocked, id=8792, stack(0x0000008674500000,0x0000008674600000) (1024K)]
  0x000001f67b00b960 JavaThread "Active Thread: Equinox Container: 14d48d35-4678-48c0-b003-7cfaf0f5fcfd"        [_thread_blocked, id=13592, stack(0x0000008674600000,0x0000008674700000) (1024K)]
Total: 12

Other Threads:
  0x000001f65e5fe8f0 VMThread "VM Thread"                           [id=21836, stack(0x0000008673b00000,0x0000008673c00000) (1024K)]
  0x000001f65e3cba00 WatcherThread "VM Periodic Task Thread"        [id=18688, stack(0x0000008673a00000,0x0000008673b00000) (1024K)]
  0x000001f65e5609c0 WorkerThread "GC Thread#0"                     [id=19120, stack(0x0000008673900000,0x0000008673a00000) (1024K)]
  0x000001f67b52b2f0 WorkerThread "GC Thread#1"                     [id=18840, stack(0x0000008674700000,0x0000008674800000) (1024K)]
  0x000001f67b52b6a0 WorkerThread "GC Thread#2"                     [id=16540, stack(0x0000008674800000,0x0000008674900000) (1024K)]
  0x000001f67b75eda0 WorkerThread "GC Thread#3"                     [id=9100, stack(0x0000008674900000,0x0000008674a00000) (1024K)]
  0x000001f67b75f150 WorkerThread "GC Thread#4"                     [id=4592, stack(0x0000008674a00000,0x0000008674b00000) (1024K)]
  0x000001f67b75f500 WorkerThread "GC Thread#5"                     [id=16660, stack(0x0000008674b00000,0x0000008674c00000) (1024K)]
  0x000001f67b75f8b0 WorkerThread "GC Thread#6"                     [id=6748, stack(0x0000008674c00000,0x0000008674d00000) (1024K)]
Total: 9

Threads with active compile tasks:
Total: 0

VM state: not at safepoint (normal execution)

VM Mutex/Monitor currently owned by a thread:  ([mutex/lock_event])
[0x00007ff9b8e3c4e0] Metaspace_lock - owner thread: 0x000001f65e541740

Heap address: 0x0000000080000000, size: 2048 MB, Compressed Oops mode: 32-bit

CDS archive(s) mapped at: [0x000001f600000000-0x000001f600ba0000-0x000001f600ba0000), size 12189696, SharedBaseAddress: 0x000001f600000000, ArchiveRelocationMode: 1.
Compressed class space mapped at: 0x000001f601000000-0x000001f641000000, reserved size: 1073741824
Narrow klass base: 0x000001f600000000, Narrow klass shift: 0, Narrow klass range: 0x100000000

GC Precious Log:
 CardTable entry size: 512
 CPUs: 12 total, 12 available
 Memory: 16162M
 Large Page Support: Disabled
 NUMA Support: Disabled
 Compressed Oops: Enabled (32-bit)
 Alignments: Space 512K, Generation 512K, Heap 2M
 Heap Min Capacity: 100M
 Heap Initial Capacity: 100M
 Heap Max Capacity: 2G
 Pre-touch: Disabled
 Parallel Workers: 10

Heap:
 PSYoungGen      total 29696K, used 23045K [0x00000000d5580000, 0x00000000d7680000, 0x0000000100000000)
  eden space 25600K, 77% used [0x00000000d5580000,0x00000000d68c77d8,0x00000000d6e80000)
  from space 4096K, 80% used [0x00000000d6e80000,0x00000000d71b9e98,0x00000000d7280000)
  to   space 4096K, 0% used [0x00000000d7280000,0x00000000d7280000,0x00000000d7680000)
 ParOldGen       total 68608K, used 8K [0x0000000080000000, 0x0000000084300000, 0x00000000d5580000)
  object space 68608K, 0% used [0x0000000080000000,0x0000000080002000,0x0000000084300000)
 Metaspace       used 7447K, committed 7680K, reserved 1114112K
  class space    used 769K, committed 896K, reserved 1048576K

Card table byte_map: [0x000001f65dee0000,0x000001f65e2f0000] _byte_map_base: 0x000001f65dae0000

Marking Bits: (ParMarkBitMap*) 0x00007ff9b8e43450
 Begin Bits: [0x000001f6709f0000, 0x000001f6729f0000)
 End Bits:   [0x000001f6729f0000, 0x000001f6749f0000)

Polling page: 0x000001f65c300000

Metaspace:

Usage:
  Non-class:      6.52 MB used.
      Class:    769.17 KB used.
       Both:      7.27 MB used.

Virtual space:
  Non-class space:       64.00 MB reserved,       6.62 MB ( 10%) committed,  1 nodes.
      Class space:        1.00 GB reserved,     896.00 KB ( <1%) committed,  1 nodes.
             Both:        1.06 GB reserved,       7.50 MB ( <1%) committed. 

Chunk freelists:
   Non-Class:  9.19 MB
       Class:  14.97 MB
        Both:  24.16 MB

MaxMetaspaceSize: unlimited
CompressedClassSpaceSize: 1.00 GB
Initial GC threshold: 21.00 MB
Current GC threshold: 21.00 MB
CDS: on
 - commit_granule_bytes: 65536.
 - commit_granule_words: 8192.
 - virtual_space_node_default_size: 8388608.
 - enlarge_chunks_in_place: 1.
 - use_allocation_guard: 0.


Internal statistics:

num_allocs_failed_limit: 0.
num_arena_births: 218.
num_arena_deaths: 0.
num_vsnodes_births: 2.
num_vsnodes_deaths: 0.
num_space_committed: 120.
num_space_uncommitted: 0.
num_chunks_returned_to_freelist: 0.
num_chunks_taken_from_freelist: 385.
num_chunk_merges: 0.
num_chunk_splits: 249.
num_chunks_enlarged: 162.
num_inconsistent_stats: 0.

CodeHeap 'non-profiled nmethods': size=120000Kb used=739Kb max_used=739Kb free=119260Kb
 bounds [0x000001f669210000, 0x000001f669480000, 0x000001f670740000]
CodeHeap 'profiled nmethods': size=120000Kb used=2958Kb max_used=2958Kb free=117041Kb
 bounds [0x000001f661740000, 0x000001f661a30000, 0x000001f668c70000]
CodeHeap 'non-nmethods': size=5760Kb used=1211Kb max_used=1244Kb free=4548Kb
 bounds [0x000001f668c70000, 0x000001f668ee0000, 0x000001f669210000]
CodeCache: size=245760Kb, used=4908Kb, max_used=4941Kb, free=240849Kb
 total_blobs=2153, nmethods=1675, adapters=385, full_count=0
Compilation: enabled, stopped_count=0, restarted_count=0

Compilation events (20 events):
Event: 3.803 Thread 0x000001f67b023f00 nmethod 1660 0x000001f661a0d390 code [0x000001f661a0d660, 0x000001f661a0e500]
Event: 3.806 Thread 0x000001f67b023f00 1662   !   3       java.lang.invoke.MethodHandle::setVarargs (50 bytes)
Event: 3.808 Thread 0x000001f67b023f00 nmethod 1662 0x000001f661a0e990 code [0x000001f661a0ec60, 0x000001f661a0f830]
Event: 3.808 Thread 0x000001f67b023f00 1663       3       java.lang.invoke.MemberName::isVarargs (23 bytes)
Event: 3.809 Thread 0x000001f67b023f00 nmethod 1663 0x000001f661a0fc90 code [0x000001f661a0fe60, 0x000001f661a101b8]
Event: 3.814 Thread 0x000001f67b023f00 1664       3       sun.security.provider.DigestBase::engineReset (33 bytes)
Event: 3.814 Thread 0x000001f67b023f00 nmethod 1664 0x000001f661a10310 code [0x000001f661a104e0, 0x000001f661a10770]
Event: 3.821 Thread 0x000001f67b023f00 1665       3       sun.security.util.ManifestEntryVerifier::verify (456 bytes)
Event: 3.825 Thread 0x000001f67b023f00 nmethod 1665 0x000001f661a10810 code [0x000001f661a10ca0, 0x000001f661a12ed0]
Event: 3.825 Thread 0x000001f67b023f00 1667   !   3       java.util.jar.JarVerifier::processEntry (437 bytes)
Event: 3.832 Thread 0x000001f67b023f00 nmethod 1667 0x000001f661a13b90 code [0x000001f661a140a0, 0x000001f661a16848]
Event: 3.833 Thread 0x000001f67b023f00 1666       3       java.util.jar.JarVerifier::mapSignersToCertArray (68 bytes)
Event: 3.834 Thread 0x000001f67b023f00 nmethod 1666 0x000001f661a17b10 code [0x000001f661a17d20, 0x000001f661a183a0]
Event: 3.834 Thread 0x000001f67b023f00 1668       3       sun.net.www.protocol.jar.Handler::parseContextSpec (150 bytes)
Event: 3.837 Thread 0x000001f67b017fd0 nmethod 1626 0x000001f6692c3590 code [0x000001f6692c3780, 0x000001f6692c4330]
Event: 3.837 Thread 0x000001f67b017fd0 1657   !   4       lombok.patcher.ScriptManager$OurClassFileTransformer::transform (473 bytes)
Event: 3.839 Thread 0x000001f67b023f00 nmethod 1668 0x000001f661a18690 code [0x000001f661a18b00, 0x000001f661a1a5c0]
Event: 3.839 Thread 0x000001f67b023f00 1669       3       sun.net.www.protocol.jar.Handler::canonicalizeString (72 bytes)
Event: 3.841 Thread 0x000001f67b023f00 nmethod 1669 0x000001f661a1b090 code [0x000001f661a1b380, 0x000001f661a1c158]
Event: 3.848 Thread 0x000001f67b023f00 1672       3       jdk.internal.org.objectweb.asm.Frame::accept (264 bytes)

GC Heap History (2 events):
Event: 2.349 GC heap before
{Heap before GC invocations=1 (full 0):
 PSYoungGen      total 29696K, used 25600K [0x00000000d5580000, 0x00000000d7680000, 0x0000000100000000)
  eden space 25600K, 100% used [0x00000000d5580000,0x00000000d6e80000,0x00000000d6e80000)
  from space 4096K, 0% used [0x00000000d7280000,0x00000000d7280000,0x00000000d7680000)
  to   space 4096K, 0% used [0x00000000d6e80000,0x00000000d6e80000,0x00000000d7280000)
 ParOldGen       total 68608K, used 0K [0x0000000080000000, 0x0000000084300000, 0x00000000d5580000)
  object space 68608K, 0% used [0x0000000080000000,0x0000000080000000,0x0000000084300000)
 Metaspace       used 4330K, committed 4608K, reserved 1114112K
  class space    used 471K, committed 576K, reserved 1048576K
}
Event: 2.366 GC heap after
{Heap after GC invocations=1 (full 0):
 PSYoungGen      total 29696K, used 3303K [0x00000000d5580000, 0x00000000d7680000, 0x0000000100000000)
  eden space 25600K, 0% used [0x00000000d5580000,0x00000000d5580000,0x00000000d6e80000)
  from space 4096K, 80% used [0x00000000d6e80000,0x00000000d71b9e98,0x00000000d7280000)
  to   space 4096K, 0% used [0x00000000d7280000,0x00000000d7280000,0x00000000d7680000)
 ParOldGen       total 68608K, used 8K [0x0000000080000000, 0x0000000084300000, 0x00000000d5580000)
  object space 68608K, 0% used [0x0000000080000000,0x0000000080002000,0x0000000084300000)
 Metaspace       used 4330K, committed 4608K, reserved 1114112K
  class space    used 471K, committed 576K, reserved 1048576K
}

Dll operation events (8 events):
Event: 0.025 Loaded shared library c:\Users\HAIBONWA RIBEGA B\.antigravity\extensions\redhat.java-1.54.0-win32-x64\jre\21.0.10-win32-x86_64\bin\java.dll
Event: 0.168 Loaded shared library c:\Users\HAIBONWA RIBEGA B\.antigravity\extensions\redhat.java-1.54.0-win32-x64\jre\21.0.10-win32-x86_64\bin\zip.dll
Event: 0.219 Loaded shared library C:\Users\HAIBONWA RIBEGA B\.antigravity\extensions\redhat.java-1.54.0-win32-x64\jre\21.0.10-win32-x86_64\bin\instrument.dll
Event: 0.228 Loaded shared library C:\Users\HAIBONWA RIBEGA B\.antigravity\extensions\redhat.java-1.54.0-win32-x64\jre\21.0.10-win32-x86_64\bin\net.dll
Event: 0.231 Loaded shared library C:\Users\HAIBONWA RIBEGA B\.antigravity\extensions\redhat.java-1.54.0-win32-x64\jre\21.0.10-win32-x86_64\bin\nio.dll
Event: 0.237 Loaded shared library C:\Users\HAIBONWA RIBEGA B\.antigravity\extensions\redhat.java-1.54.0-win32-x64\jre\21.0.10-win32-x86_64\bin\zip.dll
Event: 0.266 Loaded shared library C:\Users\HAIBONWA RIBEGA B\.antigravity\extensions\redhat.java-1.54.0-win32-x64\jre\21.0.10-win32-x86_64\bin\jimage.dll
Event: 0.458 Loaded shared library c:\Users\HAIBONWA RIBEGA B\.antigravity\extensions\redhat.java-1.54.0-win32-x64\jre\21.0.10-win32-x86_64\bin\verify.dll

Deoptimization events (20 events):
Event: 3.618 Thread 0x000001f65e541740 Uncommon trap: trap_request=0xffffff45 fr.pc=0x000001f669293a50 relative=0x00000000000000b0
Event: 3.618 Thread 0x000001f65e541740 Uncommon trap: reason=unstable_if action=reinterpret pc=0x000001f669293a50 method=java.util.concurrent.locks.ReentrantLock$NonfairSync.initialTryLock()Z @ 10 c2
Event: 3.618 Thread 0x000001f65e541740 DEOPT PACKING pc=0x000001f669293a50 sp=0x00000086738fe7c0
Event: 3.619 Thread 0x000001f65e541740 DEOPT UNPACKING pc=0x000001f668cc3aa2 sp=0x00000086738fe750 mode 2
Event: 3.620 Thread 0x000001f65e541740 Uncommon trap: trap_request=0xffffff45 fr.pc=0x000001f6692925b4 relative=0x0000000000000094
Event: 3.620 Thread 0x000001f65e541740 Uncommon trap: reason=unstable_if action=reinterpret pc=0x000001f6692925b4 method=java.util.concurrent.locks.ReentrantLock$Sync.tryRelease(I)Z @ 26 c2
Event: 3.620 Thread 0x000001f65e541740 DEOPT PACKING pc=0x000001f6692925b4 sp=0x00000086738fe890
Event: 3.620 Thread 0x000001f65e541740 DEOPT UNPACKING pc=0x000001f668cc3aa2 sp=0x00000086738fe810 mode 2
Event: 3.711 Thread 0x000001f65e541740 Uncommon trap: trap_request=0xffffff45 fr.pc=0x000001f669292260 relative=0x0000000000000040
Event: 3.711 Thread 0x000001f65e541740 Uncommon trap: reason=unstable_if action=reinterpret pc=0x000001f669292260 method=java.util.concurrent.locks.AbstractQueuedSynchronizer.signalNext(Ljava/util/concurrent/locks/AbstractQueuedSynchronizer$Node;)V @ 1 c2
Event: 3.711 Thread 0x000001f65e541740 DEOPT PACKING pc=0x000001f669292260 sp=0x00000086738fe5c0
Event: 3.711 Thread 0x000001f65e541740 DEOPT UNPACKING pc=0x000001f668cc3aa2 sp=0x00000086738fe550 mode 2
Event: 3.807 Thread 0x000001f65e541740 Uncommon trap: trap_request=0xffffffde fr.pc=0x000001f66925bd64 relative=0x0000000000000984
Event: 3.807 Thread 0x000001f65e541740 Uncommon trap: reason=class_check action=maybe_recompile pc=0x000001f66925bd64 method=java.util.HashMap.putVal(ILjava/lang/Object;Ljava/lang/Object;ZZ)Ljava/lang/Object; @ 253 c2
Event: 3.807 Thread 0x000001f65e541740 DEOPT PACKING pc=0x000001f66925bd64 sp=0x00000086738fe190
Event: 3.807 Thread 0x000001f65e541740 DEOPT UNPACKING pc=0x000001f668cc3aa2 sp=0x00000086738fe110 mode 2
Event: 3.811 Thread 0x000001f65e541740 Uncommon trap: trap_request=0xffffffde fr.pc=0x000001f66925bd64 relative=0x0000000000000984
Event: 3.811 Thread 0x000001f65e541740 Uncommon trap: reason=class_check action=maybe_recompile pc=0x000001f66925bd64 method=java.util.HashMap.putVal(ILjava/lang/Object;Ljava/lang/Object;ZZ)Ljava/lang/Object; @ 253 c2
Event: 3.811 Thread 0x000001f65e541740 DEOPT PACKING pc=0x000001f66925bd64 sp=0x00000086738fe190
Event: 3.811 Thread 0x000001f65e541740 DEOPT UNPACKING pc=0x000001f668cc3aa2 sp=0x00000086738fe110 mode 2

Classes loaded (20 events):
Event: 3.705 Loading class java/util/concurrent/ScheduledThreadPoolExecutor$ScheduledFutureTask
Event: 3.705 Loading class java/util/concurrent/FutureTask
Event: 3.706 Loading class java/util/concurrent/FutureTask done
Event: 3.706 Loading class java/util/concurrent/ScheduledThreadPoolExecutor$ScheduledFutureTask done
Event: 3.706 Loading class java/util/concurrent/FutureTask$WaitNode
Event: 3.706 Loading class java/util/concurrent/FutureTask$WaitNode done
Event: 3.707 Loading class java/util/concurrent/Executors$RunnableAdapter
Event: 3.707 Loading class java/util/concurrent/Executors$RunnableAdapter done
Event: 3.707 Loading class java/util/concurrent/ThreadPoolExecutor$Worker
Event: 3.707 Loading class java/util/concurrent/ThreadPoolExecutor$Worker done
Event: 3.749 Loading class java/util/ArrayList$ListItr
Event: 3.749 Loading class java/util/ArrayList$ListItr done
Event: 3.757 Loading class java/net/ContentHandlerFactory
Event: 3.757 Loading class java/net/ContentHandlerFactory done
Event: 3.810 Loading class java/util/ConcurrentModificationException
Event: 3.811 Loading class java/util/ConcurrentModificationException done
Event: 3.843 Loading class java/util/LinkedList
Event: 3.843 Loading class java/util/AbstractSequentialList
Event: 3.844 Loading class java/util/AbstractSequentialList done
Event: 3.844 Loading class java/util/LinkedList done

Classes unloaded (0 events):
No events

Classes redefined (0 events):
No events

Internal exceptions (20 events):
Event: 1.591 Thread 0x000001f65e541740 Exception <a 'java/lang/NoSuchMethodError'{0x00000000d65750b8}: 'java.lang.Object java.lang.invoke.Invokers$Holder.invokeExact_MT(java.lang.Object, java.lang.Object, java.lang.Object, java.lang.Object, java.lang.Object, java.lang.Object)'> (0x00000000d65750b8) 
thrown [s\src\hotspot\share\interpreter\linkResolver.cpp, line 773]
Event: 1.601 Thread 0x000001f65e541740 Exception <a 'java/lang/NoSuchMethodError'{0x00000000d658c190}: 'int java.lang.invoke.DirectMethodHandle$Holder.invokeStatic(java.lang.Object, java.lang.Object, java.lang.Object, java.lang.Object, java.lang.Object)'> (0x00000000d658c190) 
thrown [s\src\hotspot\share\interpreter\linkResolver.cpp, line 773]
Event: 1.669 Thread 0x000001f65e541740 Exception <a 'java/lang/NoSuchMethodError'{0x00000000d6620df8}: 'java.lang.Object java.lang.invoke.DirectMethodHandle$Holder.invokeInterface(java.lang.Object, java.lang.Object, int)'> (0x00000000d6620df8) 
thrown [s\src\hotspot\share\interpreter\linkResolver.cpp, line 773]
Event: 2.021 Thread 0x000001f65e541740 Exception <a 'java/lang/NoSuchMethodError'{0x00000000d6a8a0c8}: 'java.lang.ClassLoader java.lang.ClassLoader.getPlatformClassLoader(java.lang.Class)'> (0x00000000d6a8a0c8) 
thrown [s\src\hotspot\share\interpreter\linkResolver.cpp, line 773]
Event: 2.386 Thread 0x000001f65e541740 Exception <a 'java/lang/ClassNotFoundException'{0x00000000d55a6178}: sun/net/www/protocol/c/Handler> (0x00000000d55a6178) 
thrown [s\src\hotspot\share\classfile\systemDictionary.cpp, line 312]
Event: 2.415 Thread 0x000001f65e541740 Exception <a 'java/lang/ClassNotFoundException'{0x00000000d55a7510}: sun/net/www/protocol/e/Handler> (0x00000000d55a7510) 
thrown [s\src\hotspot\share\classfile\systemDictionary.cpp, line 312]
Event: 2.415 Thread 0x000001f65e541740 Exception <a 'java/lang/ClassNotFoundException'{0x00000000d55a86a8}: sun/net/www/protocol/c/Handler> (0x00000000d55a86a8) 
thrown [s\src\hotspot\share\classfile\systemDictionary.cpp, line 312]
Event: 2.481 Thread 0x000001f65e541740 Exception <a 'java/io/FileNotFoundException'{0x00000000d55d1ff0}> (0x00000000d55d1ff0) 
thrown [s\src\hotspot\share\prims\jni.cpp, line 520]
Event: 2.684 Thread 0x000001f65e541740 Implicit null exception at 0x000001f669272866 to 0x000001f669272912
Event: 2.684 Thread 0x000001f65e541740 Implicit null exception at 0x000001f66927fb1a to 0x000001f66927fd3c
Event: 2.686 Thread 0x000001f65e541740 Exception <a 'java/lang/NoSuchMethodError'{0x00000000d5744a68}: 'void java.lang.invoke.DirectMethodHandle$Holder.invokeStatic(java.lang.Object, java.lang.Object, java.lang.Object, java.lang.Object)'> (0x00000000d5744a68) 
thrown [s\src\hotspot\share\interpreter\linkResolver.cpp, line 773]
Event: 2.688 Thread 0x000001f65e541740 Implicit null exception at 0x000001f669278c1a to 0x000001f669278e3c
Event: 2.689 Thread 0x000001f65e541740 Implicit null exception at 0x000001f6692753c0 to 0x000001f669275445
Event: 2.912 Thread 0x000001f65e541740 Exception <a 'java/lang/NoSuchMethodError'{0x00000000d59cc4b8}: 'void java.lang.invoke.DirectMethodHandle$Holder.invokeSpecial(java.lang.Object, java.lang.Object, java.lang.Object)'> (0x00000000d59cc4b8) 
thrown [s\src\hotspot\share\interpreter\linkResolver.cpp, line 773]
Event: 3.509 Thread 0x000001f65e541740 Exception <a 'java/lang/NoSuchMethodError'{0x00000000d63053f8}: 'int java.lang.invoke.DirectMethodHandle$Holder.invokeVirtual(java.lang.Object, java.lang.Object)'> (0x00000000d63053f8) 
thrown [s\src\hotspot\share\interpreter\linkResolver.cpp, line 773]
Event: 3.665 Thread 0x000001f65e541740 Exception <a 'java/lang/NoSuchMethodError'{0x00000000d647b060}: 'int java.lang.invoke.DirectMethodHandle$Holder.invokeStaticInit(java.lang.Object, java.lang.Object, java.lang.Object, java.lang.Object)'> (0x00000000d647b060) 
thrown [s\src\hotspot\share\interpreter\linkResolver.cpp, line 773]
Event: 3.670 Thread 0x000001f65e541740 Exception <a 'java/lang/IncompatibleClassChangeError'{0x00000000d6483468}: Found class java.lang.Object, but interface was expected> (0x00000000d6483468) 
thrown [s\src\hotspot\share\interpreter\linkResolver.cpp, line 840]
Event: 3.671 Thread 0x000001f65e541740 Exception <a 'java/lang/NoSuchMethodError'{0x00000000d64899f8}: 'void java.lang.invoke.DirectMethodHandle$Holder.invokeStaticInit(java.lang.Object, java.lang.Object)'> (0x00000000d64899f8) 
thrown [s\src\hotspot\share\interpreter\linkResolver.cpp, line 773]
Event: 3.674 Thread 0x000001f65e541740 Exception <a 'java/lang/NoSuchMethodError'{0x00000000d6492d10}: 'int java.lang.invoke.DirectMethodHandle$Holder.invokeStaticInit(java.lang.Object, java.lang.Object)'> (0x00000000d6492d10) 
thrown [s\src\hotspot\share\interpreter\linkResolver.cpp, line 773]
Event: 3.778 Thread 0x000001f65e541740 Exception <a 'java/lang/NoSuchMethodError'{0x00000000d66defe8}: 'java.lang.Object java.lang.invoke.DirectMethodHandle$Holder.newInvokeSpecial(java.lang.Object, int, java.lang.Object)'> (0x00000000d66defe8) 
thrown [s\src\hotspot\share\interpreter\linkResolver.cpp, line 773]

ZGC Phase Switch (0 events):
No events

VM Operations (20 events):
Event: 0.165 Executing non-safepoint VM operation: HandshakeAllThreads (Deoptimize)
Event: 0.165 Executing non-safepoint VM operation: HandshakeAllThreads (Deoptimize) done
Event: 0.287 Executing non-safepoint VM operation: HandshakeAllThreads (Deoptimize)
Event: 0.287 Executing non-safepoint VM operation: HandshakeAllThreads (Deoptimize) done
Event: 1.302 Executing safepoint VM operation: Cleanup
Event: 1.318 Executing safepoint VM operation: Cleanup done
Event: 1.371 Executing non-safepoint VM operation: HandshakeAllThreads (Deoptimize)
Event: 1.371 Executing non-safepoint VM operation: HandshakeAllThreads (Deoptimize) done
Event: 1.429 Executing non-safepoint VM operation: HandshakeAllThreads (Deoptimize)
Event: 1.429 Executing non-safepoint VM operation: HandshakeAllThreads (Deoptimize) done
Event: 2.349 Executing safepoint VM operation: ParallelGCFailedAllocation (Allocation Failure)
Event: 2.366 Executing safepoint VM operation: ParallelGCFailedAllocation (Allocation Failure) done
Event: 3.369 Executing safepoint VM operation: Cleanup
Event: 3.369 Executing safepoint VM operation: Cleanup done
Event: 3.731 Executing non-safepoint VM operation: HandshakeAllThreads (Deoptimize)
Event: 3.731 Executing non-safepoint VM operation: HandshakeAllThreads (Deoptimize) done
Event: 3.750 Executing non-safepoint VM operation: HandshakeAllThreads (Deoptimize)
Event: 3.750 Executing non-safepoint VM operation: HandshakeAllThreads (Deoptimize) done
Event: 3.845 Executing non-safepoint VM operation: HandshakeAllThreads (Deoptimize)
Event: 3.845 Executing non-safepoint VM operation: HandshakeAllThreads (Deoptimize) done

Memory protections (0 events):
No events

Nmethod flushes (0 events):
No events

Events (20 events):
Event: 0.083 Thread 0x000001f65e541740 Thread added: 0x000001f67b00b2d0
Event: 0.083 Thread 0x000001f65e541740 Thread added: 0x000001f67b00a5b0
Event: 0.083 Thread 0x000001f65e541740 Thread added: 0x000001f67b00cd10
Event: 0.084 Thread 0x000001f65e541740 Thread added: 0x000001f67b017fd0
Event: 0.084 Thread 0x000001f65e541740 Thread added: 0x000001f67b023f00
Event: 0.223 Thread 0x000001f65e541740 Thread added: 0x000001f67b00d3a0
Event: 0.402 Thread 0x000001f67b023f00 Thread added: 0x000001f67b2693b0
Event: 0.624 Thread 0x000001f67b2693b0 Thread exited: 0x000001f67b2693b0
Event: 0.730 Thread 0x000001f65e541740 Thread added: 0x000001f67b00ac40
Event: 0.738 Thread 0x000001f67b023f00 Thread added: 0x000001f67b38bc30
Event: 1.089 Thread 0x000001f67b023f00 Thread added: 0x000001f67b539f60
Event: 1.739 Thread 0x000001f67b539f60 Thread exited: 0x000001f67b539f60
Event: 1.750 Thread 0x000001f67b38bc30 Thread exited: 0x000001f67b38bc30
Event: 1.944 Thread 0x000001f67b023f00 Thread added: 0x000001f67b8e40e0
Event: 2.387 Thread 0x000001f67b8e40e0 Thread exited: 0x000001f67b8e40e0
Event: 3.056 Thread 0x000001f67b023f00 Thread added: 0x000001f67bc46550
Event: 3.076 Thread 0x000001f67b023f00 Thread added: 0x000001f67bc22650
Event: 3.645 Thread 0x000001f67bc22650 Thread exited: 0x000001f67bc22650
Event: 3.658 Thread 0x000001f67bc46550 Thread exited: 0x000001f67bc46550
Event: 3.708 Thread 0x000001f65e541740 Thread added: 0x000001f67b00b960


Dynamic libraries:
0x00007ff667960000 - 0x00007ff66796e000 	c:\Users\HAIBONWA RIBEGA B\.antigravity\extensions\redhat.java-1.54.0-win32-x64\jre\21.0.10-win32-x86_64\bin\java.exe
0x00007ffaa7d80000 - 0x00007ffaa7fe7000 	C:\WINDOWS\SYSTEM32\ntdll.dll
0x00007ffaa72b0000 - 0x00007ffaa7379000 	C:\WINDOWS\System32\KERNEL32.DLL
0x00007ffaa47b0000 - 0x00007ffaa4ba7000 	C:\WINDOWS\System32\KERNELBASE.dll
0x00007ffaa4fc0000 - 0x00007ffaa510b000 	C:\WINDOWS\System32\ucrtbase.dll
0x00007ffa58e20000 - 0x00007ffa58e38000 	c:\Users\HAIBONWA RIBEGA B\.antigravity\extensions\redhat.java-1.54.0-win32-x64\jre\21.0.10-win32-x86_64\bin\jli.dll
0x00007ffa56540000 - 0x00007ffa5655e000 	c:\Users\HAIBONWA RIBEGA B\.antigravity\extensions\redhat.java-1.54.0-win32-x64\jre\21.0.10-win32-x86_64\bin\VCRUNTIME140.dll
0x00007ffaa6160000 - 0x00007ffaa6326000 	C:\WINDOWS\System32\USER32.dll
0x00007ffaa4dd0000 - 0x00007ffaa4df7000 	C:\WINDOWS\System32\win32u.dll
0x00007ffa84b90000 - 0x00007ffa84e22000 	C:\WINDOWS\WinSxS\amd64_microsoft.windows.common-controls_6595b64144ccf1df_6.0.26100.8328_none_3e08182ce334b678\COMCTL32.dll
0x00007ffaa7380000 - 0x00007ffaa73ab000 	C:\WINDOWS\System32\GDI32.dll
0x00007ffaa7500000 - 0x00007ffaa75a9000 	C:\WINDOWS\System32\msvcrt.dll
0x00007ffaa4e00000 - 0x00007ffaa4f2c000 	C:\WINDOWS\System32\gdi32full.dll
0x00007ffaa4d20000 - 0x00007ffaa4dc3000 	C:\WINDOWS\System32\msvcp_win.dll
0x00007ffaa6af0000 - 0x00007ffaa6b22000 	C:\WINDOWS\System32\IMM32.DLL
0x00007ffa757d0000 - 0x00007ffa757dc000 	c:\Users\HAIBONWA RIBEGA B\.antigravity\extensions\redhat.java-1.54.0-win32-x64\jre\21.0.10-win32-x86_64\bin\vcruntime140_1.dll
0x00007ff9ff640000 - 0x00007ff9ff6cd000 	c:\Users\HAIBONWA RIBEGA B\.antigravity\extensions\redhat.java-1.54.0-win32-x64\jre\21.0.10-win32-x86_64\bin\msvcp140.dll
0x00007ff9b8180000 - 0x00007ff9b8f21000 	c:\Users\HAIBONWA RIBEGA B\.antigravity\extensions\redhat.java-1.54.0-win32-x64\jre\21.0.10-win32-x86_64\bin\server\jvm.dll
0x00007ffaa6570000 - 0x00007ffaa6626000 	C:\WINDOWS\System32\ADVAPI32.dll
0x00007ffaa6ec0000 - 0x00007ffaa6f67000 	C:\WINDOWS\System32\sechost.dll
0x00007ffaa6ff0000 - 0x00007ffaa7108000 	C:\WINDOWS\System32\RPCRT4.dll
0x00007ffaa7470000 - 0x00007ffaa74f0000 	C:\WINDOWS\System32\WS2_32.dll
0x00007ffaa4610000 - 0x00007ffaa466e000 	C:\WINDOWS\SYSTEM32\POWRPROF.dll
0x00007ffa9a430000 - 0x00007ffa9a43b000 	C:\WINDOWS\SYSTEM32\VERSION.dll
0x00007ffa90d70000 - 0x00007ffa90da6000 	C:\WINDOWS\SYSTEM32\WINMM.dll
0x00007ffaa45f0000 - 0x00007ffaa4604000 	C:\WINDOWS\SYSTEM32\UMPDC.dll
0x00007ffaa3540000 - 0x00007ffaa355b000 	C:\WINDOWS\SYSTEM32\kernel.appcore.dll
0x00007ffa73ec0000 - 0x00007ffa73eca000 	c:\Users\HAIBONWA RIBEGA B\.antigravity\extensions\redhat.java-1.54.0-win32-x64\jre\21.0.10-win32-x86_64\bin\jimage.dll
0x00007ffa9f6d0000 - 0x00007ffa9f912000 	C:\WINDOWS\SYSTEM32\DBGHELP.DLL
0x00007ffaa6b30000 - 0x00007ffaa6eb3000 	C:\WINDOWS\System32\combase.dll
0x00007ffaa6a10000 - 0x00007ffaa6ae9000 	C:\WINDOWS\System32\OLEAUT32.dll
0x00007ffa830a0000 - 0x00007ffa830db000 	C:\WINDOWS\SYSTEM32\dbgcore.DLL
0x00007ffaa4c70000 - 0x00007ffaa4d18000 	C:\WINDOWS\System32\bcryptPrimitives.dll
0x00007ffa71100000 - 0x00007ffa7110f000 	c:\Users\HAIBONWA RIBEGA B\.antigravity\extensions\redhat.java-1.54.0-win32-x64\jre\21.0.10-win32-x86_64\bin\instrument.dll
0x00007ffa55c80000 - 0x00007ffa55ca0000 	c:\Users\HAIBONWA RIBEGA B\.antigravity\extensions\redhat.java-1.54.0-win32-x64\jre\21.0.10-win32-x86_64\bin\java.dll
0x00007ffaa75c0000 - 0x00007ffaa7d2e000 	C:\WINDOWS\System32\SHELL32.dll
0x00007ffaa5290000 - 0x00007ffaa5afc000 	C:\WINDOWS\System32\windows.storage.dll
0x00007ffaa5b00000 - 0x00007ffaa5bf6000 	C:\WINDOWS\System32\SHCORE.dll
0x00007ffaa60c0000 - 0x00007ffaa6126000 	C:\WINDOWS\System32\shlwapi.dll
0x00007ffaa46d0000 - 0x00007ffaa46f9000 	C:\WINDOWS\SYSTEM32\profapi.dll
0x00007ffa55c60000 - 0x00007ffa55c78000 	c:\Users\HAIBONWA RIBEGA B\.antigravity\extensions\redhat.java-1.54.0-win32-x64\jre\21.0.10-win32-x86_64\bin\zip.dll
0x00007ffa58ff0000 - 0x00007ffa59000000 	C:\Users\HAIBONWA RIBEGA B\.antigravity\extensions\redhat.java-1.54.0-win32-x64\jre\21.0.10-win32-x86_64\bin\net.dll
0x00007ffa99920000 - 0x00007ffa99a49000 	C:\WINDOWS\SYSTEM32\WINHTTP.dll
0x00007ffaa3ab0000 - 0x00007ffaa3b1c000 	C:\WINDOWS\system32\mswsock.dll
0x00007ffa12220000 - 0x00007ffa12236000 	C:\Users\HAIBONWA RIBEGA B\.antigravity\extensions\redhat.java-1.54.0-win32-x64\jre\21.0.10-win32-x86_64\bin\nio.dll
0x00007ffa55640000 - 0x00007ffa55650000 	c:\Users\HAIBONWA RIBEGA B\.antigravity\extensions\redhat.java-1.54.0-win32-x64\jre\21.0.10-win32-x86_64\bin\verify.dll

JVMTI agents:
c:\Users\HAIBONWA RIBEGA B\.antigravity\extensions\redhat.java-1.54.0-win32-x64\lombok\lombok-1.18.39-4050.jar path:c:\Users\HAIBONWA RIBEGA B\.antigravity\extensions\redhat.java-1.54.0-win32-x64\jre\21.0.10-win32-x86_64\bin\instrument.dll, loaded, initialized, instrumentlib options:none

dbghelp: loaded successfully - version: 4.0.5 - missing functions: none
symbol engine: initialized successfully - sym options: 0x614 - pdb path: .;c:\Users\HAIBONWA RIBEGA B\.antigravity\extensions\redhat.java-1.54.0-win32-x64\jre\21.0.10-win32-x86_64\bin;C:\WINDOWS\SYSTEM32;C:\WINDOWS\WinSxS\amd64_microsoft.windows.common-controls_6595b64144ccf1df_6.0.26100.8328_none_3e08182ce334b678;c:\Users\HAIBONWA RIBEGA B\.antigravity\extensions\redhat.java-1.54.0-win32-x64\jre\21.0.10-win32-x86_64\bin\server

VM Arguments:
jvm_args: --add-modules=ALL-SYSTEM --add-opens=java.base/java.util=ALL-UNNAMED --add-opens=java.base/java.lang=ALL-UNNAMED --add-opens=java.base/sun.nio.fs=ALL-UNNAMED -Declipse.application=org.eclipse.jdt.ls.core.id1 -Dosgi.bundles.defaultStartLevel=4 -Declipse.product=org.eclipse.jdt.ls.core.product -Djava.import.generatesMetadataFilesAtProjectRoot=false -DDetectVMInstallationsJob.disabled=true -Dfile.encoding=utf8 -XX:+UseParallelGC -XX:GCTimeRatio=4 -XX:AdaptiveSizePolicyWeight=90 -Dsun.zip.disableMemoryMapping=true -Xmx2G -Xms100m -Xlog:disable -javaagent:c:\Users\HAIBONWA RIBEGA B\.antigravity\extensions\redhat.java-1.54.0-win32-x64\lombok\lombok-1.18.39-4050.jar 
java_command: c:\Users\HAIBONWA RIBEGA B\.antigravity\extensions\redhat.java-1.54.0-win32-x64\server\plugins\org.eclipse.equinox.launcher_1.7.100.v20251111-0406.jar -configuration c:\Users\HAIBONWA RIBEGA B\AppData\Roaming\Antigravity\User\globalStorage\redhat.java\1.54.0\config_ss_win -data c:\Users\HAIBONWA RIBEGA B\AppData\Roaming\Antigravity\User\workspaceStorage\8da1ae3c5b91b9b00c9466e4521aff6a\redhat.java\ss_ws --pipe=\\.\pipe\lsp-0c6dc860676da24e61428a5a097ab8cb-sock
java_class_path (initial): c:\Users\HAIBONWA RIBEGA B\.antigravity\extensions\redhat.java-1.54.0-win32-x64\server\plugins\org.eclipse.equinox.launcher_1.7.100.v20251111-0406.jar
Launcher Type: SUN_STANDARD

[Global flags]
    uintx AdaptiveSizePolicyWeight                 = 90                                        {product} {command line}
     intx CICompilerCount                          = 4                                         {product} {ergonomic}
    uintx GCTimeRatio                              = 4                                         {product} {command line}
   size_t InitialHeapSize                          = 104857600                                 {product} {command line}
   size_t MaxHeapSize                              = 2147483648                                {product} {command line}
   size_t MaxNewSize                               = 715653120                                 {product} {ergonomic}
   size_t MinHeapDeltaBytes                        = 524288                                    {product} {ergonomic}
   size_t MinHeapSize                              = 104857600                                 {product} {command line}
   size_t NewSize                                  = 34603008                                  {product} {ergonomic}
    uintx NonNMethodCodeHeapSize                   = 5839372                                {pd product} {ergonomic}
    uintx NonProfiledCodeHeapSize                  = 122909434                              {pd product} {ergonomic}
   size_t OldSize                                  = 70254592                                  {product} {ergonomic}
    uintx ProfiledCodeHeapSize                     = 122909434                              {pd product} {ergonomic}
    uintx ReservedCodeCacheSize                    = 251658240                              {pd product} {ergonomic}
     bool SegmentedCodeCache                       = true                                      {product} {ergonomic}
   size_t SoftMaxHeapSize                          = 2147483648                             {manageable} {ergonomic}
     bool UseCompressedOops                        = true                           {product lp64_product} {ergonomic}
     bool UseLargePagesIndividualAllocation        = false                                  {pd product} {ergonomic}
     bool UseParallelGC                            = true                                      {product} {command line}

Logging:
Log output configuration:
 #0: stdout all=off uptime,level,tags foldmultilines=false
 #1: stderr all=off uptime,level,tags foldmultilines=false

Release file:
JAVA_VERSION="21.0.10" 
MODULES="java.base java.compiler java.datatransfer java.xml java.prefs java.desktop java.instrument java.logging java.management java.security.sasl java.naming java.rmi java.management.rmi java.net.http java.scripting java.security.jgss java.transaction.xa java.sql java.sql.rowset java.xml.crypto java.se java.smartcardio jdk.accessibility jdk.internal.jvmstat jdk.attach jdk.charsets jdk.internal.opt jdk.zipfs jdk.compiler jdk.crypto.ec jdk.crypto.cryptoki jdk.crypto.mscapi jdk.dynalink jdk.internal.ed jdk.editpad jdk.hotspot.agent jdk.httpserver jdk.internal.le jdk.internal.vm.ci jdk.internal.vm.compiler jdk.internal.vm.compiler.management jdk.jartool jdk.javadoc jdk.jcmd jdk.management jdk.management.agent jdk.jconsole jdk.jdeps jdk.jdwp.agent jdk.jdi jdk.jfr jdk.jshell jdk.jsobject jdk.jstatd jdk.localedata jdk.management.jfr jdk.naming.dns jdk.naming.rmi jdk.net jdk.nio.mapmode jdk.random jdk.sctp jdk.security.auth jdk.security.jgss jdk.unsupported jdk.unsupported.desktop jdk.xml.dom" 

Environment Variables:
PATH=C:\Program Files (x86)\NVIDIA Corporation\PhysX\Common;C:\Program Files\Common Files\Oracle\Java\javapath;C:\Program Files (x86)\Common Files\Oracle\Java\java8path;C:\Program Files (x86)\Common Files\Oracle\Java\javapath;C:\Users\HAIBONWA RIBEGA B\AppData\Local\Microsoft\WindowsApps;C:\Users\HAIBONWA RIBEGA B\AppData\Local\Programs\Microsoft VS Code\bin;E:\flutter\bin;C:\Windows\System32\WindowsPowerShell\v1.0;C:\Windows;C:\Windows\System32\Wbem;C:\Program Files\dotnet\;C:\WINDOWS\system32;C:\WINDOWS;C:\WINDOWS\System32\Wbem;C:\WINDOWS\System32\WindowsPowerShell\v1.0\;C:\WINDOWS\System32\OpenSSH\;C:\Program Files\Git\cmd;C:\Program Files (x86)\ZeroTier\One\;C:\Users\HAIBONWA RIBEGA B\AppData\Local\Microsoft\WindowsApps;E:\flutter\bin;C:\Program Files\Git\bin;C:\Windows\System32\WindowsPowerShell\v1.0;C:\Program Files\Git\cmd;C:\Windows\System32\Wbem;C:\Windows\System32;C:\Windows;C:\Users\HAIBONWA RIBEGA B\.dotnet\tools;C:\Users\HAIBONWA RIBEGA B\AppData\Local\Programs\Antigravity\bin;C:\Program Files\Java\jdk-25;E:\Programs\Microsoft VS Code\bin;C:\xampp\php;
USERNAME=HAIBONWA RIBEGA B
OS=Windows_NT
PROCESSOR_IDENTIFIER=Intel64 Family 6 Model 158 Stepping 13, GenuineIntel
TMP=C:\Users\HAIBON~1\AppData\Local\Temp
TEMP=C:\Users\HAIBON~1\AppData\Local\Temp




Periodic native trim disabled

---------------  S Y S T E M  ---------------

OS:
 Windows 11 , 64 bit Build 26100 (10.0.26100.8328)
OS uptime: 0 days 10:46 hours
Hyper-V role detected

CPU: total 12 (initial active 12) (6 cores per cpu, 2 threads per core) family 6 model 158 stepping 13 microcode 0xde, cx8, cmov, fxsr, ht, mmx, 3dnowpref, sse, sse2, sse3, ssse3, sse4.1, sse4.2, popcnt, lzcnt, tsc, tscinvbit, avx, avx2, aes, erms, clmul, bmi1, bmi2, adx, fma, vzeroupper, clflush, clflushopt, hv, rdtscp, f16c
Processor Information for the first 12 processors :
  Max Mhz: 2592, Current Mhz: 2592, Mhz Limit: 2592

Memory: 4k page, system-wide physical 16162M (2221M free)
TotalPageFile size 23030M (AvailPageFile size 8M)
current process WorkingSet (physical memory assigned to process): 90M, peak: 91M
current process commit charge ("private bytes"): 246M, peak: 248M

vm_info: OpenJDK 64-Bit Server VM (21.0.10+7-LTS) for windows-amd64 JRE (21.0.10+7-LTS), built on 2026-01-20T00:00:00Z by "admin" with MS VC++ 17.12 (VS2022)

END.
