#
# There is insufficient memory for the Java Runtime Environment to continue.
# Native memory allocation (malloc) failed to allocate 340336 bytes. Error detail: Chunk::new
# Possible reasons:
#   The system is out of physical RAM or swap space
#   This process is running with CompressedOops enabled, and the Java Heap may be blocking the growth of the native heap
# Possible solutions:
#   Reduce memory load on the system
#   Increase physical memory or swap space
#   Check if swap backing store is full
#   Decrease Java heap size (-Xmx/-Xms)
#   Decrease number of Java threads
#   Decrease Java thread stack sizes (-Xss)
#   Set larger code cache with -XX:ReservedCodeCacheSize=
#   JVM is running with Unscaled Compressed Oops mode in which the Java heap is
#     placed in the first 4GB address space. The Java Heap base address is the
#     maximum limit for the native heap growth. Please use -XX:HeapBaseMinAddress
#     to set the Java Heap base and to place the Java Heap above 4GB virtual address.
# This output file may be truncated or incomplete.
#
#  Out of Memory Error (arena.cpp:168), pid=3012, tid=20340
#
# JRE version: OpenJDK Runtime Environment Temurin-21.0.10+7 (21.0.10+7) (build 21.0.10+7-LTS)
# Java VM: OpenJDK 64-Bit Server VM Temurin-21.0.10+7 (21.0.10+7-LTS, mixed mode, sharing, tiered, compressed oops, compressed class ptrs, parallel gc, windows-amd64)
# No core dump will be written. Minidumps are not enabled by default on client versions of Windows
#

---------------  S U M M A R Y ------------

Command Line: --add-modules=ALL-SYSTEM --add-opens=java.base/java.util=ALL-UNNAMED --add-opens=java.base/java.lang=ALL-UNNAMED --add-opens=java.base/sun.nio.fs=ALL-UNNAMED -Declipse.application=org.eclipse.jdt.ls.core.id1 -Dosgi.bundles.defaultStartLevel=4 -Declipse.product=org.eclipse.jdt.ls.core.product -Djava.import.generatesMetadataFilesAtProjectRoot=false -DDetectVMInstallationsJob.disabled=true -Dfile.encoding=utf8 -XX:+UseParallelGC -XX:GCTimeRatio=4 -XX:AdaptiveSizePolicyWeight=90 -Dsun.zip.disableMemoryMapping=true -Xmx2G -Xms100m -Xlog:disable -javaagent:c:\Users\HAIBONWA RIBEGA B\.antigravity\extensions\redhat.java-1.54.0-win32-x64\lombok\lombok-1.18.39-4050.jar c:\Users\HAIBONWA RIBEGA B\.antigravity\extensions\redhat.java-1.54.0-win32-x64\server\plugins\org.eclipse.equinox.launcher_1.7.100.v20251111-0406.jar -configuration c:\Users\HAIBONWA RIBEGA B\AppData\Roaming\Antigravity\User\globalStorage\redhat.java\1.54.0\config_ss_win -data c:\Users\HAIBONWA RIBEGA B\AppData\Roaming\Antigravity\User\workspaceStorage\8da1ae3c5b91b9b00c9466e4521aff6a\redhat.java\ss_ws --pipe=\\.\pipe\lsp-2e4c0b9373df1ca16cc6bd5aa92e584e-sock

Host: Intel(R) Core(TM) i7-9850H CPU @ 2.60GHz, 12 cores, 15G,  Windows 11 , 64 bit Build 26100 (10.0.26100.8328)
Time: Tue May 12 16:47:14 2026 Afr. centrale Ouest elapsed time: 3.672602 seconds (0d 0h 0m 3s)

---------------  T H R E A D  ---------------

Current thread (0x0000024cf6e6deb0):  JavaThread "C2 CompilerThread1" daemon [_thread_in_native, id=20340, stack(0x0000007498200000,0x0000007498300000) (1024K)]


Current CompileTask:
C2:3672 1782       4       java.io.WinNTFileSystem::normalize (143 bytes)

Stack: [0x0000007498200000,0x0000007498300000]
Native frames: (J=compiled Java code, j=interpreted, Vv=VM code, C=native code)
V  [jvm.dll+0x6d7a39]
V  [jvm.dll+0x8b4b26]
V  [jvm.dll+0x8b70de]
V  [jvm.dll+0x8b77c3]
V  [jvm.dll+0x284346]
V  [jvm.dll+0xc66ed]
V  [jvm.dll+0xc6c31]
V  [jvm.dll+0x3bec01]
V  [jvm.dll+0x38b162]
V  [jvm.dll+0x38a5aa]
V  [jvm.dll+0x24c560]
V  [jvm.dll+0x24bb40]
V  [jvm.dll+0x1cb34e]
V  [jvm.dll+0x25b85d]
V  [jvm.dll+0x259dea]
V  [jvm.dll+0x3f857e]
V  [jvm.dll+0x85f59d]
V  [jvm.dll+0x6d626d]
C  [ucrtbase.dll+0x37b0]
C  [KERNEL32.DLL+0x2e957]
C  [ntdll.dll+0x427c]


---------------  P R O C E S S  ---------------

Threads class SMR info:
_java_thread_list=0x0000024cfba7f400, length=13, elements={
0x0000024cdbd98bf0, 0x0000024cf6a844b0, 0x0000024cf6a88a00, 0x0000024cf6a8a6d0,
0x0000024cf6a8b130, 0x0000024cf6a8bb90, 0x0000024cf6a8c5f0, 0x0000024cf6a8e1f0,
0x0000024cf6a9e450, 0x0000024cf6c6cb70, 0x0000024cf6e1f2f0, 0x0000024cf6e6deb0,
0x0000024cfb6632a0
}

Java Threads: ( => current thread )
  0x0000024cdbd98bf0 JavaThread "main"                              [_thread_in_Java, id=22008, stack(0x0000007497400000,0x0000007497500000) (1024K)]
  0x0000024cf6a844b0 JavaThread "Reference Handler"          daemon [_thread_blocked, id=5832, stack(0x0000007497800000,0x0000007497900000) (1024K)]
  0x0000024cf6a88a00 JavaThread "Finalizer"                  daemon [_thread_blocked, id=6616, stack(0x0000007497900000,0x0000007497a00000) (1024K)]
  0x0000024cf6a8a6d0 JavaThread "Signal Dispatcher"          daemon [_thread_blocked, id=26872, stack(0x0000007497a00000,0x0000007497b00000) (1024K)]
  0x0000024cf6a8b130 JavaThread "Attach Listener"            daemon [_thread_blocked, id=6148, stack(0x0000007497b00000,0x0000007497c00000) (1024K)]
  0x0000024cf6a8bb90 JavaThread "Service Thread"             daemon [_thread_blocked, id=29260, stack(0x0000007497c00000,0x0000007497d00000) (1024K)]
  0x0000024cf6a8c5f0 JavaThread "Monitor Deflation Thread"   daemon [_thread_blocked, id=28628, stack(0x0000007497d00000,0x0000007497e00000) (1024K)]
  0x0000024cf6a8e1f0 JavaThread "C2 CompilerThread0"         daemon [_thread_in_native, id=27252, stack(0x0000007497e00000,0x0000007497f00000) (1024K)]
  0x0000024cf6a9e450 JavaThread "C1 CompilerThread0"         daemon [_thread_blocked, id=22660, stack(0x0000007497f00000,0x0000007498000000) (1024K)]
  0x0000024cf6c6cb70 JavaThread "Common-Cleaner"             daemon [_thread_blocked, id=2724, stack(0x0000007498100000,0x0000007498200000) (1024K)]
  0x0000024cf6e1f2f0 JavaThread "Notification Thread"        daemon [_thread_blocked, id=6832, stack(0x0000007498000000,0x0000007498100000) (1024K)]
=>0x0000024cf6e6deb0 JavaThread "C2 CompilerThread1"         daemon [_thread_in_native, id=20340, stack(0x0000007498200000,0x0000007498300000) (1024K)]
  0x0000024cfb6632a0 JavaThread "Active Thread: Equinox Container: a44b23e8-42cf-4a1e-963c-a9c4358586bf"        [_thread_blocked, id=23968, stack(0x0000007498300000,0x0000007498400000) (1024K)]
Total: 13

Other Threads:
  0x0000024cde29e8a0 VMThread "VM Thread"                           [id=5896, stack(0x0000007497700000,0x0000007497800000) (1024K)]
  0x0000024cde06ba00 WatcherThread "VM Periodic Task Thread"        [id=28312, stack(0x0000007497600000,0x0000007497700000) (1024K)]
  0x0000024cde1fe250 WorkerThread "GC Thread#0"                     [id=29572, stack(0x0000007497500000,0x0000007497600000) (1024K)]
  0x0000024cfb748670 WorkerThread "GC Thread#1"                     [id=19172, stack(0x0000007498400000,0x0000007498500000) (1024K)]
  0x0000024cfb301a00 WorkerThread "GC Thread#2"                     [id=20328, stack(0x0000007498500000,0x0000007498600000) (1024K)]
  0x0000024cfb301db0 WorkerThread "GC Thread#3"                     [id=4440, stack(0x0000007498600000,0x0000007498700000) (1024K)]
  0x0000024cfb302160 WorkerThread "GC Thread#4"                     [id=26296, stack(0x0000007498700000,0x0000007498800000) (1024K)]
  0x0000024cfb302510 WorkerThread "GC Thread#5"                     [id=23460, stack(0x0000007498800000,0x0000007498900000) (1024K)]
  0x0000024cfb3028c0 WorkerThread "GC Thread#6"                     [id=19824, stack(0x0000007498900000,0x0000007498a00000) (1024K)]
Total: 9

Threads with active compile tasks:
C2 CompilerThread0  3718 1800       4       java.io.WinNTFileSystem::normalize (224 bytes)
C2 CompilerThread1  3719 1782       4       java.io.WinNTFileSystem::normalize (143 bytes)
Total: 2

VM state: not at safepoint (normal execution)

VM Mutex/Monitor currently owned by a thread: None

Heap address: 0x0000000080000000, size: 2048 MB, Compressed Oops mode: 32-bit

CDS archive(s) mapped at: [0x0000024c80000000-0x0000024c80ba0000-0x0000024c80ba0000), size 12189696, SharedBaseAddress: 0x0000024c80000000, ArchiveRelocationMode: 1.
Compressed class space mapped at: 0x0000024c81000000-0x0000024cc1000000, reserved size: 1073741824
Narrow klass base: 0x0000024c80000000, Narrow klass shift: 0, Narrow klass range: 0x100000000

GC Precious Log:
 CardTable entry size: 512
 CPUs: 12 total, 12 available
 Memory: 16162M
 Large Page Support: Disabled
 NUMA Support: Disabled
 Compressed Oops: Enabled (32-bit)
 Alignments: Space 512K, Generation 512K, Heap 2M
 Heap Min Capacity: 100M
 Heap Initial Capacity: 100M
 Heap Max Capacity: 2G
 Pre-touch: Disabled
 Parallel Workers: 10

Heap:
 PSYoungGen      total 29696K, used 27379K [0x00000000d5580000, 0x00000000d7680000, 0x0000000100000000)
  eden space 25600K, 94% used [0x00000000d5580000,0x00000000d6d04ca8,0x00000000d6e80000)
  from space 4096K, 80% used [0x00000000d6e80000,0x00000000d71b8158,0x00000000d7280000)
  to   space 4096K, 0% used [0x00000000d7280000,0x00000000d7280000,0x00000000d7680000)
 ParOldGen       total 68608K, used 16K [0x0000000080000000, 0x0000000084300000, 0x00000000d5580000)
  object space 68608K, 0% used [0x0000000080000000,0x0000000080004000,0x0000000084300000)
 Metaspace       used 7963K, committed 8256K, reserved 1114112K
  class space    used 831K, committed 960K, reserved 1048576K

Card table byte_map: [0x0000024cddb80000,0x0000024cddf90000] _byte_map_base: 0x0000024cdd780000

Marking Bits: (ParMarkBitMap*) 0x00007ff9b8e43450
 Begin Bits: [0x0000024cf0690000, 0x0000024cf2690000)
 End Bits:   [0x0000024cf2690000, 0x0000024cf4690000)

Polling page: 0x0000024cdbf60000

Metaspace:

Usage:
  Non-class:      6.97 MB used.
      Class:    831.02 KB used.
       Both:      7.78 MB used.

Virtual space:
  Non-class space:       64.00 MB reserved,       7.12 MB ( 11%) committed,  1 nodes.
      Class space:        1.00 GB reserved,     960.00 KB ( <1%) committed,  1 nodes.
             Both:        1.06 GB reserved,       8.06 MB ( <1%) committed. 

Chunk freelists:
   Non-Class:  8.83 MB
       Class:  14.91 MB
        Both:  23.73 MB

MaxMetaspaceSize: unlimited
CompressedClassSpaceSize: 1.00 GB
Initial GC threshold: 21.00 MB
Current GC threshold: 21.00 MB
CDS: on
 - commit_granule_bytes: 65536.
 - commit_granule_words: 8192.
 - virtual_space_node_default_size: 8388608.
 - enlarge_chunks_in_place: 1.
 - use_allocation_guard: 0.


Internal statistics:

num_allocs_failed_limit: 0.
num_arena_births: 228.
num_arena_deaths: 0.
num_vsnodes_births: 2.
num_vsnodes_deaths: 0.
num_space_committed: 129.
num_space_uncommitted: 0.
num_chunks_returned_to_freelist: 0.
num_chunks_taken_from_freelist: 423.
num_chunk_merges: 0.
num_chunk_splits: 270.
num_chunks_enlarged: 177.
num_inconsistent_stats: 0.

CodeHeap 'non-profiled nmethods': size=120000Kb used=774Kb max_used=774Kb free=119225Kb
 bounds [0x0000024ce8eb0000, 0x0000024ce9120000, 0x0000024cf03e0000]
CodeHeap 'profiled nmethods': size=120000Kb used=3254Kb max_used=3254Kb free=116745Kb
 bounds [0x0000024ce13e0000, 0x0000024ce1710000, 0x0000024ce8910000]
CodeHeap 'non-nmethods': size=5760Kb used=1215Kb max_used=1239Kb free=4544Kb
 bounds [0x0000024ce8910000, 0x0000024ce8b80000, 0x0000024ce8eb0000]
CodeCache: size=245760Kb, used=5243Kb, max_used=5267Kb, free=240514Kb
 total_blobs=2285, nmethods=1803, adapters=389, full_count=0
Compilation: enabled, stopped_count=0, restarted_count=0

Compilation events (20 events):
Event: 3.627 Thread 0x0000024cf6e6deb0 nmethod 1779% 0x0000024ce8f6e910 code [0x0000024ce8f6eaa0, 0x0000024ce8f6ee00]
Event: 3.627 Thread 0x0000024cf6e6deb0 1782       4       java.io.WinNTFileSystem::normalize (143 bytes)
Event: 3.629 Thread 0x0000024cf6a9e450 1785       3       org.eclipse.osgi.internal.framework.EquinoxConfiguration$ConfigValues::internalGet (24 bytes)
Event: 3.630 Thread 0x0000024cf6a9e450 nmethod 1785 0x0000024ce16f9390 code [0x0000024ce16f95a0, 0x0000024ce16f9b98]
Event: 3.644 Thread 0x0000024cf6a9e450 1788       3       java.lang.String::getChars (55 bytes)
Event: 3.645 Thread 0x0000024cf6a9e450 nmethod 1788 0x0000024ce16f9d90 code [0x0000024ce16f9fc0, 0x0000024ce16fa6c8]
Event: 3.646 Thread 0x0000024cf6a9e450 1789       3       java.lang.StringLatin1::getChars (12 bytes)
Event: 3.646 Thread 0x0000024cf6a9e450 nmethod 1789 0x0000024ce16faa10 code [0x0000024ce16fabc0, 0x0000024ce16face8]
Event: 3.646 Thread 0x0000024cf6a9e450 1790       3       java.io.File::isAbsolute (8 bytes)
Event: 3.646 Thread 0x0000024cf6a9e450 nmethod 1790 0x0000024ce16fad90 code [0x0000024ce16faf40, 0x0000024ce16fb090]
Event: 3.648 Thread 0x0000024cf6a9e450 1792       3       sun.net.util.IPAddressUtil::checkUserInfo (44 bytes)
Event: 3.650 Thread 0x0000024cf6a9e450 nmethod 1792 0x0000024ce16fb110 code [0x0000024ce16fb3a0, 0x0000024ce16fbde8]
Event: 3.650 Thread 0x0000024cf6a9e450 1793       3       sun.net.util.IPAddressUtil::scan (62 bytes)
Event: 3.652 Thread 0x0000024cf6a9e450 nmethod 1793 0x0000024ce16fc290 code [0x0000024ce16fc4e0, 0x0000024ce16fcda0]
Event: 3.652 Thread 0x0000024cf6a9e450 1794       3       java.util.Collections::emptyIterator (4 bytes)
Event: 3.652 Thread 0x0000024cf6a9e450 nmethod 1794 0x0000024ce16fd190 code [0x0000024ce16fd320, 0x0000024ce16fd418]
Event: 3.655 Thread 0x0000024cf6a9e450 1795       3       java.net.URL::<init> (438 bytes)
Event: 3.663 Thread 0x0000024cf6a9e450 nmethod 1795 0x0000024ce16fd490 code [0x0000024ce16fdb60, 0x0000024ce1700ed8]
Event: 3.664 Thread 0x0000024cf6a9e450 1796       3       java.util.Collections::emptySet (4 bytes)
Event: 3.664 Thread 0x0000024cf6a9e450 nmethod 1796 0x0000024ce1702310 code [0x0000024ce17024a0, 0x0000024ce1702598]

GC Heap History (2 events):
Event: 2.290 GC heap before
{Heap before GC invocations=1 (full 0):
 PSYoungGen      total 29696K, used 25600K [0x00000000d5580000, 0x00000000d7680000, 0x0000000100000000)
  eden space 25600K, 100% used [0x00000000d5580000,0x00000000d6e80000,0x00000000d6e80000)
  from space 4096K, 0% used [0x00000000d7280000,0x00000000d7280000,0x00000000d7680000)
  to   space 4096K, 0% used [0x00000000d6e80000,0x00000000d6e80000,0x00000000d7280000)
 ParOldGen       total 68608K, used 0K [0x0000000080000000, 0x0000000084300000, 0x00000000d5580000)
  object space 68608K, 0% used [0x0000000080000000,0x0000000080000000,0x0000000084300000)
 Metaspace       used 4328K, committed 4608K, reserved 1114112K
  class space    used 471K, committed 576K, reserved 1048576K
}
Event: 2.302 GC heap after
{Heap after GC invocations=1 (full 0):
 PSYoungGen      total 29696K, used 3296K [0x00000000d5580000, 0x00000000d7680000, 0x0000000100000000)
  eden space 25600K, 0% used [0x00000000d5580000,0x00000000d5580000,0x00000000d6e80000)
  from space 4096K, 80% used [0x00000000d6e80000,0x00000000d71b8158,0x00000000d7280000)
  to   space 4096K, 0% used [0x00000000d7280000,0x00000000d7280000,0x00000000d7680000)
 ParOldGen       total 68608K, used 16K [0x0000000080000000, 0x0000000084300000, 0x00000000d5580000)
  object space 68608K, 0% used [0x0000000080000000,0x0000000080004000,0x0000000084300000)
 Metaspace       used 4328K, committed 4608K, reserved 1114112K
  class space    used 471K, committed 576K, reserved 1048576K
}

Dll operation events (8 events):
Event: 0.031 Loaded shared library c:\Users\HAIBONWA RIBEGA B\.antigravity\extensions\redhat.java-1.54.0-win32-x64\jre\21.0.10-win32-x86_64\bin\java.dll
Event: 0.349 Loaded shared library c:\Users\HAIBONWA RIBEGA B\.antigravity\extensions\redhat.java-1.54.0-win32-x64\jre\21.0.10-win32-x86_64\bin\zip.dll
Event: 0.419 Loaded shared library C:\Users\HAIBONWA RIBEGA B\.antigravity\extensions\redhat.java-1.54.0-win32-x64\jre\21.0.10-win32-x86_64\bin\instrument.dll
Event: 0.435 Loaded shared library C:\Users\HAIBONWA RIBEGA B\.antigravity\extensions\redhat.java-1.54.0-win32-x64\jre\21.0.10-win32-x86_64\bin\net.dll
Event: 0.441 Loaded shared library C:\Users\HAIBONWA RIBEGA B\.antigravity\extensions\redhat.java-1.54.0-win32-x64\jre\21.0.10-win32-x86_64\bin\nio.dll
Event: 0.450 Loaded shared library C:\Users\HAIBONWA RIBEGA B\.antigravity\extensions\redhat.java-1.54.0-win32-x64\jre\21.0.10-win32-x86_64\bin\zip.dll
Event: 0.500 Loaded shared library C:\Users\HAIBONWA RIBEGA B\.antigravity\extensions\redhat.java-1.54.0-win32-x64\jre\21.0.10-win32-x86_64\bin\jimage.dll
Event: 0.728 Loaded shared library c:\Users\HAIBONWA RIBEGA B\.antigravity\extensions\redhat.java-1.54.0-win32-x64\jre\21.0.10-win32-x86_64\bin\verify.dll

Deoptimization events (20 events):
Event: 3.447 Thread 0x0000024cdbd98bf0 Uncommon trap: trap_request=0xffffffde fr.pc=0x0000024ce8ee0c50 relative=0x0000000000000910
Event: 3.447 Thread 0x0000024cdbd98bf0 Uncommon trap: reason=class_check action=maybe_recompile pc=0x0000024ce8ee0c50 method=java.util.HashMap.putVal(ILjava/lang/Object;Ljava/lang/Object;ZZ)Ljava/lang/Object; @ 253 c2
Event: 3.447 Thread 0x0000024cdbd98bf0 DEOPT PACKING pc=0x0000024ce8ee0c50 sp=0x00000074974fe530
Event: 3.447 Thread 0x0000024cdbd98bf0 DEOPT UNPACKING pc=0x0000024ce8963aa2 sp=0x00000074974fe4f0 mode 2
Event: 3.540 Thread 0x0000024cdbd98bf0 DEOPT PACKING pc=0x0000024ce14fda8b sp=0x00000074974fcc80
Event: 3.540 Thread 0x0000024cdbd98bf0 DEOPT UNPACKING pc=0x0000024ce8964242 sp=0x00000074974fc0f8 mode 0
Event: 3.541 Thread 0x0000024cdbd98bf0 DEOPT PACKING pc=0x0000024ce156cb88 sp=0x00000074974fc880
Event: 3.541 Thread 0x0000024cdbd98bf0 DEOPT UNPACKING pc=0x0000024ce8964242 sp=0x00000074974fbd00 mode 0
Event: 3.541 Thread 0x0000024cdbd98bf0 DEOPT PACKING pc=0x0000024ce14e8286 sp=0x00000074974fc740
Event: 3.541 Thread 0x0000024cdbd98bf0 DEOPT UNPACKING pc=0x0000024ce8964242 sp=0x00000074974fbbc0 mode 0
Event: 3.543 Thread 0x0000024cdbd98bf0 DEOPT PACKING pc=0x0000024ce156cb88 sp=0x00000074974fcb90
Event: 3.543 Thread 0x0000024cdbd98bf0 DEOPT UNPACKING pc=0x0000024ce8964242 sp=0x00000074974fc010 mode 0
Event: 3.544 Thread 0x0000024cdbd98bf0 DEOPT PACKING pc=0x0000024ce14e8286 sp=0x00000074974fc990
Event: 3.544 Thread 0x0000024cdbd98bf0 DEOPT UNPACKING pc=0x0000024ce8964242 sp=0x00000074974fbe10 mode 0
Event: 3.544 Thread 0x0000024cdbd98bf0 DEOPT PACKING pc=0x0000024ce156cb88 sp=0x00000074974fcae0
Event: 3.545 Thread 0x0000024cdbd98bf0 DEOPT UNPACKING pc=0x0000024ce8964242 sp=0x00000074974fbf60 mode 0
Event: 3.546 Thread 0x0000024cdbd98bf0 DEOPT PACKING pc=0x0000024ce156cb88 sp=0x00000074974fcde0
Event: 3.546 Thread 0x0000024cdbd98bf0 DEOPT UNPACKING pc=0x0000024ce8964242 sp=0x00000074974fc260 mode 0
Event: 3.647 Thread 0x0000024cdbd98bf0 DEOPT PACKING pc=0x0000024ce15282c3 sp=0x00000074974fec60
Event: 3.647 Thread 0x0000024cdbd98bf0 DEOPT UNPACKING pc=0x0000024ce8964242 sp=0x00000074974fe0d8 mode 0

Classes loaded (20 events):
Event: 3.531 Loading class java/security/KeyStoreException
Event: 3.531 Loading class java/security/KeyStoreException done
Event: 3.572 Loading class java/util/LinkedList$Node
Event: 3.572 Loading class java/util/LinkedList$Node done
Event: 3.572 Loading class java/util/LinkedList$ListItr
Event: 3.572 Loading class java/util/LinkedList$ListItr done
Event: 3.574 Loading class java/lang/Thread$Builder$OfPlatform
Event: 3.574 Loading class java/lang/Thread$Builder
Event: 3.574 Loading class java/lang/Thread$Builder done
Event: 3.574 Loading class java/lang/Thread$Builder$OfPlatform done
Event: 3.574 Loading class java/lang/Thread$Builder$OfVirtual
Event: 3.575 Loading class java/lang/Thread$Builder$OfVirtual done
Event: 3.590 Loading class sun/nio/fs/WindowsChannelFactory
Event: 3.590 Loading class sun/nio/fs/WindowsChannelFactory done
Event: 3.590 Loading class sun/nio/fs/WindowsChannelFactory$1
Event: 3.591 Loading class sun/nio/fs/WindowsChannelFactory$1 done
Event: 3.591 Loading class sun/nio/fs/WindowsChannelFactory$Flags
Event: 3.591 Loading class sun/nio/fs/WindowsChannelFactory$Flags done
Event: 3.591 Loading class sun/nio/ch/FileChannelImpl$Closer
Event: 3.591 Loading class sun/nio/ch/FileChannelImpl$Closer done

Classes unloaded (0 events):
No events

Classes redefined (0 events):
No events

Internal exceptions (20 events):
Event: 1.908 Thread 0x0000024cdbd98bf0 Exception <a 'java/lang/NoSuchMethodError'{0x00000000d66200c0}: 'java.lang.Object java.lang.invoke.DirectMethodHandle$Holder.invokeInterface(java.lang.Object, java.lang.Object, int)'> (0x00000000d66200c0) 
thrown [s\src\hotspot\share\interpreter\linkResolver.cpp, line 773]
Event: 2.156 Thread 0x0000024cdbd98bf0 Exception <a 'java/lang/NoSuchMethodError'{0x00000000d6a8a360}: 'java.lang.ClassLoader java.lang.ClassLoader.getPlatformClassLoader(java.lang.Class)'> (0x00000000d6a8a360) 
thrown [s\src\hotspot\share\interpreter\linkResolver.cpp, line 773]
Event: 2.311 Thread 0x0000024cdbd98bf0 Exception <a 'java/lang/ClassNotFoundException'{0x00000000d55a6e30}: sun/net/www/protocol/c/Handler> (0x00000000d55a6e30) 
thrown [s\src\hotspot\share\classfile\systemDictionary.cpp, line 312]
Event: 2.312 Thread 0x0000024cdbd98bf0 Exception <a 'java/lang/ClassNotFoundException'{0x00000000d55a81c8}: sun/net/www/protocol/e/Handler> (0x00000000d55a81c8) 
thrown [s\src\hotspot\share\classfile\systemDictionary.cpp, line 312]
Event: 2.312 Thread 0x0000024cdbd98bf0 Exception <a 'java/lang/ClassNotFoundException'{0x00000000d55a9360}: sun/net/www/protocol/c/Handler> (0x00000000d55a9360) 
thrown [s\src\hotspot\share\classfile\systemDictionary.cpp, line 312]
Event: 2.326 Thread 0x0000024cdbd98bf0 Exception <a 'java/io/FileNotFoundException'{0x00000000d55d2ca8}> (0x00000000d55d2ca8) 
thrown [s\src\hotspot\share\prims\jni.cpp, line 520]
Event: 2.389 Thread 0x0000024cdbd98bf0 Implicit null exception at 0x0000024ce8f102a9 to 0x0000024ce8f10b5c
Event: 2.389 Thread 0x0000024cdbd98bf0 Implicit null exception at 0x0000024ce8f13a9a to 0x0000024ce8f13cb8
Event: 2.390 Thread 0x0000024cdbd98bf0 Exception <a 'java/lang/NoSuchMethodError'{0x00000000d5744190}: 'void java.lang.invoke.DirectMethodHandle$Holder.invokeStatic(java.lang.Object, java.lang.Object, java.lang.Object, java.lang.Object)'> (0x00000000d5744190) 
thrown [s\src\hotspot\share\interpreter\linkResolver.cpp, line 773]
Event: 2.392 Thread 0x0000024cdbd98bf0 Implicit null exception at 0x0000024ce8f12440 to 0x0000024ce8f12714
Event: 2.393 Thread 0x0000024cdbd98bf0 Implicit null exception at 0x0000024ce8f0fe40 to 0x0000024ce8f0fec5
Event: 2.574 Thread 0x0000024cdbd98bf0 Exception <a 'java/lang/NoSuchMethodError'{0x00000000d59cb5b8}: 'void java.lang.invoke.DirectMethodHandle$Holder.invokeSpecial(java.lang.Object, java.lang.Object, java.lang.Object)'> (0x00000000d59cb5b8) 
thrown [s\src\hotspot\share\interpreter\linkResolver.cpp, line 773]
Event: 3.221 Thread 0x0000024cdbd98bf0 Exception <a 'java/lang/NoSuchMethodError'{0x00000000d6303d78}: 'int java.lang.invoke.DirectMethodHandle$Holder.invokeVirtual(java.lang.Object, java.lang.Object)'> (0x00000000d6303d78) 
thrown [s\src\hotspot\share\interpreter\linkResolver.cpp, line 773]
Event: 3.325 Thread 0x0000024cdbd98bf0 Exception <a 'java/lang/NoSuchMethodError'{0x00000000d6479658}: 'int java.lang.invoke.DirectMethodHandle$Holder.invokeStaticInit(java.lang.Object, java.lang.Object, java.lang.Object, java.lang.Object)'> (0x00000000d6479658) 
thrown [s\src\hotspot\share\interpreter\linkResolver.cpp, line 773]
Event: 3.328 Thread 0x0000024cdbd98bf0 Exception <a 'java/lang/IncompatibleClassChangeError'{0x00000000d6481a60}: Found class java.lang.Object, but interface was expected> (0x00000000d6481a60) 
thrown [s\src\hotspot\share\interpreter\linkResolver.cpp, line 840]
Event: 3.329 Thread 0x0000024cdbd98bf0 Exception <a 'java/lang/NoSuchMethodError'{0x00000000d6487fd0}: 'void java.lang.invoke.DirectMethodHandle$Holder.invokeStaticInit(java.lang.Object, java.lang.Object)'> (0x00000000d6487fd0) 
thrown [s\src\hotspot\share\interpreter\linkResolver.cpp, line 773]
Event: 3.331 Thread 0x0000024cdbd98bf0 Exception <a 'java/lang/NoSuchMethodError'{0x00000000d6491188}: 'int java.lang.invoke.DirectMethodHandle$Holder.invokeStaticInit(java.lang.Object, java.lang.Object)'> (0x00000000d6491188) 
thrown [s\src\hotspot\share\interpreter\linkResolver.cpp, line 773]
Event: 3.413 Thread 0x0000024cdbd98bf0 Exception <a 'java/lang/NoSuchMethodError'{0x00000000d66daeb8}: 'java.lang.Object java.lang.invoke.DirectMethodHandle$Holder.newInvokeSpecial(java.lang.Object, int, java.lang.Object)'> (0x00000000d66daeb8) 
thrown [s\src\hotspot\share\interpreter\linkResolver.cpp, line 773]
Event: 3.497 Thread 0x0000024cdbd98bf0 Exception <a 'java/lang/ClassNotFoundException'{0x00000000d68f4b10}: sun/net/www/protocol/plurl/Handler> (0x00000000d68f4b10) 
thrown [s\src\hotspot\share\classfile\systemDictionary.cpp, line 312]
Event: 3.497 Thread 0x0000024cdbd98bf0 Exception <a 'java/lang/ClassNotFoundException'{0x00000000d68f5990}: sun/net/www/protocol/plurl/Handler> (0x00000000d68f5990) 
thrown [s\src\hotspot\share\classfile\systemDictionary.cpp, line 312]

ZGC Phase Switch (0 events):
No events

VM Operations (20 events):
Event: 0.537 Executing non-safepoint VM operation: HandshakeAllThreads (Deoptimize)
Event: 0.537 Executing non-safepoint VM operation: HandshakeAllThreads (Deoptimize) done
Event: 1.552 Executing safepoint VM operation: Cleanup
Event: 1.583 Executing safepoint VM operation: Cleanup done
Event: 1.640 Executing non-safepoint VM operation: HandshakeAllThreads (Deoptimize)
Event: 1.640 Executing non-safepoint VM operation: HandshakeAllThreads (Deoptimize) done
Event: 1.686 Executing non-safepoint VM operation: HandshakeAllThreads (Deoptimize)
Event: 1.686 Executing non-safepoint VM operation: HandshakeAllThreads (Deoptimize) done
Event: 2.289 Executing safepoint VM operation: ParallelGCFailedAllocation (Allocation Failure)
Event: 2.302 Executing safepoint VM operation: ParallelGCFailedAllocation (Allocation Failure) done
Event: 3.308 Executing safepoint VM operation: Cleanup
Event: 3.308 Executing safepoint VM operation: Cleanup done
Event: 3.372 Executing non-safepoint VM operation: HandshakeAllThreads (Deoptimize)
Event: 3.373 Executing non-safepoint VM operation: HandshakeAllThreads (Deoptimize) done
Event: 3.390 Executing non-safepoint VM operation: HandshakeAllThreads (Deoptimize)
Event: 3.391 Executing non-safepoint VM operation: HandshakeAllThreads (Deoptimize) done
Event: 3.472 Executing non-safepoint VM operation: HandshakeAllThreads (Deoptimize)
Event: 3.472 Executing non-safepoint VM operation: HandshakeAllThreads (Deoptimize) done
Event: 3.491 Executing non-safepoint VM operation: HandshakeAllThreads (Deoptimize)
Event: 3.491 Executing non-safepoint VM operation: HandshakeAllThreads (Deoptimize) done

Memory protections (0 events):
No events

Nmethod flushes (0 events):
No events

Events (19 events):
Event: 0.064 Thread 0x0000024cdbd98bf0 Thread added: 0x0000024cdbd98bf0
Event: 0.115 Thread 0x0000024cdbd98bf0 Thread added: 0x0000024cf6a844b0
Event: 0.116 Thread 0x0000024cdbd98bf0 Thread added: 0x0000024cf6a88a00
Event: 0.117 Thread 0x0000024cdbd98bf0 Thread added: 0x0000024cf6a8a6d0
Event: 0.117 Thread 0x0000024cdbd98bf0 Thread added: 0x0000024cf6a8b130
Event: 0.117 Thread 0x0000024cdbd98bf0 Thread added: 0x0000024cf6a8bb90
Event: 0.117 Thread 0x0000024cdbd98bf0 Thread added: 0x0000024cf6a8c5f0
Event: 0.117 Thread 0x0000024cdbd98bf0 Thread added: 0x0000024cf6a8e1f0
Event: 0.118 Thread 0x0000024cdbd98bf0 Thread added: 0x0000024cf6a9e450
Event: 0.378 Thread 0x0000024cf6a9e450 Thread added: 0x0000024cf6bcab80
Event: 0.426 Thread 0x0000024cdbd98bf0 Thread added: 0x0000024cf6c6cb70
Event: 0.825 Thread 0x0000024cf6bcab80 Thread exited: 0x0000024cf6bcab80
Event: 0.999 Thread 0x0000024cdbd98bf0 Thread added: 0x0000024cf6e1f2f0
Event: 1.030 Thread 0x0000024cf6a8e1f0 Thread added: 0x0000024cf6e6deb0
Event: 1.311 Thread 0x0000024cf6a9e450 Thread added: 0x0000024cf6e12b00
Event: 2.366 Thread 0x0000024cf6e12b00 Thread exited: 0x0000024cf6e12b00
Event: 2.731 Thread 0x0000024cf6a9e450 Thread added: 0x0000024cfb413bb0
Event: 3.333 Thread 0x0000024cfb413bb0 Thread exited: 0x0000024cfb413bb0
Event: 3.353 Thread 0x0000024cdbd98bf0 Thread added: 0x0000024cfb6632a0


Dynamic libraries:
0x00007ff667960000 - 0x00007ff66796e000 	c:\Users\HAIBONWA RIBEGA B\.antigravity\extensions\redhat.java-1.54.0-win32-x64\jre\21.0.10-win32-x86_64\bin\java.exe
0x00007ffaa7d80000 - 0x00007ffaa7fe7000 	C:\WINDOWS\SYSTEM32\ntdll.dll
0x00007ffaa72b0000 - 0x00007ffaa7379000 	C:\WINDOWS\System32\KERNEL32.DLL
0x00007ffaa47b0000 - 0x00007ffaa4ba7000 	C:\WINDOWS\System32\KERNELBASE.dll
0x00007ffaa4fc0000 - 0x00007ffaa510b000 	C:\WINDOWS\System32\ucrtbase.dll
0x00007ffa58e20000 - 0x00007ffa58e38000 	c:\Users\HAIBONWA RIBEGA B\.antigravity\extensions\redhat.java-1.54.0-win32-x64\jre\21.0.10-win32-x86_64\bin\jli.dll
0x00007ffa56540000 - 0x00007ffa5655e000 	c:\Users\HAIBONWA RIBEGA B\.antigravity\extensions\redhat.java-1.54.0-win32-x64\jre\21.0.10-win32-x86_64\bin\VCRUNTIME140.dll
0x00007ffaa6160000 - 0x00007ffaa6326000 	C:\WINDOWS\System32\USER32.dll
0x00007ffa84b90000 - 0x00007ffa84e22000 	C:\WINDOWS\WinSxS\amd64_microsoft.windows.common-controls_6595b64144ccf1df_6.0.26100.8328_none_3e08182ce334b678\COMCTL32.dll
0x00007ffaa4dd0000 - 0x00007ffaa4df7000 	C:\WINDOWS\System32\win32u.dll
0x00007ffaa7500000 - 0x00007ffaa75a9000 	C:\WINDOWS\System32\msvcrt.dll
0x00007ffaa7380000 - 0x00007ffaa73ab000 	C:\WINDOWS\System32\GDI32.dll
0x00007ffaa4e00000 - 0x00007ffaa4f2c000 	C:\WINDOWS\System32\gdi32full.dll
0x00007ffaa4d20000 - 0x00007ffaa4dc3000 	C:\WINDOWS\System32\msvcp_win.dll
0x00007ffaa6af0000 - 0x00007ffaa6b22000 	C:\WINDOWS\System32\IMM32.DLL
0x00007ffa757d0000 - 0x00007ffa757dc000 	c:\Users\HAIBONWA RIBEGA B\.antigravity\extensions\redhat.java-1.54.0-win32-x64\jre\21.0.10-win32-x86_64\bin\vcruntime140_1.dll
0x00007ff9ff640000 - 0x00007ff9ff6cd000 	c:\Users\HAIBONWA RIBEGA B\.antigravity\extensions\redhat.java-1.54.0-win32-x64\jre\21.0.10-win32-x86_64\bin\msvcp140.dll
0x00007ff9b8180000 - 0x00007ff9b8f21000 	c:\Users\HAIBONWA RIBEGA B\.antigravity\extensions\redhat.java-1.54.0-win32-x64\jre\21.0.10-win32-x86_64\bin\server\jvm.dll
0x00007ffaa6570000 - 0x00007ffaa6626000 	C:\WINDOWS\System32\ADVAPI32.dll
0x00007ffaa6ec0000 - 0x00007ffaa6f67000 	C:\WINDOWS\System32\sechost.dll
0x00007ffaa6ff0000 - 0x00007ffaa7108000 	C:\WINDOWS\System32\RPCRT4.dll
0x00007ffaa7470000 - 0x00007ffaa74f0000 	C:\WINDOWS\System32\WS2_32.dll
0x00007ffaa4610000 - 0x00007ffaa466e000 	C:\WINDOWS\SYSTEM32\POWRPROF.dll
0x00007ffa9a430000 - 0x00007ffa9a43b000 	C:\WINDOWS\SYSTEM32\VERSION.dll
0x00007ffa90d70000 - 0x00007ffa90da6000 	C:\WINDOWS\SYSTEM32\WINMM.dll
0x00007ffaa45f0000 - 0x00007ffaa4604000 	C:\WINDOWS\SYSTEM32\UMPDC.dll
0x00007ffaa3540000 - 0x00007ffaa355b000 	C:\WINDOWS\SYSTEM32\kernel.appcore.dll
0x00007ffa73ec0000 - 0x00007ffa73eca000 	c:\Users\HAIBONWA RIBEGA B\.antigravity\extensions\redhat.java-1.54.0-win32-x64\jre\21.0.10-win32-x86_64\bin\jimage.dll
0x00007ffa9f6d0000 - 0x00007ffa9f912000 	C:\WINDOWS\SYSTEM32\DBGHELP.DLL
0x00007ffaa6b30000 - 0x00007ffaa6eb3000 	C:\WINDOWS\System32\combase.dll
0x00007ffaa6a10000 - 0x00007ffaa6ae9000 	C:\WINDOWS\System32\OLEAUT32.dll
0x00007ffa830a0000 - 0x00007ffa830db000 	C:\WINDOWS\SYSTEM32\dbgcore.DLL
0x00007ffaa4c70000 - 0x00007ffaa4d18000 	C:\WINDOWS\System32\bcryptPrimitives.dll
0x00007ffa71100000 - 0x00007ffa7110f000 	c:\Users\HAIBONWA RIBEGA B\.antigravity\extensions\redhat.java-1.54.0-win32-x64\jre\21.0.10-win32-x86_64\bin\instrument.dll
0x00007ffa55c80000 - 0x00007ffa55ca0000 	c:\Users\HAIBONWA RIBEGA B\.antigravity\extensions\redhat.java-1.54.0-win32-x64\jre\21.0.10-win32-x86_64\bin\java.dll
0x00007ffaa75c0000 - 0x00007ffaa7d2e000 	C:\WINDOWS\System32\SHELL32.dll
0x00007ffaa5290000 - 0x00007ffaa5afc000 	C:\WINDOWS\System32\windows.storage.dll
0x00007ffaa5b00000 - 0x00007ffaa5bf6000 	C:\WINDOWS\System32\SHCORE.dll
0x00007ffaa60c0000 - 0x00007ffaa6126000 	C:\WINDOWS\System32\shlwapi.dll
0x00007ffaa46d0000 - 0x00007ffaa46f9000 	C:\WINDOWS\SYSTEM32\profapi.dll
0x00007ffa55c60000 - 0x00007ffa55c78000 	c:\Users\HAIBONWA RIBEGA B\.antigravity\extensions\redhat.java-1.54.0-win32-x64\jre\21.0.10-win32-x86_64\bin\zip.dll
0x00007ffa58ff0000 - 0x00007ffa59000000 	C:\Users\HAIBONWA RIBEGA B\.antigravity\extensions\redhat.java-1.54.0-win32-x64\jre\21.0.10-win32-x86_64\bin\net.dll
0x00007ffa99920000 - 0x00007ffa99a49000 	C:\WINDOWS\SYSTEM32\WINHTTP.dll
0x00007ffaa3ab0000 - 0x00007ffaa3b1c000 	C:\WINDOWS\system32\mswsock.dll
0x00007ffa12220000 - 0x00007ffa12236000 	C:\Users\HAIBONWA RIBEGA B\.antigravity\extensions\redhat.java-1.54.0-win32-x64\jre\21.0.10-win32-x86_64\bin\nio.dll
0x00007ffa55640000 - 0x00007ffa55650000 	c:\Users\HAIBONWA RIBEGA B\.antigravity\extensions\redhat.java-1.54.0-win32-x64\jre\21.0.10-win32-x86_64\bin\verify.dll

JVMTI agents:
c:\Users\HAIBONWA RIBEGA B\.antigravity\extensions\redhat.java-1.54.0-win32-x64\lombok\lombok-1.18.39-4050.jar path:c:\Users\HAIBONWA RIBEGA B\.antigravity\extensions\redhat.java-1.54.0-win32-x64\jre\21.0.10-win32-x86_64\bin\instrument.dll, loaded, initialized, instrumentlib options:none

dbghelp: loaded successfully - version: 4.0.5 - missing functions: none
symbol engine: initialized successfully - sym options: 0x614 - pdb path: .;c:\Users\HAIBONWA RIBEGA B\.antigravity\extensions\redhat.java-1.54.0-win32-x64\jre\21.0.10-win32-x86_64\bin;C:\WINDOWS\SYSTEM32;C:\WINDOWS\WinSxS\amd64_microsoft.windows.common-controls_6595b64144ccf1df_6.0.26100.8328_none_3e08182ce334b678;c:\Users\HAIBONWA RIBEGA B\.antigravity\extensions\redhat.java-1.54.0-win32-x64\jre\21.0.10-win32-x86_64\bin\server

VM Arguments:
jvm_args: --add-modules=ALL-SYSTEM --add-opens=java.base/java.util=ALL-UNNAMED --add-opens=java.base/java.lang=ALL-UNNAMED --add-opens=java.base/sun.nio.fs=ALL-UNNAMED -Declipse.application=org.eclipse.jdt.ls.core.id1 -Dosgi.bundles.defaultStartLevel=4 -Declipse.product=org.eclipse.jdt.ls.core.product -Djava.import.generatesMetadataFilesAtProjectRoot=false -DDetectVMInstallationsJob.disabled=true -Dfile.encoding=utf8 -XX:+UseParallelGC -XX:GCTimeRatio=4 -XX:AdaptiveSizePolicyWeight=90 -Dsun.zip.disableMemoryMapping=true -Xmx2G -Xms100m -Xlog:disable -javaagent:c:\Users\HAIBONWA RIBEGA B\.antigravity\extensions\redhat.java-1.54.0-win32-x64\lombok\lombok-1.18.39-4050.jar 
java_command: c:\Users\HAIBONWA RIBEGA B\.antigravity\extensions\redhat.java-1.54.0-win32-x64\server\plugins\org.eclipse.equinox.launcher_1.7.100.v20251111-0406.jar -configuration c:\Users\HAIBONWA RIBEGA B\AppData\Roaming\Antigravity\User\globalStorage\redhat.java\1.54.0\config_ss_win -data c:\Users\HAIBONWA RIBEGA B\AppData\Roaming\Antigravity\User\workspaceStorage\8da1ae3c5b91b9b00c9466e4521aff6a\redhat.java\ss_ws --pipe=\\.\pipe\lsp-2e4c0b9373df1ca16cc6bd5aa92e584e-sock
java_class_path (initial): c:\Users\HAIBONWA RIBEGA B\.antigravity\extensions\redhat.java-1.54.0-win32-x64\server\plugins\org.eclipse.equinox.launcher_1.7.100.v20251111-0406.jar
Launcher Type: SUN_STANDARD

[Global flags]
    uintx AdaptiveSizePolicyWeight                 = 90                                        {product} {command line}
     intx CICompilerCount                          = 4                                         {product} {ergonomic}
    uintx GCTimeRatio                              = 4                                         {product} {command line}
   size_t InitialHeapSize                          = 104857600                                 {product} {command line}
   size_t MaxHeapSize                              = 2147483648                                {product} {command line}
   size_t MaxNewSize                               = 715653120                                 {product} {ergonomic}
   size_t MinHeapDeltaBytes                        = 524288                                    {product} {ergonomic}
   size_t MinHeapSize                              = 104857600                                 {product} {command line}
   size_t NewSize                                  = 34603008                                  {product} {ergonomic}
    uintx NonNMethodCodeHeapSize                   = 5839372                                {pd product} {ergonomic}
    uintx NonProfiledCodeHeapSize                  = 122909434                              {pd product} {ergonomic}
   size_t OldSize                                  = 70254592                                  {product} {ergonomic}
    uintx ProfiledCodeHeapSize                     = 122909434                              {pd product} {ergonomic}
    uintx ReservedCodeCacheSize                    = 251658240                              {pd product} {ergonomic}
     bool SegmentedCodeCache                       = true                                      {product} {ergonomic}
   size_t SoftMaxHeapSize                          = 2147483648                             {manageable} {ergonomic}
     bool UseCompressedOops                        = true                           {product lp64_product} {ergonomic}
     bool UseLargePagesIndividualAllocation        = false                                  {pd product} {ergonomic}
     bool UseParallelGC                            = true                                      {product} {command line}

Logging:
Log output configuration:
 #0: stdout all=off uptime,level,tags foldmultilines=false
 #1: stderr all=off uptime,level,tags foldmultilines=false

Release file:
JAVA_VERSION="21.0.10" 
MODULES="java.base java.compiler java.datatransfer java.xml java.prefs java.desktop java.instrument java.logging java.management java.security.sasl java.naming java.rmi java.management.rmi java.net.http java.scripting java.security.jgss java.transaction.xa java.sql java.sql.rowset java.xml.crypto java.se java.smartcardio jdk.accessibility jdk.internal.jvmstat jdk.attach jdk.charsets jdk.internal.opt jdk.zipfs jdk.compiler jdk.crypto.ec jdk.crypto.cryptoki jdk.crypto.mscapi jdk.dynalink jdk.internal.ed jdk.editpad jdk.hotspot.agent jdk.httpserver jdk.internal.le jdk.internal.vm.ci jdk.internal.vm.compiler jdk.internal.vm.compiler.management jdk.jartool jdk.javadoc jdk.jcmd jdk.management jdk.management.agent jdk.jconsole jdk.jdeps jdk.jdwp.agent jdk.jdi jdk.jfr jdk.jshell jdk.jsobject jdk.jstatd jdk.localedata jdk.management.jfr jdk.naming.dns jdk.naming.rmi jdk.net jdk.nio.mapmode jdk.random jdk.sctp jdk.security.auth jdk.security.jgss jdk.unsupported jdk.unsupported.desktop jdk.xml.dom" 

Environment Variables:
PATH=C:\Program Files (x86)\NVIDIA Corporation\PhysX\Common;C:\Program Files\Common Files\Oracle\Java\javapath;C:\Program Files (x86)\Common Files\Oracle\Java\java8path;C:\Program Files (x86)\Common Files\Oracle\Java\javapath;C:\Users\HAIBONWA RIBEGA B\AppData\Local\Microsoft\WindowsApps;C:\Users\HAIBONWA RIBEGA B\AppData\Local\Programs\Microsoft VS Code\bin;E:\flutter\bin;C:\Windows\System32\WindowsPowerShell\v1.0;C:\Windows;C:\Windows\System32\Wbem;C:\Program Files\dotnet\;C:\WINDOWS\system32;C:\WINDOWS;C:\WINDOWS\System32\Wbem;C:\WINDOWS\System32\WindowsPowerShell\v1.0\;C:\WINDOWS\System32\OpenSSH\;C:\Program Files\Git\cmd;C:\Program Files (x86)\ZeroTier\One\;C:\Users\HAIBONWA RIBEGA B\AppData\Local\Microsoft\WindowsApps;E:\flutter\bin;C:\Program Files\Git\bin;C:\Windows\System32\WindowsPowerShell\v1.0;C:\Program Files\Git\cmd;C:\Windows\System32\Wbem;C:\Windows\System32;C:\Windows;C:\Users\HAIBONWA RIBEGA B\.dotnet\tools;C:\Users\HAIBONWA RIBEGA B\AppData\Local\Programs\Antigravity\bin;C:\Program Files\Java\jdk-25;E:\Programs\Microsoft VS Code\bin;C:\xampp\php;
USERNAME=HAIBONWA RIBEGA B
OS=Windows_NT
PROCESSOR_IDENTIFIER=Intel64 Family 6 Model 158 Stepping 13, GenuineIntel
TMP=C:\Users\HAIBON~1\AppData\Local\Temp
TEMP=C:\Users\HAIBON~1\AppData\Local\Temp




Periodic native trim disabled

---------------  S Y S T E M  ---------------

OS:
 Windows 11 , 64 bit Build 26100 (10.0.26100.8328)
OS uptime: 0 days 10:45 hours
Hyper-V role detected

CPU: total 12 (initial active 12) (6 cores per cpu, 2 threads per core) family 6 model 158 stepping 13 microcode 0xde, cx8, cmov, fxsr, ht, mmx, 3dnowpref, sse, sse2, sse3, ssse3, sse4.1, sse4.2, popcnt, lzcnt, tsc, tscinvbit, avx, avx2, aes, erms, clmul, bmi1, bmi2, adx, fma, vzeroupper, clflush, clflushopt, hv, rdtscp, f16c
Processor Information for the first 12 processors :
  Max Mhz: 2592, Current Mhz: 2592, Mhz Limit: 2592

Memory: 4k page, system-wide physical 16162M (2114M free)
TotalPageFile size 23030M (AvailPageFile size 2M)
current process WorkingSet (physical memory assigned to process): 93M, peak: 93M
current process commit charge ("private bytes"): 250M, peak: 251M

vm_info: OpenJDK 64-Bit Server VM (21.0.10+7-LTS) for windows-amd64 JRE (21.0.10+7-LTS), built on 2026-01-20T00:00:00Z by "admin" with MS VC++ 17.12 (VS2022)

END.
