#
# There is insufficient memory for the Java Runtime Environment to continue.
# Native memory allocation (malloc) failed to allocate 397456 bytes. Error detail: Chunk::new
# Possible reasons:
#   The system is out of physical RAM or swap space
#   This process is running with CompressedOops enabled, and the Java Heap may be blocking the growth of the native heap
# Possible solutions:
#   Reduce memory load on the system
#   Increase physical memory or swap space
#   Check if swap backing store is full
#   Decrease Java heap size (-Xmx/-Xms)
#   Decrease number of Java threads
#   Decrease Java thread stack sizes (-Xss)
#   Set larger code cache with -XX:ReservedCodeCacheSize=
#   JVM is running with Unscaled Compressed Oops mode in which the Java heap is
#     placed in the first 4GB address space. The Java Heap base address is the
#     maximum limit for the native heap growth. Please use -XX:HeapBaseMinAddress
#     to set the Java Heap base and to place the Java Heap above 4GB virtual address.
# This output file may be truncated or incomplete.
#
#  Out of Memory Error (arena.cpp:168), pid=18424, tid=8748
#
# JRE version: OpenJDK Runtime Environment Temurin-21.0.10+7 (21.0.10+7) (build 21.0.10+7-LTS)
# Java VM: OpenJDK 64-Bit Server VM Temurin-21.0.10+7 (21.0.10+7-LTS, mixed mode, sharing, tiered, compressed oops, compressed class ptrs, parallel gc, windows-amd64)
# No core dump will be written. Minidumps are not enabled by default on client versions of Windows
#

---------------  S U M M A R Y ------------

Command Line: --add-modules=ALL-SYSTEM --add-opens=java.base/java.util=ALL-UNNAMED --add-opens=java.base/java.lang=ALL-UNNAMED --add-opens=java.base/sun.nio.fs=ALL-UNNAMED -Declipse.application=org.eclipse.jdt.ls.core.id1 -Dosgi.bundles.defaultStartLevel=4 -Declipse.product=org.eclipse.jdt.ls.core.product -Djava.import.generatesMetadataFilesAtProjectRoot=false -DDetectVMInstallationsJob.disabled=true -Dfile.encoding=utf8 -XX:+UseParallelGC -XX:GCTimeRatio=4 -XX:AdaptiveSizePolicyWeight=90 -Dsun.zip.disableMemoryMapping=true -Xmx2G -Xms100m -Xlog:disable -javaagent:c:\Users\HAIBONWA RIBEGA B\.antigravity\extensions\redhat.java-1.54.0-win32-x64\lombok\lombok-1.18.39-4050.jar c:\Users\HAIBONWA RIBEGA B\.antigravity\extensions\redhat.java-1.54.0-win32-x64\server\plugins\org.eclipse.equinox.launcher_1.7.100.v20251111-0406.jar -configuration c:\Users\HAIBONWA RIBEGA B\AppData\Roaming\Antigravity\User\globalStorage\redhat.java\1.54.0\config_ss_win -data c:\Users\HAIBONWA RIBEGA B\AppData\Roaming\Antigravity\User\workspaceStorage\8da1ae3c5b91b9b00c9466e4521aff6a\redhat.java\ss_ws --pipe=\\.\pipe\lsp-3cf232e24d9b843e08d5dea42f5d6160-sock

Host: Intel(R) Core(TM) i7-9850H CPU @ 2.60GHz, 12 cores, 15G,  Windows 11 , 64 bit Build 26100 (10.0.26100.8328)
Time: Tue May 12 16:47:10 2026 Afr. centrale Ouest elapsed time: 8.022800 seconds (0d 0h 0m 8s)

---------------  T H R E A D  ---------------

Current thread (0x0000023c5b9bf4c0):  JavaThread "C2 CompilerThread0" daemon [_thread_in_native, id=8748, stack(0x0000004b5db00000,0x0000004b5dc00000) (1024K)]


Current CompileTask:
C2:8022 3078       4       java.lang.Object::toString (36 bytes)

Stack: [0x0000004b5db00000,0x0000004b5dc00000]
Native frames: (J=compiled Java code, j=interpreted, Vv=VM code, C=native code)
V  [jvm.dll+0x6d7a39]
V  [jvm.dll+0x8b4b26]
V  [jvm.dll+0x8b70de]
V  [jvm.dll+0x8b77c3]
V  [jvm.dll+0x284346]
V  [jvm.dll+0xc66ed]
V  [jvm.dll+0xc6c31]
V  [jvm.dll+0x3bec01]
V  [jvm.dll+0x38b162]
V  [jvm.dll+0x38a5aa]
V  [jvm.dll+0x24c560]
V  [jvm.dll+0x24bb40]
V  [jvm.dll+0x1cb34e]
V  [jvm.dll+0x25b85d]
V  [jvm.dll+0x259dea]
V  [jvm.dll+0x3f857e]
V  [jvm.dll+0x85f59d]
V  [jvm.dll+0x6d626d]
C  [ucrtbase.dll+0x37b0]
C  [KERNEL32.DLL+0x2e957]
C  [ntdll.dll+0x427c]


---------------  P R O C E S S  ---------------

Threads class SMR info:
_java_thread_list=0x0000023c60ac7810, length=20, elements={
0x0000023c7fa56f30, 0x0000023c5b9b44b0, 0x0000023c5b9b8240, 0x0000023c5b9b8f00,
0x0000023c5b9bae20, 0x0000023c5b9bb9b0, 0x0000023c5b9bc540, 0x0000023c5b9bf4c0,
0x0000023c5b9f30a0, 0x0000023c5bc807c0, 0x0000023c5bd346d0, 0x0000023c60b360c0,
0x0000023c6092d3f0, 0x0000023c60b2d510, 0x0000023c609621e0, 0x0000023c60aa1e20,
0x0000023c609fd740, 0x0000023c609fbd00, 0x0000023c609fca20, 0x0000023c60c0e0e0
}

Java Threads: ( => current thread )
  0x0000023c7fa56f30 JavaThread "main"                              [_thread_in_vm, id=15116, stack(0x0000004b5d100000,0x0000004b5d200000) (1024K)]
  0x0000023c5b9b44b0 JavaThread "Reference Handler"          daemon [_thread_blocked, id=1596, stack(0x0000004b5d500000,0x0000004b5d600000) (1024K)]
  0x0000023c5b9b8240 JavaThread "Finalizer"                  daemon [_thread_blocked, id=27692, stack(0x0000004b5d600000,0x0000004b5d700000) (1024K)]
  0x0000023c5b9b8f00 JavaThread "Signal Dispatcher"          daemon [_thread_blocked, id=15652, stack(0x0000004b5d700000,0x0000004b5d800000) (1024K)]
  0x0000023c5b9bae20 JavaThread "Attach Listener"            daemon [_thread_blocked, id=6436, stack(0x0000004b5d800000,0x0000004b5d900000) (1024K)]
  0x0000023c5b9bb9b0 JavaThread "Service Thread"             daemon [_thread_blocked, id=18896, stack(0x0000004b5d900000,0x0000004b5da00000) (1024K)]
  0x0000023c5b9bc540 JavaThread "Monitor Deflation Thread"   daemon [_thread_blocked, id=21892, stack(0x0000004b5da00000,0x0000004b5db00000) (1024K)]
=>0x0000023c5b9bf4c0 JavaThread "C2 CompilerThread0"         daemon [_thread_in_native, id=8748, stack(0x0000004b5db00000,0x0000004b5dc00000) (1024K)]
  0x0000023c5b9f30a0 JavaThread "C1 CompilerThread0"         daemon [_thread_blocked, id=19004, stack(0x0000004b5dc00000,0x0000004b5dd00000) (1024K)]
  0x0000023c5bc807c0 JavaThread "Common-Cleaner"             daemon [_thread_blocked, id=12112, stack(0x0000004b5de00000,0x0000004b5df00000) (1024K)]
  0x0000023c5bd346d0 JavaThread "Notification Thread"        daemon [_thread_blocked, id=5920, stack(0x0000004b5df00000,0x0000004b5e000000) (1024K)]
  0x0000023c60b360c0 JavaThread "Active Thread: Equinox Container: 29de0014-661b-46e9-91ab-2a919cc77aee"        [_thread_blocked, id=16800, stack(0x0000004b5e700000,0x0000004b5e800000) (1024K)]
  0x0000023c6092d3f0 JavaThread "Framework Event Dispatcher: Equinox Container: 29de0014-661b-46e9-91ab-2a919cc77aee" daemon [_thread_blocked, id=23180, stack(0x0000004b5e800000,0x0000004b5e900000) (1024K)]
  0x0000023c60b2d510 JavaThread "Start Level: Equinox Container: 29de0014-661b-46e9-91ab-2a919cc77aee" daemon [_thread_blocked, id=25052, stack(0x0000004b5e900000,0x0000004b5ea00000) (1024K)]
  0x0000023c609621e0 JavaThread "SCR Component Actor"        daemon [_thread_blocked, id=21856, stack(0x0000004b5dd00000,0x0000004b5de00000) (1024K)]
  0x0000023c60aa1e20 JavaThread "Worker-JM"                         [_thread_blocked, id=19388, stack(0x0000004b5e000000,0x0000004b5e100000) (1024K)]
  0x0000023c609fd740 JavaThread "Worker-0"                          [_thread_blocked, id=14584, stack(0x0000004b5ed00000,0x0000004b5ee00000) (1024K)]
  0x0000023c609fbd00 JavaThread "Worker-1: Initialize After Load"        [_thread_in_vm, id=18536, stack(0x0000004b5ee00000,0x0000004b5ef00000) (1024K)]
  0x0000023c609fca20 JavaThread "JNA Cleaner"                daemon [_thread_blocked, id=13904, stack(0x0000004b5ef00000,0x0000004b5f000000) (1024K)]
  0x0000023c60c0e0e0 JavaThread "C2 CompilerThread1"         daemon [_thread_blocked, id=15172, stack(0x0000004b5f300000,0x0000004b5f400000) (1024K)]
Total: 20

Other Threads:
  0x0000023c189b33e0 VMThread "VM Thread"                           [id=16972, stack(0x0000004b5d400000,0x0000004b5d500000) (1024K)]
  0x0000023c188aba00 WatcherThread "VM Periodic Task Thread"        [id=18864, stack(0x0000004b5d300000,0x0000004b5d400000) (1024K)]
  0x0000023c01f3d5c0 WorkerThread "GC Thread#0"                     [id=9732, stack(0x0000004b5d200000,0x0000004b5d300000) (1024K)]
  0x0000023c60640370 WorkerThread "GC Thread#1"                     [id=15780, stack(0x0000004b5e100000,0x0000004b5e200000) (1024K)]
  0x0000023c6014dcb0 WorkerThread "GC Thread#2"                     [id=29048, stack(0x0000004b5e200000,0x0000004b5e300000) (1024K)]
  0x0000023c60323dc0 WorkerThread "GC Thread#3"                     [id=14156, stack(0x0000004b5e300000,0x0000004b5e400000) (1024K)]
  0x0000023c60324170 WorkerThread "GC Thread#4"                     [id=15840, stack(0x0000004b5e400000,0x0000004b5e500000) (1024K)]
  0x0000023c607453e0 WorkerThread "GC Thread#5"                     [id=14908, stack(0x0000004b5e500000,0x0000004b5e600000) (1024K)]
  0x0000023c60745790 WorkerThread "GC Thread#6"                     [id=16852, stack(0x0000004b5e600000,0x0000004b5e700000) (1024K)]
  0x0000023c60b2c7d0 WorkerThread "GC Thread#7"                     [id=3148, stack(0x0000004b5ea00000,0x0000004b5eb00000) (1024K)]
  0x0000023c60900fe0 WorkerThread "GC Thread#8"                     [id=20756, stack(0x0000004b5eb00000,0x0000004b5ec00000) (1024K)]
  0x0000023c60901390 WorkerThread "GC Thread#9"                     [id=24072, stack(0x0000004b5ec00000,0x0000004b5ed00000) (1024K)]
Total: 12

Threads with active compile tasks:
C2 CompilerThread0  8082 3078       4       java.lang.Object::toString (36 bytes)
C2 CompilerThread1  8082 3114       4       jdk.internal.org.objectweb.asm.Frame::push (109 bytes)
Total: 2

VM state: not at safepoint (normal execution)

VM Mutex/Monitor currently owned by a thread: None

Heap address: 0x0000000080000000, size: 2048 MB, Compressed Oops mode: 32-bit

CDS archive(s) mapped at: [0x0000023c19000000-0x0000023c19ba0000-0x0000023c19ba0000), size 12189696, SharedBaseAddress: 0x0000023c19000000, ArchiveRelocationMode: 1.
Compressed class space mapped at: 0x0000023c1a000000-0x0000023c5a000000, reserved size: 1073741824
Narrow klass base: 0x0000023c19000000, Narrow klass shift: 0, Narrow klass range: 0x100000000

GC Precious Log:
 CardTable entry size: 512
 CPUs: 12 total, 12 available
 Memory: 16162M
 Large Page Support: Disabled
 NUMA Support: Disabled
 Compressed Oops: Enabled (32-bit)
 Alignments: Space 512K, Generation 512K, Heap 2M
 Heap Min Capacity: 100M
 Heap Initial Capacity: 100M
 Heap Max Capacity: 2G
 Pre-touch: Disabled
 Parallel Workers: 10

Heap:
 PSYoungGen      total 26624K, used 2984K [0x00000000d5580000, 0x00000000d7500000, 0x0000000100000000)
  eden space 24064K, 1% used [0x00000000d5580000,0x00000000d55f80b8,0x00000000d6d00000)
  from space 2560K, 97% used [0x00000000d6d80000,0x00000000d6ff2258,0x00000000d7000000)
  to   space 4096K, 0% used [0x00000000d7100000,0x00000000d7100000,0x00000000d7500000)
 ParOldGen       total 68608K, used 10025K [0x0000000080000000, 0x0000000084300000, 0x00000000d5580000)
  object space 68608K, 14% used [0x0000000080000000,0x00000000809ca4a0,0x0000000084300000)
 Metaspace       used 25041K, committed 25728K, reserved 1114112K
  class space    used 2438K, committed 2752K, reserved 1048576K

Card table byte_map: [0x0000023c018f0000,0x0000023c01d00000] _byte_map_base: 0x0000023c014f0000

Marking Bits: (ParMarkBitMap*) 0x00007ff9b8e43450
 Begin Bits: [0x0000023c143d0000, 0x0000023c163d0000)
 End Bits:   [0x0000023c163d0000, 0x0000023c183d0000)

Polling page: 0x0000023c016e0000

Metaspace:

Usage:
  Non-class:     22.07 MB used.
      Class:      2.38 MB used.
       Both:     24.46 MB used.

Virtual space:
  Non-class space:       64.00 MB reserved,      22.44 MB ( 35%) committed,  1 nodes.
      Class space:        1.00 GB reserved,       2.69 MB ( <1%) committed,  1 nodes.
             Both:        1.06 GB reserved,      25.12 MB (  2%) committed. 

Chunk freelists:
   Non-Class:  9.45 MB
       Class:  13.28 MB
        Both:  22.73 MB

MaxMetaspaceSize: unlimited
CompressedClassSpaceSize: 1.00 GB
Initial GC threshold: 21.00 MB
Current GC threshold: 35.00 MB
CDS: on
 - commit_granule_bytes: 65536.
 - commit_granule_words: 8192.
 - virtual_space_node_default_size: 8388608.
 - enlarge_chunks_in_place: 1.
 - use_allocation_guard: 0.


Internal statistics:

num_allocs_failed_limit: 3.
num_arena_births: 530.
num_arena_deaths: 14.
num_vsnodes_births: 2.
num_vsnodes_deaths: 0.
num_space_committed: 402.
num_space_uncommitted: 0.
num_chunks_returned_to_freelist: 17.
num_chunks_taken_from_freelist: 1433.
num_chunk_merges: 9.
num_chunk_splits: 955.
num_chunks_enlarged: 632.
num_inconsistent_stats: 0.

CodeHeap 'non-profiled nmethods': size=120000Kb used=1457Kb max_used=1457Kb free=118543Kb
 bounds [0x0000023c0cbf0000, 0x0000023c0ce60000, 0x0000023c14120000]
CodeHeap 'profiled nmethods': size=120000Kb used=6112Kb max_used=6112Kb free=113887Kb
 bounds [0x0000023c05120000, 0x0000023c05720000, 0x0000023c0c650000]
CodeHeap 'non-nmethods': size=5760Kb used=1323Kb max_used=1401Kb free=4436Kb
 bounds [0x0000023c0c650000, 0x0000023c0c8c0000, 0x0000023c0cbf0000]
CodeCache: size=245760Kb, used=8892Kb, max_used=8970Kb, free=236866Kb
 total_blobs=3724, nmethods=3110, adapters=520, full_count=0
Compilation: enabled, stopped_count=0, restarted_count=0

Compilation events (20 events):
Event: 7.927 Thread 0x0000023c5b9bf4c0 nmethod 3076 0x0000023c0cd58510 code [0x0000023c0cd586a0, 0x0000023c0cd58938]
Event: 7.932 Thread 0x0000023c5b9f30a0 3077       1       java.util.concurrent.CopyOnWriteArrayList::setArray (6 bytes)
Event: 7.932 Thread 0x0000023c5b9f30a0 nmethod 3077 0x0000023c0cd58a90 code [0x0000023c0cd58c20, 0x0000023c0cd58d08]
Event: 7.958 Thread 0x0000023c5b9bf4c0 3078       4       java.lang.Object::toString (36 bytes)
Event: 7.974 Thread 0x0000023c5b9f30a0 3079       3       java.lang.invoke.MethodHandle::isAncestorLoaderOf (35 bytes)
Event: 7.975 Thread 0x0000023c5b9f30a0 nmethod 3079 0x0000023c0570b810 code [0x0000023c0570ba40, 0x0000023c0570c1b0]
Event: 7.984 Thread 0x0000023c5b9f30a0 3081       3       java.nio.ByteBuffer::limit (6 bytes)
Event: 7.984 Thread 0x0000023c5b9f30a0 nmethod 3081 0x0000023c0570c410 code [0x0000023c0570c5c0, 0x0000023c0570c788]
Event: 7.984 Thread 0x0000023c5b9f30a0 3082   !   3       java.util.concurrent.ConcurrentHashMap::initTable (112 bytes)
Event: 7.985 Thread 0x0000023c5b9f30a0 nmethod 3082 0x0000023c0570c810 code [0x0000023c0570ca20, 0x0000023c0570d270]
Event: 7.985 Thread 0x0000023c5b9f30a0 3083       3       jdk.internal.org.objectweb.asm.Frame::setInputFrameFromDescriptor (175 bytes)
Event: 7.987 Thread 0x0000023c5b9f30a0 nmethod 3083 0x0000023c0570d510 code [0x0000023c0570d740, 0x0000023c0570de68]
Event: 7.987 Thread 0x0000023c5b9f30a0 3085       3       jdk.internal.org.objectweb.asm.SymbolTable::put (150 bytes)
Event: 7.988 Thread 0x0000023c5b9f30a0 nmethod 3085 0x0000023c0570e290 code [0x0000023c0570e480, 0x0000023c0570eb90]
Event: 7.988 Thread 0x0000023c5b9f30a0 3084       3       jdk.internal.org.objectweb.asm.FieldVisitor::<init> (78 bytes)
Event: 7.989 Thread 0x0000023c5b9f30a0 nmethod 3084 0x0000023c0570ee90 code [0x0000023c0570f0c0, 0x0000023c0570f818]
Event: 7.996 Thread 0x0000023c5b9f30a0 3088       3       java.lang.invoke.InvokerBytecodeGenerator::<init> (80 bytes)
Event: 7.997 Thread 0x0000023c5b9f30a0 nmethod 3088 0x0000023c0570fb10 code [0x0000023c0570fce0, 0x0000023c05710078]
Event: 7.997 Thread 0x0000023c5b9f30a0 3089       3       java.util.concurrent.ConcurrentHashMap::sumCount (60 bytes)
Event: 7.998 Thread 0x0000023c5b9f30a0 nmethod 3089 0x0000023c05710310 code [0x0000023c057104c0, 0x0000023c05710708]

GC Heap History (14 events):
Event: 1.455 GC heap before
{Heap before GC invocations=1 (full 0):
 PSYoungGen      total 29696K, used 25600K [0x00000000d5580000, 0x00000000d7680000, 0x0000000100000000)
  eden space 25600K, 100% used [0x00000000d5580000,0x00000000d6e80000,0x00000000d6e80000)
  from space 4096K, 0% used [0x00000000d7280000,0x00000000d7280000,0x00000000d7680000)
  to   space 4096K, 0% used [0x00000000d6e80000,0x00000000d6e80000,0x00000000d7280000)
 ParOldGen       total 68608K, used 0K [0x0000000080000000, 0x0000000084300000, 0x00000000d5580000)
  object space 68608K, 0% used [0x0000000080000000,0x0000000080000000,0x0000000084300000)
 Metaspace       used 4304K, committed 4544K, reserved 1114112K
  class space    used 471K, committed 576K, reserved 1048576K
}
Event: 1.468 GC heap after
{Heap after GC invocations=1 (full 0):
 PSYoungGen      total 29696K, used 3280K [0x00000000d5580000, 0x00000000d7680000, 0x0000000100000000)
  eden space 25600K, 0% used [0x00000000d5580000,0x00000000d5580000,0x00000000d6e80000)
  from space 4096K, 80% used [0x00000000d6e80000,0x00000000d71b4148,0x00000000d7280000)
  to   space 4096K, 0% used [0x00000000d7280000,0x00000000d7280000,0x00000000d7680000)
 ParOldGen       total 68608K, used 16K [0x0000000080000000, 0x0000000084300000, 0x00000000d5580000)
  object space 68608K, 0% used [0x0000000080000000,0x0000000080004000,0x0000000084300000)
 Metaspace       used 4304K, committed 4544K, reserved 1114112K
  class space    used 471K, committed 576K, reserved 1048576K
}
Event: 3.066 GC heap before
{Heap before GC invocations=2 (full 0):
 PSYoungGen      total 29696K, used 28861K [0x00000000d5580000, 0x00000000d7680000, 0x0000000100000000)
  eden space 25600K, 99% used [0x00000000d5580000,0x00000000d6e7b538,0x00000000d6e80000)
  from space 4096K, 80% used [0x00000000d6e80000,0x00000000d71b4148,0x00000000d7280000)
  to   space 4096K, 0% used [0x00000000d7280000,0x00000000d7280000,0x00000000d7680000)
 ParOldGen       total 68608K, used 16K [0x0000000080000000, 0x0000000084300000, 0x00000000d5580000)
  object space 68608K, 0% used [0x0000000080000000,0x0000000080004000,0x0000000084300000)
 Metaspace       used 8045K, committed 8320K, reserved 1114112K
  class space    used 848K, committed 960K, reserved 1048576K
}
Event: 3.080 GC heap after
{Heap after GC invocations=2 (full 0):
 PSYoungGen      total 29696K, used 4070K [0x00000000d5580000, 0x00000000d7680000, 0x0000000100000000)
  eden space 25600K, 0% used [0x00000000d5580000,0x00000000d5580000,0x00000000d6e80000)
  from space 4096K, 99% used [0x00000000d7280000,0x00000000d7679800,0x00000000d7680000)
  to   space 4096K, 0% used [0x00000000d6e80000,0x00000000d6e80000,0x00000000d7280000)
 ParOldGen       total 68608K, used 1120K [0x0000000080000000, 0x0000000084300000, 0x00000000d5580000)
  object space 68608K, 1% used [0x0000000080000000,0x0000000080118020,0x0000000084300000)
 Metaspace       used 8045K, committed 8320K, reserved 1114112K
  class space    used 848K, committed 960K, reserved 1048576K
}
Event: 4.612 GC heap before
{Heap before GC invocations=3 (full 0):
 PSYoungGen      total 29696K, used 29670K [0x00000000d5580000, 0x00000000d7680000, 0x0000000100000000)
  eden space 25600K, 100% used [0x00000000d5580000,0x00000000d6e80000,0x00000000d6e80000)
  from space 4096K, 99% used [0x00000000d7280000,0x00000000d7679800,0x00000000d7680000)
  to   space 4096K, 0% used [0x00000000d6e80000,0x00000000d6e80000,0x00000000d7280000)
 ParOldGen       total 68608K, used 1120K [0x0000000080000000, 0x0000000084300000, 0x00000000d5580000)
  object space 68608K, 1% used [0x0000000080000000,0x0000000080118020,0x0000000084300000)
 Metaspace       used 12855K, committed 13376K, reserved 1114112K
  class space    used 1361K, committed 1600K, reserved 1048576K
}
Event: 4.622 GC heap after
{Heap after GC invocations=3 (full 0):
 PSYoungGen      total 29696K, used 4076K [0x00000000d5580000, 0x00000000d7680000, 0x0000000100000000)
  eden space 25600K, 0% used [0x00000000d5580000,0x00000000d5580000,0x00000000d6e80000)
  from space 4096K, 99% used [0x00000000d6e80000,0x00000000d727b088,0x00000000d7280000)
  to   space 4096K, 0% used [0x00000000d7280000,0x00000000d7280000,0x00000000d7680000)
 ParOldGen       total 68608K, used 2746K [0x0000000080000000, 0x0000000084300000, 0x00000000d5580000)
  object space 68608K, 4% used [0x0000000080000000,0x00000000802ae890,0x0000000084300000)
 Metaspace       used 12855K, committed 13376K, reserved 1114112K
  class space    used 1361K, committed 1600K, reserved 1048576K
}
Event: 5.554 GC heap before
{Heap before GC invocations=4 (full 0):
 PSYoungGen      total 29696K, used 29541K [0x00000000d5580000, 0x00000000d7680000, 0x0000000100000000)
  eden space 25600K, 99% used [0x00000000d5580000,0x00000000d6e5e550,0x00000000d6e80000)
  from space 4096K, 99% used [0x00000000d6e80000,0x00000000d727b088,0x00000000d7280000)
  to   space 4096K, 0% used [0x00000000d7280000,0x00000000d7280000,0x00000000d7680000)
 ParOldGen       total 68608K, used 2746K [0x0000000080000000, 0x0000000084300000, 0x00000000d5580000)
  object space 68608K, 4% used [0x0000000080000000,0x00000000802ae890,0x0000000084300000)
 Metaspace       used 16114K, committed 16768K, reserved 1114112K
  class space    used 1674K, committed 1984K, reserved 1048576K
}
Event: 5.563 GC heap after
{Heap after GC invocations=4 (full 0):
 PSYoungGen      total 29696K, used 4093K [0x00000000d5580000, 0x00000000d7680000, 0x0000000100000000)
  eden space 25600K, 0% used [0x00000000d5580000,0x00000000d5580000,0x00000000d6e80000)
  from space 4096K, 99% used [0x00000000d7280000,0x00000000d767f508,0x00000000d7680000)
  to   space 4096K, 0% used [0x00000000d6e80000,0x00000000d6e80000,0x00000000d7280000)
 ParOldGen       total 68608K, used 5832K [0x0000000080000000, 0x0000000084300000, 0x00000000d5580000)
  object space 68608K, 8% used [0x0000000080000000,0x00000000805b2258,0x0000000084300000)
 Metaspace       used 16114K, committed 16768K, reserved 1114112K
  class space    used 1674K, committed 1984K, reserved 1048576K
}
Event: 6.261 GC heap before
{Heap before GC invocations=5 (full 0):
 PSYoungGen      total 29696K, used 29689K [0x00000000d5580000, 0x00000000d7680000, 0x0000000100000000)
  eden space 25600K, 99% used [0x00000000d5580000,0x00000000d6e7f078,0x00000000d6e80000)
  from space 4096K, 99% used [0x00000000d7280000,0x00000000d767f508,0x00000000d7680000)
  to   space 4096K, 0% used [0x00000000d6e80000,0x00000000d6e80000,0x00000000d7280000)
 ParOldGen       total 68608K, used 5832K [0x0000000080000000, 0x0000000084300000, 0x00000000d5580000)
  object space 68608K, 8% used [0x0000000080000000,0x00000000805b2258,0x0000000084300000)
 Metaspace       used 19956K, committed 20608K, reserved 1114112K
  class space    used 1948K, committed 2240K, reserved 1048576K
}
Event: 6.267 GC heap after
{Heap after GC invocations=5 (full 0):
 PSYoungGen      total 29184K, used 4092K [0x00000000d5580000, 0x00000000d7900000, 0x0000000100000000)
  eden space 25088K, 0% used [0x00000000d5580000,0x00000000d5580000,0x00000000d6e00000)
  from space 4096K, 99% used [0x00000000d6e80000,0x00000000d727f0f0,0x00000000d7280000)
  to   space 5632K, 0% used [0x00000000d7380000,0x00000000d7380000,0x00000000d7900000)
 ParOldGen       total 68608K, used 5881K [0x0000000080000000, 0x0000000084300000, 0x00000000d5580000)
  object space 68608K, 8% used [0x0000000080000000,0x00000000805be6f8,0x0000000084300000)
 Metaspace       used 19956K, committed 20608K, reserved 1114112K
  class space    used 1948K, committed 2240K, reserved 1048576K
}
Event: 6.619 GC heap before
{Heap before GC invocations=6 (full 0):
 PSYoungGen      total 29184K, used 23827K [0x00000000d5580000, 0x00000000d7900000, 0x0000000100000000)
  eden space 25088K, 78% used [0x00000000d5580000,0x00000000d68c5ec0,0x00000000d6e00000)
  from space 4096K, 99% used [0x00000000d6e80000,0x00000000d727f0f0,0x00000000d7280000)
  to   space 5632K, 0% used [0x00000000d7380000,0x00000000d7380000,0x00000000d7900000)
 ParOldGen       total 68608K, used 5881K [0x0000000080000000, 0x0000000084300000, 0x00000000d5580000)
  object space 68608K, 8% used [0x0000000080000000,0x00000000805be6f8,0x0000000084300000)
 Metaspace       used 20877K, committed 21504K, reserved 1114112K
  class space    used 2002K, committed 2304K, reserved 1048576K
}
Event: 6.628 GC heap after
{Heap after GC invocations=6 (full 0):
 PSYoungGen      total 30208K, used 5631K [0x00000000d5580000, 0x00000000d7a00000, 0x0000000100000000)
  eden space 24576K, 0% used [0x00000000d5580000,0x00000000d5580000,0x00000000d6d80000)
  from space 5632K, 99% used [0x00000000d7380000,0x00000000d78ffde8,0x00000000d7900000)
  to   space 6144K, 0% used [0x00000000d6d80000,0x00000000d6d80000,0x00000000d7380000)
 ParOldGen       total 68608K, used 6049K [0x0000000080000000, 0x0000000084300000, 0x00000000d5580000)
  object space 68608K, 8% used [0x0000000080000000,0x00000000805e86f8,0x0000000084300000)
 Metaspace       used 20877K, committed 21504K, reserved 1114112K
  class space    used 2002K, committed 2304K, reserved 1048576K
}
Event: 6.628 GC heap before
{Heap before GC invocations=7 (full 1):
 PSYoungGen      total 30208K, used 5631K [0x00000000d5580000, 0x00000000d7a00000, 0x0000000100000000)
  eden space 24576K, 0% used [0x00000000d5580000,0x00000000d5580000,0x00000000d6d80000)
  from space 5632K, 99% used [0x00000000d7380000,0x00000000d78ffde8,0x00000000d7900000)
  to   space 6144K, 0% used [0x00000000d6d80000,0x00000000d6d80000,0x00000000d7380000)
 ParOldGen       total 68608K, used 6049K [0x0000000080000000, 0x0000000084300000, 0x00000000d5580000)
  object space 68608K, 8% used [0x0000000080000000,0x00000000805e86f8,0x0000000084300000)
 Metaspace       used 20877K, committed 21504K, reserved 1114112K
  class space    used 2002K, committed 2304K, reserved 1048576K
}
Event: 6.673 GC heap after
{Heap after GC invocations=7 (full 1):
 PSYoungGen      total 30208K, used 0K [0x00000000d5580000, 0x00000000d7a00000, 0x0000000100000000)
  eden space 24576K, 0% used [0x00000000d5580000,0x00000000d5580000,0x00000000d6d80000)
  from space 5632K, 0% used [0x00000000d7380000,0x00000000d7380000,0x00000000d7900000)
  to   space 6144K, 0% used [0x00000000d6d80000,0x00000000d6d80000,0x00000000d7380000)
 ParOldGen       total 68608K, used 10017K [0x0000000080000000, 0x0000000084300000, 0x00000000d5580000)
  object space 68608K, 14% used [0x0000000080000000,0x00000000809c84a0,0x0000000084300000)
 Metaspace       used 20864K, committed 21504K, reserved 1114112K
  class space    used 1999K, committed 2304K, reserved 1048576K
}

Dll operation events (10 events):
Event: 0.051 Loaded shared library c:\Users\HAIBONWA RIBEGA B\.antigravity\extensions\redhat.java-1.54.0-win32-x64\jre\21.0.10-win32-x86_64\bin\java.dll
Event: 0.200 Loaded shared library c:\Users\HAIBONWA RIBEGA B\.antigravity\extensions\redhat.java-1.54.0-win32-x64\jre\21.0.10-win32-x86_64\bin\zip.dll
Event: 0.245 Loaded shared library C:\Users\HAIBONWA RIBEGA B\.antigravity\extensions\redhat.java-1.54.0-win32-x64\jre\21.0.10-win32-x86_64\bin\instrument.dll
Event: 0.255 Loaded shared library C:\Users\HAIBONWA RIBEGA B\.antigravity\extensions\redhat.java-1.54.0-win32-x64\jre\21.0.10-win32-x86_64\bin\net.dll
Event: 0.260 Loaded shared library C:\Users\HAIBONWA RIBEGA B\.antigravity\extensions\redhat.java-1.54.0-win32-x64\jre\21.0.10-win32-x86_64\bin\nio.dll
Event: 0.267 Loaded shared library C:\Users\HAIBONWA RIBEGA B\.antigravity\extensions\redhat.java-1.54.0-win32-x64\jre\21.0.10-win32-x86_64\bin\zip.dll
Event: 0.299 Loaded shared library C:\Users\HAIBONWA RIBEGA B\.antigravity\extensions\redhat.java-1.54.0-win32-x64\jre\21.0.10-win32-x86_64\bin\jimage.dll
Event: 0.484 Loaded shared library c:\Users\HAIBONWA RIBEGA B\.antigravity\extensions\redhat.java-1.54.0-win32-x64\jre\21.0.10-win32-x86_64\bin\verify.dll
Event: 3.052 Loaded shared library C:\Users\HAIBONWA RIBEGA B\AppData\Roaming\Antigravity\User\globalStorage\redhat.java\1.54.0\config_ss_win\org.eclipse.equinox.launcher\org.eclipse.equinox.launcher.win32.win32.x86_64_1.3.0.v20260203-2149\eclipse_11919.dll
Event: 7.882 Loaded shared library C:\Users\HAIBONWA RIBEGA B\AppData\Local\Temp\jna--1134592773\jna14855546999035902259.dll

Deoptimization events (20 events):
Event: 7.256 Thread 0x0000023c60b2d510 Uncommon trap: trap_request=0xffffffde fr.pc=0x0000023c0cd20f4c relative=0x000000000000080c
Event: 7.256 Thread 0x0000023c60b2d510 Uncommon trap: reason=class_check action=maybe_recompile pc=0x0000023c0cd20f4c method=java.util.HashMap.putVal(ILjava/lang/Object;Ljava/lang/Object;ZZ)Ljava/lang/Object; @ 91 c2
Event: 7.256 Thread 0x0000023c60b2d510 DEOPT PACKING pc=0x0000023c0cd20f4c sp=0x0000004b5e9fdbc0
Event: 7.256 Thread 0x0000023c60b2d510 DEOPT UNPACKING pc=0x0000023c0c6a3aa2 sp=0x0000004b5e9fdab0 mode 2
Event: 7.257 Thread 0x0000023c60b2d510 Uncommon trap: trap_request=0xffffffde fr.pc=0x0000023c0cd20f4c relative=0x000000000000080c
Event: 7.257 Thread 0x0000023c60b2d510 Uncommon trap: reason=class_check action=maybe_recompile pc=0x0000023c0cd20f4c method=java.util.HashMap.putVal(ILjava/lang/Object;Ljava/lang/Object;ZZ)Ljava/lang/Object; @ 91 c2
Event: 7.257 Thread 0x0000023c60b2d510 DEOPT PACKING pc=0x0000023c0cd20f4c sp=0x0000004b5e9fdbc0
Event: 7.257 Thread 0x0000023c60b2d510 DEOPT UNPACKING pc=0x0000023c0c6a3aa2 sp=0x0000004b5e9fdab0 mode 2
Event: 7.701 Thread 0x0000023c60b2d510 Uncommon trap: trap_request=0xffffff45 fr.pc=0x0000023c0cce66b4 relative=0x0000000000000f34
Event: 7.701 Thread 0x0000023c60b2d510 Uncommon trap: reason=unstable_if action=reinterpret pc=0x0000023c0cce66b4 method=java.util.Properties$LineReader.readLine()I @ 256 c2
Event: 7.701 Thread 0x0000023c60b2d510 DEOPT PACKING pc=0x0000023c0cce66b4 sp=0x0000004b5e9fb8c0
Event: 7.701 Thread 0x0000023c60b2d510 DEOPT UNPACKING pc=0x0000023c0c6a3aa2 sp=0x0000004b5e9fb868 mode 2
Event: 7.717 Thread 0x0000023c60b2d510 Uncommon trap: trap_request=0xffffff45 fr.pc=0x0000023c0cc2a288 relative=0x00000000000006e8
Event: 7.717 Thread 0x0000023c60b2d510 Uncommon trap: reason=unstable_if action=reinterpret pc=0x0000023c0cc2a288 method=java.lang.String.replace(Ljava/lang/CharSequence;Ljava/lang/CharSequence;)Ljava/lang/String; @ 42 c2
Event: 7.718 Thread 0x0000023c60b2d510 DEOPT PACKING pc=0x0000023c0cc2a288 sp=0x0000004b5e9fbdb0
Event: 7.718 Thread 0x0000023c60b2d510 DEOPT UNPACKING pc=0x0000023c0c6a3aa2 sp=0x0000004b5e9fbd30 mode 2
Event: 7.927 Thread 0x0000023c60b2d510 Uncommon trap: trap_request=0xffffff45 fr.pc=0x0000023c0cc92348 relative=0x0000000000000128
Event: 7.927 Thread 0x0000023c60b2d510 Uncommon trap: reason=unstable_if action=reinterpret pc=0x0000023c0cc92348 method=jdk.internal.org.objectweb.asm.SymbolTable.put(Ljdk/internal/org/objectweb/asm/SymbolTable$Entry;)Ljdk/internal/org/objectweb/asm/SymbolTable$Entry; @ 13 c2
Event: 7.927 Thread 0x0000023c60b2d510 DEOPT PACKING pc=0x0000023c0cc92348 sp=0x0000004b5e9fbec0
Event: 7.927 Thread 0x0000023c60b2d510 DEOPT UNPACKING pc=0x0000023c0c6a3aa2 sp=0x0000004b5e9fbe20 mode 2

Classes loaded (20 events):
Event: 7.956 Loading class javax/crypto/IllegalBlockSizeException
Event: 7.957 Loading class javax/crypto/IllegalBlockSizeException done
Event: 7.957 Loading class javax/crypto/BadPaddingException
Event: 7.957 Loading class javax/crypto/BadPaddingException done
Event: 7.961 Loading class java/security/InvalidAlgorithmParameterException
Event: 7.961 Loading class java/security/InvalidAlgorithmParameterException done
Event: 7.961 Loading class java/security/spec/InvalidKeySpecException
Event: 7.961 Loading class java/security/spec/InvalidKeySpecException done
Event: 7.962 Loading class javax/crypto/NoSuchPaddingException
Event: 7.962 Loading class javax/crypto/NoSuchPaddingException done
Event: 7.963 Loading class java/security/spec/InvalidParameterSpecException
Event: 7.964 Loading class java/security/spec/InvalidParameterSpecException done
Event: 7.965 Loading class javax/crypto/spec/PBEKeySpec
Event: 7.966 Loading class javax/crypto/spec/PBEKeySpec done
Event: 7.984 Loading class java/lang/annotation/Documented
Event: 7.984 Loading class java/lang/annotation/Documented done
Event: 7.987 Loading class java/lang/Class$AnnotationData
Event: 7.988 Loading class java/lang/Class$AnnotationData done
Event: 7.990 Loading class jdk/internal/reflect/MethodHandleBooleanFieldAccessorImpl
Event: 7.991 Loading class jdk/internal/reflect/MethodHandleBooleanFieldAccessorImpl done

Classes unloaded (7 events):
Event: 6.637 Thread 0x0000023c189b33e0 Unloading class 0x0000023c1a190c00 'java/lang/invoke/LambdaForm$MH+0x0000023c1a190c00'
Event: 6.637 Thread 0x0000023c189b33e0 Unloading class 0x0000023c1a190800 'java/lang/invoke/LambdaForm$MH+0x0000023c1a190800'
Event: 6.637 Thread 0x0000023c189b33e0 Unloading class 0x0000023c1a190400 'java/lang/invoke/LambdaForm$MH+0x0000023c1a190400'
Event: 6.637 Thread 0x0000023c189b33e0 Unloading class 0x0000023c1a190000 'java/lang/invoke/LambdaForm$MH+0x0000023c1a190000'
Event: 6.637 Thread 0x0000023c189b33e0 Unloading class 0x0000023c1a18fc00 'java/lang/invoke/LambdaForm$BMH+0x0000023c1a18fc00'
Event: 6.637 Thread 0x0000023c189b33e0 Unloading class 0x0000023c1a18f800 'java/lang/invoke/LambdaForm$DMH+0x0000023c1a18f800'
Event: 6.637 Thread 0x0000023c189b33e0 Unloading class 0x0000023c1a18e400 'java/lang/invoke/LambdaForm$DMH+0x0000023c1a18e400'

Classes redefined (0 events):
No events

Internal exceptions (20 events):
Event: 5.238 Thread 0x0000023c60b2d510 Exception <a 'java/lang/NoSuchMethodError'{0x00000000d61479e8}: 'void java.lang.invoke.DirectMethodHandle$Holder.invokeSpecial(java.lang.Object, java.lang.Object, java.lang.Object, java.lang.Object, java.lang.Object)'> (0x00000000d61479e8) 
thrown [s\src\hotspot\share\interpreter\linkResolver.cpp, line 773]
Event: 5.326 Thread 0x0000023c60b2d510 Exception <a 'java/lang/NoSuchMethodError'{0x00000000d6415c60}: 'double java.lang.invoke.DirectMethodHandle$Holder.invokeStatic(java.lang.Object, java.lang.Object)'> (0x00000000d6415c60) 
thrown [s\src\hotspot\share\interpreter\linkResolver.cpp, line 773]
Event: 5.327 Thread 0x0000023c60b2d510 Exception <a 'java/lang/NoSuchMethodError'{0x00000000d6419320}: 'double java.lang.invoke.DirectMethodHandle$Holder.invokeStaticInit(java.lang.Object, java.lang.Object)'> (0x00000000d6419320) 
thrown [s\src\hotspot\share\interpreter\linkResolver.cpp, line 773]
Event: 6.068 Thread 0x0000023c60b2d510 Implicit null exception at 0x0000023c0cd06ef5 to 0x0000023c0cd06fe8
Event: 6.399 Thread 0x0000023c60b2d510 Exception <a 'java/io/FileNotFoundException'{0x00000000d631bdd0}> (0x00000000d631bdd0) 
thrown [s\src\hotspot\share\prims\jni.cpp, line 520]
Event: 6.400 Thread 0x0000023c60b2d510 Exception <a 'java/io/FileNotFoundException'{0x00000000d631d288}> (0x00000000d631d288) 
thrown [s\src\hotspot\share\prims\jni.cpp, line 520]
Event: 6.786 Thread 0x0000023c60b2d510 Exception <a 'java/lang/NoSuchMethodError'{0x00000000d577d348}: 'java.lang.Object java.lang.invoke.DirectMethodHandle$Holder.newInvokeSpecial(java.lang.Object, int, java.lang.Object, java.lang.Object)'> (0x00000000d577d348) 
thrown [s\src\hotspot\share\interpreter\linkResolver.cpp, line 773]
Event: 6.893 Thread 0x0000023c60b2d510 Exception <a 'sun/nio/fs/WindowsException'{0x00000000d5960fb0}> (0x00000000d5960fb0) 
thrown [s\src\hotspot\share\prims\jni.cpp, line 520]
Event: 7.012 Thread 0x0000023c60b2d510 Exception <a 'java/lang/NoSuchMethodError'{0x00000000d5b2e3c8}: 'java.lang.Object java.lang.invoke.DirectMethodHandle$Holder.invokeStaticInit(java.lang.Object, int, int, int, int)'> (0x00000000d5b2e3c8) 
thrown [s\src\hotspot\share\interpreter\linkResolver.cpp, line 773]
Event: 7.107 Thread 0x0000023c60b2d510 Exception <a 'java/lang/NoSuchMethodError'{0x00000000d5c6b218}: 'java.lang.Object java.lang.invoke.DirectMethodHandle$Holder.invokeStaticInit(java.lang.Object, java.lang.Object, int, int, int, int)'> (0x00000000d5c6b218) 
thrown [s\src\hotspot\share\interpreter\linkResolver.cpp, line 773]
Event: 7.373 Thread 0x0000023c60b2d510 Exception <a 'java/lang/ClassNotFoundException'{0x00000000d622d330}: com/sun/org/apache/xml/internal/serializer/spi/XMLEntitiesProvider> (0x00000000d622d330) 
thrown [s\src\hotspot\share\classfile\systemDictionary.cpp, line 312]
Event: 7.637 Thread 0x0000023c60b2d510 Exception <a 'java/io/FileNotFoundException'{0x00000000d65d3e48}> (0x00000000d65d3e48) 
thrown [s\src\hotspot\share\prims\jni.cpp, line 520]
Event: 7.939 Thread 0x0000023c60b2d510 Exception <a 'java/lang/UnsatisfiedLinkError'{0x00000000d6959278}: La procédure spécifiée est introuvable.
> (0x00000000d6959278) 
thrown [s\src\hotspot\share\prims\jni.cpp, line 539]
Event: 7.948 Thread 0x0000023c60b2d510 Exception <a 'java/io/FileNotFoundException'{0x00000000d697f0c8}> (0x00000000d697f0c8) 
thrown [s\src\hotspot\share\prims\jni.cpp, line 520]
Event: 7.966 Thread 0x0000023c60b2d510 Exception <a 'java/io/FileNotFoundException'{0x00000000d69f8f90}> (0x00000000d69f8f90) 
thrown [s\src\hotspot\share\prims\jni.cpp, line 520]
Event: 7.991 Thread 0x0000023c60b2d510 Exception <a 'java/lang/NoSuchMethodError'{0x00000000d6a8e318}: 'void java.lang.invoke.DirectMethodHandle$Holder.invokeSpecial(java.lang.Object, java.lang.Object, java.lang.Object, int)'> (0x00000000d6a8e318) 
thrown [s\src\hotspot\share\interpreter\linkResolver.cpp, line 773]
Event: 7.992 Thread 0x0000023c60b2d510 Exception <a 'java/lang/NoSuchMethodError'{0x00000000d6a919e8}: 'void java.lang.invoke.DelegatingMethodHandle$Holder.reinvoke_L(java.lang.Object, java.lang.Object, int)'> (0x00000000d6a919e8) 
thrown [s\src\hotspot\share\interpreter\linkResolver.cpp, line 773]
Event: 7.993 Thread 0x0000023c60b2d510 Exception <a 'java/lang/NoSuchMethodError'{0x00000000d6a98380}: 'int java.lang.invoke.Invokers$Holder.invokeExact_MT(java.lang.Object, java.lang.Object, java.lang.Object)'> (0x00000000d6a98380) 
thrown [s\src\hotspot\share\interpreter\linkResolver.cpp, line 773]
Event: 7.998 Thread 0x0000023c60b2d510 Exception <a 'java/lang/UnsatisfiedLinkError'{0x00000000d6aabd58}: La procédure spécifiée est introuvable.
> (0x00000000d6aabd58) 
thrown [s\src\hotspot\share\prims\jni.cpp, line 539]
Event: 8.009 Thread 0x0000023c60b2d510 Exception <a 'java/lang/NoSuchMethodError'{0x00000000d6ab7fc8}: 'void java.lang.invoke.Invokers$Holder.invokeExact_MT(java.lang.Object, java.lang.Object, int, java.lang.Object)'> (0x00000000d6ab7fc8) 
thrown [s\src\hotspot\share\interpreter\linkResolver.cpp, line 773]

ZGC Phase Switch (0 events):
No events

VM Operations (20 events):
Event: 5.554 Executing safepoint VM operation: ParallelGCFailedAllocation (Allocation Failure)
Event: 5.563 Executing safepoint VM operation: ParallelGCFailedAllocation (Allocation Failure) done
Event: 6.261 Executing safepoint VM operation: ParallelGCFailedAllocation (Allocation Failure)
Event: 6.267 Executing safepoint VM operation: ParallelGCFailedAllocation (Allocation Failure) done
Event: 6.619 Executing safepoint VM operation: CollectForMetadataAllocation (Metadata GC Threshold)
Event: 6.673 Executing safepoint VM operation: CollectForMetadataAllocation (Metadata GC Threshold) done
Event: 6.870 Executing non-safepoint VM operation: HandshakeAllThreads (Deoptimize)
Event: 6.870 Executing non-safepoint VM operation: HandshakeAllThreads (Deoptimize) done
Event: 7.119 Executing non-safepoint VM operation: HandshakeAllThreads (Deoptimize)
Event: 7.119 Executing non-safepoint VM operation: HandshakeAllThreads (Deoptimize) done
Event: 7.139 Executing non-safepoint VM operation: HandshakeAllThreads (Deoptimize)
Event: 7.139 Executing non-safepoint VM operation: HandshakeAllThreads (Deoptimize) done
Event: 7.447 Executing non-safepoint VM operation: HandshakeAllThreads (Deoptimize)
Event: 7.448 Executing non-safepoint VM operation: HandshakeAllThreads (Deoptimize) done
Event: 7.575 Executing non-safepoint VM operation: HandshakeAllThreads (Deoptimize)
Event: 7.575 Executing non-safepoint VM operation: HandshakeAllThreads (Deoptimize) done
Event: 7.908 Executing non-safepoint VM operation: HandshakeAllThreads (Deoptimize)
Event: 7.908 Executing non-safepoint VM operation: HandshakeAllThreads (Deoptimize) done
Event: 7.908 Executing safepoint VM operation: Cleanup
Event: 7.909 Executing safepoint VM operation: Cleanup done

Memory protections (0 events):
No events

Nmethod flushes (0 events):
No events

Events (20 events):
Event: 3.374 Thread 0x0000023c5bbbd760 Thread exited: 0x0000023c5bbbd760
Event: 3.465 Thread 0x0000023c60b2d510 Thread added: 0x0000023c609621e0
Event: 3.850 Thread 0x0000023c5b9f30a0 Thread added: 0x0000023c60729480
Event: 3.850 Thread 0x0000023c5b9f30a0 Thread added: 0x0000023c60728010
Event: 4.251 Thread 0x0000023c60728010 Thread exited: 0x0000023c60728010
Event: 4.251 Thread 0x0000023c60729480 Thread exited: 0x0000023c60729480
Event: 4.360 Thread 0x0000023c60b2d510 Thread added: 0x0000023c60aa1e20
Event: 4.917 Thread 0x0000023c5b9f30a0 Thread added: 0x0000023c60c0d340
Event: 5.098 Thread 0x0000023c60c0d340 Thread exited: 0x0000023c60c0d340
Event: 5.154 Thread 0x0000023c60b2d510 Thread added: 0x0000023c609fd740
Event: 5.201 Thread 0x0000023c60b2d510 Thread added: 0x0000023c609fbd00
Event: 5.540 Thread 0x0000023c5b9f30a0 Thread added: 0x0000023c60c102f0
Event: 5.730 Thread 0x0000023c60c102f0 Thread exited: 0x0000023c60c102f0
Event: 6.289 Thread 0x0000023c5b9f30a0 Thread added: 0x0000023c60c0e0e0
Event: 6.766 Thread 0x0000023c60b2d510 Thread added: 0x0000023c609fddd0
Event: 6.783 Thread 0x0000023c5b9f30a0 Thread added: 0x0000023c60c102f0
Event: 6.971 Thread 0x0000023c609fddd0 Thread exited: 0x0000023c609fddd0
Event: 7.900 Thread 0x0000023c60c102f0 Thread exited: 0x0000023c60c102f0
Event: 7.900 Thread 0x0000023c60c0e0e0 Thread exited: 0x0000023c60c0e0e0
Event: 7.921 Thread 0x0000023c60b2d510 Thread added: 0x0000023c609fca20


Dynamic libraries:
0x00007ff667960000 - 0x00007ff66796e000 	c:\Users\HAIBONWA RIBEGA B\.antigravity\extensions\redhat.java-1.54.0-win32-x64\jre\21.0.10-win32-x86_64\bin\java.exe
0x00007ffaa7d80000 - 0x00007ffaa7fe7000 	C:\WINDOWS\SYSTEM32\ntdll.dll
0x00007ffaa72b0000 - 0x00007ffaa7379000 	C:\WINDOWS\System32\KERNEL32.DLL
0x00007ffaa47b0000 - 0x00007ffaa4ba7000 	C:\WINDOWS\System32\KERNELBASE.dll
0x00007ffaa4fc0000 - 0x00007ffaa510b000 	C:\WINDOWS\System32\ucrtbase.dll
0x00007ffa58e20000 - 0x00007ffa58e38000 	c:\Users\HAIBONWA RIBEGA B\.antigravity\extensions\redhat.java-1.54.0-win32-x64\jre\21.0.10-win32-x86_64\bin\jli.dll
0x00007ffaa6160000 - 0x00007ffaa6326000 	C:\WINDOWS\System32\USER32.dll
0x00007ffa56540000 - 0x00007ffa5655e000 	c:\Users\HAIBONWA RIBEGA B\.antigravity\extensions\redhat.java-1.54.0-win32-x64\jre\21.0.10-win32-x86_64\bin\VCRUNTIME140.dll
0x00007ffaa4dd0000 - 0x00007ffaa4df7000 	C:\WINDOWS\System32\win32u.dll
0x00007ffa84b90000 - 0x00007ffa84e22000 	C:\WINDOWS\WinSxS\amd64_microsoft.windows.common-controls_6595b64144ccf1df_6.0.26100.8328_none_3e08182ce334b678\COMCTL32.dll
0x00007ffaa7380000 - 0x00007ffaa73ab000 	C:\WINDOWS\System32\GDI32.dll
0x00007ffaa7500000 - 0x00007ffaa75a9000 	C:\WINDOWS\System32\msvcrt.dll
0x00007ffaa4e00000 - 0x00007ffaa4f2c000 	C:\WINDOWS\System32\gdi32full.dll
0x00007ffaa4d20000 - 0x00007ffaa4dc3000 	C:\WINDOWS\System32\msvcp_win.dll
0x00007ffaa6af0000 - 0x00007ffaa6b22000 	C:\WINDOWS\System32\IMM32.DLL
0x00007ffa757d0000 - 0x00007ffa757dc000 	c:\Users\HAIBONWA RIBEGA B\.antigravity\extensions\redhat.java-1.54.0-win32-x64\jre\21.0.10-win32-x86_64\bin\vcruntime140_1.dll
0x00007ff9ff640000 - 0x00007ff9ff6cd000 	c:\Users\HAIBONWA RIBEGA B\.antigravity\extensions\redhat.java-1.54.0-win32-x64\jre\21.0.10-win32-x86_64\bin\msvcp140.dll
0x00007ff9b8180000 - 0x00007ff9b8f21000 	c:\Users\HAIBONWA RIBEGA B\.antigravity\extensions\redhat.java-1.54.0-win32-x64\jre\21.0.10-win32-x86_64\bin\server\jvm.dll
0x00007ffaa6570000 - 0x00007ffaa6626000 	C:\WINDOWS\System32\ADVAPI32.dll
0x00007ffaa6ec0000 - 0x00007ffaa6f67000 	C:\WINDOWS\System32\sechost.dll
0x00007ffaa6ff0000 - 0x00007ffaa7108000 	C:\WINDOWS\System32\RPCRT4.dll
0x00007ffaa7470000 - 0x00007ffaa74f0000 	C:\WINDOWS\System32\WS2_32.dll
0x00007ffaa4610000 - 0x00007ffaa466e000 	C:\WINDOWS\SYSTEM32\POWRPROF.dll
0x00007ffa90d70000 - 0x00007ffa90da6000 	C:\WINDOWS\SYSTEM32\WINMM.dll
0x00007ffa9a430000 - 0x00007ffa9a43b000 	C:\WINDOWS\SYSTEM32\VERSION.dll
0x00007ffaa45f0000 - 0x00007ffaa4604000 	C:\WINDOWS\SYSTEM32\UMPDC.dll
0x00007ffaa3540000 - 0x00007ffaa355b000 	C:\WINDOWS\SYSTEM32\kernel.appcore.dll
0x00007ffa73ec0000 - 0x00007ffa73eca000 	c:\Users\HAIBONWA RIBEGA B\.antigravity\extensions\redhat.java-1.54.0-win32-x64\jre\21.0.10-win32-x86_64\bin\jimage.dll
0x00007ffa9f6d0000 - 0x00007ffa9f912000 	C:\WINDOWS\SYSTEM32\DBGHELP.DLL
0x00007ffaa6b30000 - 0x00007ffaa6eb3000 	C:\WINDOWS\System32\combase.dll
0x00007ffaa6a10000 - 0x00007ffaa6ae9000 	C:\WINDOWS\System32\OLEAUT32.dll
0x00007ffa830a0000 - 0x00007ffa830db000 	C:\WINDOWS\SYSTEM32\dbgcore.DLL
0x00007ffaa4c70000 - 0x00007ffaa4d18000 	C:\WINDOWS\System32\bcryptPrimitives.dll
0x00007ffa71100000 - 0x00007ffa7110f000 	c:\Users\HAIBONWA RIBEGA B\.antigravity\extensions\redhat.java-1.54.0-win32-x64\jre\21.0.10-win32-x86_64\bin\instrument.dll
0x00007ffa55c80000 - 0x00007ffa55ca0000 	c:\Users\HAIBONWA RIBEGA B\.antigravity\extensions\redhat.java-1.54.0-win32-x64\jre\21.0.10-win32-x86_64\bin\java.dll
0x00007ffaa75c0000 - 0x00007ffaa7d2e000 	C:\WINDOWS\System32\SHELL32.dll
0x00007ffaa5290000 - 0x00007ffaa5afc000 	C:\WINDOWS\System32\windows.storage.dll
0x00007ffaa5b00000 - 0x00007ffaa5bf6000 	C:\WINDOWS\System32\SHCORE.dll
0x00007ffaa60c0000 - 0x00007ffaa6126000 	C:\WINDOWS\System32\shlwapi.dll
0x00007ffaa46d0000 - 0x00007ffaa46f9000 	C:\WINDOWS\SYSTEM32\profapi.dll
0x00007ffa55c60000 - 0x00007ffa55c78000 	c:\Users\HAIBONWA RIBEGA B\.antigravity\extensions\redhat.java-1.54.0-win32-x64\jre\21.0.10-win32-x86_64\bin\zip.dll
0x00007ffa58ff0000 - 0x00007ffa59000000 	C:\Users\HAIBONWA RIBEGA B\.antigravity\extensions\redhat.java-1.54.0-win32-x64\jre\21.0.10-win32-x86_64\bin\net.dll
0x00007ffa99920000 - 0x00007ffa99a49000 	C:\WINDOWS\SYSTEM32\WINHTTP.dll
0x00007ffaa3ab0000 - 0x00007ffaa3b1c000 	C:\WINDOWS\system32\mswsock.dll
0x00007ffa12220000 - 0x00007ffa12236000 	C:\Users\HAIBONWA RIBEGA B\.antigravity\extensions\redhat.java-1.54.0-win32-x64\jre\21.0.10-win32-x86_64\bin\nio.dll
0x00007ffa55640000 - 0x00007ffa55650000 	c:\Users\HAIBONWA RIBEGA B\.antigravity\extensions\redhat.java-1.54.0-win32-x64\jre\21.0.10-win32-x86_64\bin\verify.dll
0x00007ffa6f210000 - 0x00007ffa6f255000 	C:\Users\HAIBONWA RIBEGA B\AppData\Roaming\Antigravity\User\globalStorage\redhat.java\1.54.0\config_ss_win\org.eclipse.equinox.launcher\org.eclipse.equinox.launcher.win32.win32.x86_64_1.3.0.v20260203-2149\eclipse_11919.dll
0x00007ffaa7110000 - 0x00007ffaa72a7000 	C:\WINDOWS\System32\ole32.dll
0x00007ffaa3d90000 - 0x00007ffaa3dab000 	C:\WINDOWS\SYSTEM32\CRYPTSP.dll
0x00007ffaa34a0000 - 0x00007ffaa34d9000 	C:\WINDOWS\system32\rsaenh.dll
0x00007ffaa3b60000 - 0x00007ffaa3b93000 	C:\WINDOWS\SYSTEM32\USERENV.dll
0x00007ffaa46a0000 - 0x00007ffaa46ca000 	C:\WINDOWS\SYSTEM32\bcrypt.dll
0x00007ffaa3db0000 - 0x00007ffaa3dbc000 	C:\WINDOWS\SYSTEM32\CRYPTBASE.dll
0x00007ffaa2f30000 - 0x00007ffaa2f62000 	C:\WINDOWS\SYSTEM32\IPHLPAPI.DLL
0x00007ffaa6820000 - 0x00007ffaa682a000 	C:\WINDOWS\System32\NSI.dll
0x00007ffa8c2d0000 - 0x00007ffa8c319000 	C:\Users\HAIBONWA RIBEGA B\AppData\Local\Temp\jna--1134592773\jna14855546999035902259.dll
0x00007ffaa6630000 - 0x00007ffaa6638000 	C:\WINDOWS\System32\PSAPI.DLL
0x00007ffa9a410000 - 0x00007ffa9a42d000 	C:\WINDOWS\SYSTEM32\dhcpcsvc6.DLL
0x00007ffa9a2e0000 - 0x00007ffa9a305000 	C:\WINDOWS\SYSTEM32\dhcpcsvc.DLL

JVMTI agents:
c:\Users\HAIBONWA RIBEGA B\.antigravity\extensions\redhat.java-1.54.0-win32-x64\lombok\lombok-1.18.39-4050.jar path:c:\Users\HAIBONWA RIBEGA B\.antigravity\extensions\redhat.java-1.54.0-win32-x64\jre\21.0.10-win32-x86_64\bin\instrument.dll, loaded, initialized, instrumentlib options:none

dbghelp: loaded successfully - version: 4.0.5 - missing functions: none
symbol engine: initialized successfully - sym options: 0x614 - pdb path: .;c:\Users\HAIBONWA RIBEGA B\.antigravity\extensions\redhat.java-1.54.0-win32-x64\jre\21.0.10-win32-x86_64\bin;C:\WINDOWS\SYSTEM32;C:\WINDOWS\WinSxS\amd64_microsoft.windows.common-controls_6595b64144ccf1df_6.0.26100.8328_none_3e08182ce334b678;c:\Users\HAIBONWA RIBEGA B\.antigravity\extensions\redhat.java-1.54.0-win32-x64\jre\21.0.10-win32-x86_64\bin\server;C:\Users\HAIBONWA RIBEGA B\AppData\Roaming\Antigravity\User\globalStorage\redhat.java\1.54.0\config_ss_win\org.eclipse.equinox.launcher\org.eclipse.equinox.launcher.win32.win32.x86_64_1.3.0.v20260203-2149;C:\Users\HAIBONWA RIBEGA B\AppData\Local\Temp\jna--1134592773

VM Arguments:
jvm_args: --add-modules=ALL-SYSTEM --add-opens=java.base/java.util=ALL-UNNAMED --add-opens=java.base/java.lang=ALL-UNNAMED --add-opens=java.base/sun.nio.fs=ALL-UNNAMED -Declipse.application=org.eclipse.jdt.ls.core.id1 -Dosgi.bundles.defaultStartLevel=4 -Declipse.product=org.eclipse.jdt.ls.core.product -Djava.import.generatesMetadataFilesAtProjectRoot=false -DDetectVMInstallationsJob.disabled=true -Dfile.encoding=utf8 -XX:+UseParallelGC -XX:GCTimeRatio=4 -XX:AdaptiveSizePolicyWeight=90 -Dsun.zip.disableMemoryMapping=true -Xmx2G -Xms100m -Xlog:disable -javaagent:c:\Users\HAIBONWA RIBEGA B\.antigravity\extensions\redhat.java-1.54.0-win32-x64\lombok\lombok-1.18.39-4050.jar 
java_command: c:\Users\HAIBONWA RIBEGA B\.antigravity\extensions\redhat.java-1.54.0-win32-x64\server\plugins\org.eclipse.equinox.launcher_1.7.100.v20251111-0406.jar -configuration c:\Users\HAIBONWA RIBEGA B\AppData\Roaming\Antigravity\User\globalStorage\redhat.java\1.54.0\config_ss_win -data c:\Users\HAIBONWA RIBEGA B\AppData\Roaming\Antigravity\User\workspaceStorage\8da1ae3c5b91b9b00c9466e4521aff6a\redhat.java\ss_ws --pipe=\\.\pipe\lsp-3cf232e24d9b843e08d5dea42f5d6160-sock
java_class_path (initial): c:\Users\HAIBONWA RIBEGA B\.antigravity\extensions\redhat.java-1.54.0-win32-x64\server\plugins\org.eclipse.equinox.launcher_1.7.100.v20251111-0406.jar
Launcher Type: SUN_STANDARD

[Global flags]
    uintx AdaptiveSizePolicyWeight                 = 90                                        {product} {command line}
     intx CICompilerCount                          = 4                                         {product} {ergonomic}
    uintx GCTimeRatio                              = 4                                         {product} {command line}
   size_t InitialHeapSize                          = 104857600                                 {product} {command line}
   size_t MaxHeapSize                              = 2147483648                                {product} {command line}
   size_t MaxNewSize                               = 715653120                                 {product} {ergonomic}
   size_t MinHeapDeltaBytes                        = 524288                                    {product} {ergonomic}
   size_t MinHeapSize                              = 104857600                                 {product} {command line}
   size_t NewSize                                  = 34603008                                  {product} {ergonomic}
    uintx NonNMethodCodeHeapSize                   = 5839372                                {pd product} {ergonomic}
    uintx NonProfiledCodeHeapSize                  = 122909434                              {pd product} {ergonomic}
   size_t OldSize                                  = 70254592                                  {product} {ergonomic}
    uintx ProfiledCodeHeapSize                     = 122909434                              {pd product} {ergonomic}
    uintx ReservedCodeCacheSize                    = 251658240                              {pd product} {ergonomic}
     bool SegmentedCodeCache                       = true                                      {product} {ergonomic}
   size_t SoftMaxHeapSize                          = 2147483648                             {manageable} {ergonomic}
     bool UseCompressedOops                        = true                           {product lp64_product} {ergonomic}
     bool UseLargePagesIndividualAllocation        = false                                  {pd product} {ergonomic}
     bool UseParallelGC                            = true                                      {product} {command line}

Logging:
Log output configuration:
 #0: stdout all=off uptime,level,tags foldmultilines=false
 #1: stderr all=off uptime,level,tags foldmultilines=false

Release file:
JAVA_VERSION="21.0.10" 
MODULES="java.base java.compiler java.datatransfer java.xml java.prefs java.desktop java.instrument java.logging java.management java.security.sasl java.naming java.rmi java.management.rmi java.net.http java.scripting java.security.jgss java.transaction.xa java.sql java.sql.rowset java.xml.crypto java.se java.smartcardio jdk.accessibility jdk.internal.jvmstat jdk.attach jdk.charsets jdk.internal.opt jdk.zipfs jdk.compiler jdk.crypto.ec jdk.crypto.cryptoki jdk.crypto.mscapi jdk.dynalink jdk.internal.ed jdk.editpad jdk.hotspot.agent jdk.httpserver jdk.internal.le jdk.internal.vm.ci jdk.internal.vm.compiler jdk.internal.vm.compiler.management jdk.jartool jdk.javadoc jdk.jcmd jdk.management jdk.management.agent jdk.jconsole jdk.jdeps jdk.jdwp.agent jdk.jdi jdk.jfr jdk.jshell jdk.jsobject jdk.jstatd jdk.localedata jdk.management.jfr jdk.naming.dns jdk.naming.rmi jdk.net jdk.nio.mapmode jdk.random jdk.sctp jdk.security.auth jdk.security.jgss jdk.unsupported jdk.unsupported.desktop jdk.xml.dom" 

Environment Variables:
PATH=C:\Program Files (x86)\NVIDIA Corporation\PhysX\Common;C:\Program Files\Common Files\Oracle\Java\javapath;C:\Program Files (x86)\Common Files\Oracle\Java\java8path;C:\Program Files (x86)\Common Files\Oracle\Java\javapath;C:\Users\HAIBONWA RIBEGA B\AppData\Local\Microsoft\WindowsApps;C:\Users\HAIBONWA RIBEGA B\AppData\Local\Programs\Microsoft VS Code\bin;E:\flutter\bin;C:\Windows\System32\WindowsPowerShell\v1.0;C:\Windows;C:\Windows\System32\Wbem;C:\Program Files\dotnet\;C:\WINDOWS\system32;C:\WINDOWS;C:\WINDOWS\System32\Wbem;C:\WINDOWS\System32\WindowsPowerShell\v1.0\;C:\WINDOWS\System32\OpenSSH\;C:\Program Files\Git\cmd;C:\Program Files (x86)\ZeroTier\One\;C:\Users\HAIBONWA RIBEGA B\AppData\Local\Microsoft\WindowsApps;E:\flutter\bin;C:\Program Files\Git\bin;C:\Windows\System32\WindowsPowerShell\v1.0;C:\Program Files\Git\cmd;C:\Windows\System32\Wbem;C:\Windows\System32;C:\Windows;C:\Users\HAIBONWA RIBEGA B\.dotnet\tools;C:\Users\HAIBONWA RIBEGA B\AppData\Local\Programs\Antigravity\bin;C:\Program Files\Java\jdk-25;E:\Programs\Microsoft VS Code\bin;C:\xampp\php;
USERNAME=HAIBONWA RIBEGA B
OS=Windows_NT
PROCESSOR_IDENTIFIER=Intel64 Family 6 Model 158 Stepping 13, GenuineIntel
TMP=C:\Users\HAIBON~1\AppData\Local\Temp
TEMP=C:\Users\HAIBON~1\AppData\Local\Temp




Periodic native trim disabled

---------------  S Y S T E M  ---------------

OS:
 Windows 11 , 64 bit Build 26100 (10.0.26100.8328)
OS uptime: 0 days 10:45 hours
Hyper-V role detected

CPU: total 12 (initial active 12) (6 cores per cpu, 2 threads per core) family 6 model 158 stepping 13 microcode 0xde, cx8, cmov, fxsr, ht, mmx, 3dnowpref, sse, sse2, sse3, ssse3, sse4.1, sse4.2, popcnt, lzcnt, tsc, tscinvbit, avx, avx2, aes, erms, clmul, bmi1, bmi2, adx, fma, vzeroupper, clflush, clflushopt, hv, rdtscp, f16c
Processor Information for the first 12 processors :
  Max Mhz: 2592, Current Mhz: 2592, Mhz Limit: 2592

Memory: 4k page, system-wide physical 16162M (2140M free)
TotalPageFile size 23030M (AvailPageFile size 44M)
current process WorkingSet (physical memory assigned to process): 165M, peak: 177M
current process commit charge ("private bytes"): 303M, peak: 317M

vm_info: OpenJDK 64-Bit Server VM (21.0.10+7-LTS) for windows-amd64 JRE (21.0.10+7-LTS), built on 2026-01-20T00:00:00Z by "admin" with MS VC++ 17.12 (VS2022)

END.
