#
# There is insufficient memory for the Java Runtime Environment to continue.
# Native memory allocation (malloc) failed to allocate 12503320 bytes. Error detail: Chunk::new
# Possible reasons:
#   The system is out of physical RAM or swap space
#   This process is running with CompressedOops enabled, and the Java Heap may be blocking the growth of the native heap
# Possible solutions:
#   Reduce memory load on the system
#   Increase physical memory or swap space
#   Check if swap backing store is full
#   Decrease Java heap size (-Xmx/-Xms)
#   Decrease number of Java threads
#   Decrease Java thread stack sizes (-Xss)
#   Set larger code cache with -XX:ReservedCodeCacheSize=
#   JVM is running with Zero Based Compressed Oops mode in which the Java heap is
#     placed in the first 32GB address space. The Java Heap base address is the
#     maximum limit for the native heap growth. Please use -XX:HeapBaseMinAddress
#     to set the Java Heap base and to place the Java Heap above 32GB virtual address.
# This output file may be truncated or incomplete.
#
#  Out of Memory Error (arena.cpp:186), pid=14184, tid=26912
#
# JRE version: Java(TM) SE Runtime Environment (25.0.1+8) (build 25.0.1+8-LTS-27)
# Java VM: Java HotSpot(TM) 64-Bit Server VM (25.0.1+8-LTS-27, mixed mode, sharing, tiered, compressed oops, compressed class ptrs, g1 gc, windows-amd64)
# No core dump will be written. Minidumps are not enabled by default on client versions of Windows
#

---------------  S U M M A R Y ------------

Command Line: --enable-native-access=ALL-UNNAMED -Dclassworlds.conf=C:\Users\HAIBONWA RIBEGA B\.m2\wrapper\dists\apache-maven-3.9.15\0226a00282e400185496f3b60ec5a3f029cbdc6893912937d4876d57695224e1\bin\m2.conf -Dmaven.home=C:\Users\HAIBONWA RIBEGA B\.m2\wrapper\dists\apache-maven-3.9.15\0226a00282e400185496f3b60ec5a3f029cbdc6893912937d4876d57695224e1 -Dlibrary.jansi.path=C:\Users\HAIBONWA RIBEGA B\.m2\wrapper\dists\apache-maven-3.9.15\0226a00282e400185496f3b60ec5a3f029cbdc6893912937d4876d57695224e1\lib\jansi-native -Dmaven.multiModuleProjectDirectory=E:\Repository\PrimeVideo\video org.codehaus.plexus.classworlds.launcher.Launcher compile -q

Host: Intel(R) Core(TM) i7-9850H CPU @ 2.60GHz, 12 cores, 15G,  Windows 11 , 64 bit Build 26100 (10.0.26100.8328)
Time: Fri May 15 17:06:18 2026 Afr. centrale Ouest elapsed time: 14.930097 seconds (0d 0h 0m 14s)

---------------  T H R E A D  ---------------

Current thread (0x0000027f6f385020):  JavaThread "C2 CompilerThread1" daemon [_thread_in_native, id=26912, stack(0x000000ed8a900000,0x000000ed8aa00000) (1024K)]


Current CompileTask:
C2:14930 14728       4       com.sun.tools.javac.comp.Resolve$AbstractMethodCheck::argumentsAcceptable (288 bytes)

Stack: [0x000000ed8a900000,0x000000ed8aa00000]
Native frames: (J=compiled Java code, j=interpreted, Vv=VM code, C=native code)
V  [jvm.dll+0x7a6b59]  (no source info available)
V  [jvm.dll+0x77290d]  (no source info available)
V  [jvm.dll+0x966153]  (no source info available)
V  [jvm.dll+0x968751]  (no source info available)
V  [jvm.dll+0x968e53]  (no source info available)
V  [jvm.dll+0x2fc756]  (no source info available)
V  [jvm.dll+0x111b26]  (no source info available)
V  [jvm.dll+0x111e4e]  (no source info available)
V  [jvm.dll+0x1a0a22]  (no source info available)
V  [jvm.dll+0x3b53c2]  (no source info available)
V  [jvm.dll+0x7ac4ef]  (no source info available)
V  [jvm.dll+0x2c0ac7]  (no source info available)
V  [jvm.dll+0x2bfa8f]  (no source info available)
V  [jvm.dll+0x237b60]  (no source info available)
V  [jvm.dll+0x2cfb56]  (no source info available)
V  [jvm.dll+0x2cddd5]  (no source info available)
V  [jvm.dll+0x48e6d1]  (no source info available)
V  [jvm.dll+0x906a0d]  (no source info available)
V  [jvm.dll+0x7a5135]  (no source info available)
C  [ucrtbase.dll+0x37b0]  (no source info available)
C  [KERNEL32.DLL+0x2e957]  (no source info available)
C  [ntdll.dll+0x427c]  (no source info available)

Lock stack of current Java thread (top to bottom):


---------------  P R O C E S S  ---------------

Threads class SMR info:
_java_thread_list=0x0000027f6e073120, length=19, elements={
0x0000027f47b72530, 0x0000027f6947a950, 0x0000027f6947b3b0, 0x0000027f6947df50,
0x0000027f6947fef0, 0x0000027f694807e0, 0x0000027f69480fa0, 0x0000027f69493030,
0x0000027f694ae5e0, 0x0000027f69a4f310, 0x0000027f69a60380, 0x0000027f6f157190,
0x0000027f6f15b7e0, 0x0000027f6f15bfb0, 0x0000027f71da1120, 0x0000027f71da18f0,
0x0000027f71d9f1e0, 0x0000027f6f385020, 0x0000027f6f384000
}

Java Threads: ( => current thread )
  0x0000027f47b72530 JavaThread "main"                              [_thread_in_Java, id=30460, stack(0x000000ed89700000,0x000000ed89800000) (1024K)]
  0x0000027f6947a950 JavaThread "Reference Handler"          daemon [_thread_blocked, id=23680, stack(0x000000ed89f00000,0x000000ed8a000000) (1024K)]
  0x0000027f6947b3b0 JavaThread "Finalizer"                  daemon [_thread_blocked, id=29808, stack(0x000000ed8a000000,0x000000ed8a100000) (1024K)]
  0x0000027f6947df50 JavaThread "Signal Dispatcher"          daemon [_thread_blocked, id=9400, stack(0x000000ed8a100000,0x000000ed8a200000) (1024K)]
  0x0000027f6947fef0 JavaThread "Attach Listener"            daemon [_thread_blocked, id=28696, stack(0x000000ed8a200000,0x000000ed8a300000) (1024K)]
  0x0000027f694807e0 JavaThread "Service Thread"             daemon [_thread_blocked, id=26060, stack(0x000000ed8a300000,0x000000ed8a400000) (1024K)]
  0x0000027f69480fa0 JavaThread "Monitor Deflation Thread"   daemon [_thread_blocked, id=15692, stack(0x000000ed8a400000,0x000000ed8a500000) (1024K)]
  0x0000027f69493030 JavaThread "C2 CompilerThread0"         daemon [_thread_in_native, id=21228, stack(0x000000ed8a500000,0x000000ed8a600000) (1024K)]
  0x0000027f694ae5e0 JavaThread "C1 CompilerThread0"         daemon [_thread_blocked, id=12740, stack(0x000000ed8a600000,0x000000ed8a700000) (1024K)]
  0x0000027f69a4f310 JavaThread "Notification Thread"        daemon [_thread_blocked, id=29932, stack(0x000000ed8a700000,0x000000ed8a800000) (1024K)]
  0x0000027f69a60380 JavaThread "Common-Cleaner"             daemon [_thread_blocked, id=3636, stack(0x000000ed8a800000,0x000000ed8a900000) (1024K)]
  0x0000027f6f157190 JavaThread "ForkJoinPool.commonPool-worker-1" daemon [_thread_blocked, id=19632, stack(0x000000ed8b600000,0x000000ed8b700000) (1024K)]
  0x0000027f6f15b7e0 JavaThread "ForkJoinPool.commonPool-worker-2" daemon [_thread_blocked, id=9020, stack(0x000000ed8b700000,0x000000ed8b800000) (1024K)]
  0x0000027f6f15bfb0 JavaThread "ForkJoinPool.commonPool-worker-3" daemon [_thread_blocked, id=25576, stack(0x000000ed8b800000,0x000000ed8b900000) (1024K)]
  0x0000027f71da1120 JavaThread "ForkJoinPool.commonPool-worker-4" daemon [_thread_blocked, id=16720, stack(0x000000ed8b900000,0x000000ed8ba00000) (1024K)]
  0x0000027f71da18f0 JavaThread "ForkJoinPool.commonPool-worker-5" daemon [_thread_blocked, id=8296, stack(0x000000ed8ba00000,0x000000ed8bb00000) (1024K)]
  0x0000027f71d9f1e0 JavaThread "ForkJoinPool.commonPool-worker-6" daemon [_thread_blocked, id=7864, stack(0x000000ed8bb00000,0x000000ed8bc00000) (1024K)]
=>0x0000027f6f385020 JavaThread "C2 CompilerThread1"         daemon [_thread_in_native, id=26912, stack(0x000000ed8a900000,0x000000ed8aa00000) (1024K)]
  0x0000027f6f384000 JavaThread "C2 CompilerThread2"         daemon [_thread_in_native, id=17748, stack(0x000000ed8aa00000,0x000000ed8ab00000) (1024K)]
Total: 19

Other Threads:
  0x0000027f69467930 VMThread "VM Thread"                           [id=29908, stack(0x000000ed89e00000,0x000000ed89f00000) (1024K)]
  0x0000027f6945baf0 WatcherThread "VM Periodic Task Thread"        [id=30968, stack(0x000000ed89d00000,0x000000ed89e00000) (1024K)]
  0x0000027f4a018db0 WorkerThread "GC Thread#0"                     [id=30080, stack(0x000000ed89800000,0x000000ed89900000) (1024K)]
  0x0000027f6e89b840 WorkerThread "GC Thread#1"                     [id=2972, stack(0x000000ed8ab00000,0x000000ed8ac00000) (1024K)]
  0x0000027f6e9c3960 WorkerThread "GC Thread#2"                     [id=7432, stack(0x000000ed8ac00000,0x000000ed8ad00000) (1024K)]
  0x0000027f6e8e1fe0 WorkerThread "GC Thread#3"                     [id=10480, stack(0x000000ed8ad00000,0x000000ed8ae00000) (1024K)]
  0x0000027f6e8e2410 WorkerThread "GC Thread#4"                     [id=2452, stack(0x000000ed8ae00000,0x000000ed8af00000) (1024K)]
  0x0000027f6ed15ef0 WorkerThread "GC Thread#5"                     [id=24880, stack(0x000000ed8af00000,0x000000ed8b000000) (1024K)]
  0x0000027f6ffd3d20 WorkerThread "GC Thread#6"                     [id=17056, stack(0x000000ed8b000000,0x000000ed8b100000) (1024K)]
  0x0000027f6ffd6840 WorkerThread "GC Thread#7"                     [id=9720, stack(0x000000ed8b100000,0x000000ed8b200000) (1024K)]
  0x0000027f6ffd6c90 WorkerThread "GC Thread#8"                     [id=26644, stack(0x000000ed8b200000,0x000000ed8b300000) (1024K)]
  0x0000027f6ffd7530 WorkerThread "GC Thread#9"                     [id=19516, stack(0x000000ed8b300000,0x000000ed8b400000) (1024K)]
  0x0000027f4a031960 ConcurrentGCThread "G1 Main Marker"            [id=16464, stack(0x000000ed89900000,0x000000ed89a00000) (1024K)]
  0x0000027f4a033350 WorkerThread "G1 Conc#0"                       [id=16152, stack(0x000000ed89a00000,0x000000ed89b00000) (1024K)]
  0x0000027f6f128630 WorkerThread "G1 Conc#1"                       [id=29972, stack(0x000000ed8b400000,0x000000ed8b500000) (1024K)]
  0x0000027f6f126800 WorkerThread "G1 Conc#2"                       [id=23152, stack(0x000000ed8b500000,0x000000ed8b600000) (1024K)]
  0x0000027f69330150 ConcurrentGCThread "G1 Refine#0"               [id=14320, stack(0x000000ed89b00000,0x000000ed89c00000) (1024K)]
  0x0000027f69332770 ConcurrentGCThread "G1 Service"                [id=25964, stack(0x000000ed89c00000,0x000000ed89d00000) (1024K)]
Total: 18

Threads with active compile tasks:
C2 CompilerThread0  15067 15005       4       com.sun.tools.javac.comp.Resolve$4::argumentsAcceptable (59 bytes)
C2 CompilerThread1  15067 14728       4       com.sun.tools.javac.comp.Resolve$AbstractMethodCheck::argumentsAcceptable (288 bytes)
C2 CompilerThread2  15067 14526       4       com.sun.tools.javac.comp.Resolve::findMethod (549 bytes)
Total: 3

VM state: not at safepoint (normal execution)

VM Mutex/Monitor currently owned by a thread: None

Heap address: 0x0000000703600000, size: 4042 MB, Compressed Oops mode: Zero based, Oop shift amount: 3

CDS archive(s) mapped at: [0x0000000036000000-0x0000000036dd0000-0x0000000036dd0000), size 14483456, SharedBaseAddress: 0x0000000036000000, ArchiveRelocationMode: 1.
Compressed class space mapped at: 0x0000000037000000-0x0000000077000000, reserved size: 1073741824
UseCompressedClassPointers 1, UseCompactObjectHeaders 0
Narrow klass pointer bits 32, Max shift 3
Narrow klass base: 0x0000000036000000, Narrow klass shift: 0
Encoding Range: [0x0000000036000000 - 0x0000000136000000), (4294967296 bytes)
Klass Range:    [0x0000000036010000 - 0x0000000077000000), (1090453504 bytes)
Klass ID Range:  [65536 - 1090519033) (1090453497)
Protection zone: [0x0000000036000000 - 0x0000000036010000), (65536 bytes)

GC Precious Log:
 CardTable entry size: 512
 Card Set container configuration: InlinePtr #cards 4 size 8 Array Of Cards #cards 16 size 48 Howl #buckets 8 coarsen threshold 3686 Howl Bitmap #cards 512 size 80 coarsen threshold 460 Card regions per heap region 1 cards per card region 4096
 CPUs: 12 total, 12 available
 Memory: 16162M
 Large Page Support: Disabled
 NUMA Support: Disabled
 Compressed Oops: Enabled (Zero based)
 Heap Region Size: 2M
 Heap Min Capacity: 8M
 Heap Initial Capacity: 254M
 Heap Max Capacity: 4042M
 Pre-touch: Disabled
 Parallel Workers: 10
 Concurrent Workers: 3
 Concurrent Refinement Workers: 10
 Periodic GC: Disabled

Heap:
 garbage-first heap   total reserved 4139008K, committed 188416K, used 87683K [0x0000000703600000, 0x0000000800000000)
  region size 2048K, 8 young (16384K), 3 survivors (6144K)

Heap Regions: E=young(eden), S=young(survivor), O=old, HS=humongous(starts), HC=humongous(continues), CS=collection set, F=free, TAMS=top-at-mark-start, PB=parsable bottom
|   0|0x0000000703600000, 0x0000000703800000, 0x0000000703800000|100%| O|  |TAMS 0x0000000703600000| PB 0x0000000703600000| Untracked |  0
|   1|0x0000000703800000, 0x0000000703a00000, 0x0000000703a00000|100%| O|  |TAMS 0x0000000703800000| PB 0x0000000703800000| Untracked |  0
|   2|0x0000000703a00000, 0x0000000703c00000, 0x0000000703c00000|100%| O|  |TAMS 0x0000000703a00000| PB 0x0000000703a00000| Untracked |  0
|   3|0x0000000703c00000, 0x0000000703e00000, 0x0000000703e00000|100%| O|  |TAMS 0x0000000703c00000| PB 0x0000000703c00000| Untracked |  0
|   4|0x0000000703e00000, 0x0000000704000000, 0x0000000704000000|100%| O|  |TAMS 0x0000000703e00000| PB 0x0000000703e00000| Untracked |  0
|   5|0x0000000704000000, 0x0000000704200000, 0x0000000704200000|100%| O|  |TAMS 0x0000000704000000| PB 0x0000000704000000| Untracked |  0
|   6|0x0000000704200000, 0x0000000704400000, 0x0000000704400000|100%| O|  |TAMS 0x0000000704200000| PB 0x0000000704200000| Untracked |  0
|   7|0x0000000704400000, 0x0000000704600000, 0x0000000704600000|100%| O|  |TAMS 0x0000000704400000| PB 0x0000000704400000| Untracked |  0
|   8|0x0000000704600000, 0x0000000704800000, 0x0000000704800000|100%| O|  |TAMS 0x0000000704600000| PB 0x0000000704600000| Untracked |  0
|   9|0x0000000704800000, 0x0000000704a00000, 0x0000000704a00000|100%| O|  |TAMS 0x0000000704800000| PB 0x0000000704800000| Untracked |  0
|  10|0x0000000704a00000, 0x0000000704a00000, 0x0000000704c00000|  0%| F|  |TAMS 0x0000000704a00000| PB 0x0000000704a00000| Untracked |  0
|  11|0x0000000704c00000, 0x0000000704e00000, 0x0000000704e00000|100%| O|  |TAMS 0x0000000704c00000| PB 0x0000000704c00000| Untracked |  0
|  12|0x0000000704e00000, 0x0000000705000000, 0x0000000705000000|100%| O|  |TAMS 0x0000000704e00000| PB 0x0000000704e00000| Untracked |  0
|  13|0x0000000705000000, 0x0000000705200000, 0x0000000705200000|100%| O|  |TAMS 0x0000000705000000| PB 0x0000000705000000| Untracked |  0
|  14|0x0000000705200000, 0x0000000705400000, 0x0000000705400000|100%| O|  |TAMS 0x0000000705200000| PB 0x0000000705200000| Untracked |  0
|  15|0x0000000705400000, 0x0000000705474b40, 0x0000000705600000| 22%| O|  |TAMS 0x0000000705400000| PB 0x0000000705400000| Untracked |  0
|  16|0x0000000705600000, 0x0000000705600000, 0x0000000705800000|  0%| F|  |TAMS 0x0000000705600000| PB 0x0000000705600000| Untracked |  0
|  17|0x0000000705800000, 0x0000000705a00000, 0x0000000705a00000|100%|HS|  |TAMS 0x0000000705800000| PB 0x0000000705800000| Complete |  0
|  18|0x0000000705a00000, 0x0000000705c00000, 0x0000000705c00000|100%|HC|  |TAMS 0x0000000705a00000| PB 0x0000000705a00000| Complete |  0
|  19|0x0000000705c00000, 0x0000000705e00000, 0x0000000705e00000|100%| O|  |TAMS 0x0000000705c00000| PB 0x0000000705c00000| Untracked |  0
|  20|0x0000000705e00000, 0x0000000706000000, 0x0000000706000000|100%| O|  |TAMS 0x0000000705e00000| PB 0x0000000705e00000| Untracked |  0
|  21|0x0000000706000000, 0x0000000706200000, 0x0000000706200000|100%| O|  |TAMS 0x0000000706000000| PB 0x0000000706000000| Untracked |  0
|  22|0x0000000706200000, 0x0000000706200000, 0x0000000706400000|  0%| F|  |TAMS 0x0000000706200000| PB 0x0000000706200000| Untracked |  0
|  23|0x0000000706400000, 0x0000000706400000, 0x0000000706600000|  0%| F|  |TAMS 0x0000000706400000| PB 0x0000000706400000| Untracked |  0
|  24|0x0000000706600000, 0x0000000706800000, 0x0000000706800000|100%| O|  |TAMS 0x0000000706600000| PB 0x0000000706600000| Untracked |  0
|  25|0x0000000706800000, 0x0000000706a00000, 0x0000000706a00000|100%| O|  |TAMS 0x0000000706800000| PB 0x0000000706800000| Untracked |  0
|  26|0x0000000706a00000, 0x0000000706c00000, 0x0000000706c00000|100%| O|  |TAMS 0x0000000706a00000| PB 0x0000000706a00000| Untracked |  0
|  27|0x0000000706c00000, 0x0000000706e00000, 0x0000000706e00000|100%| O|  |TAMS 0x0000000706c00000| PB 0x0000000706c00000| Untracked |  0
|  28|0x0000000706e00000, 0x0000000707000000, 0x0000000707000000|100%| O|  |TAMS 0x0000000706e00000| PB 0x0000000706e00000| Untracked |  0
|  29|0x0000000707000000, 0x0000000707000000, 0x0000000707200000|  0%| F|  |TAMS 0x0000000707000000| PB 0x0000000707000000| Untracked |  0
|  30|0x0000000707200000, 0x0000000707200000, 0x0000000707400000|  0%| F|  |TAMS 0x0000000707200000| PB 0x0000000707200000| Untracked |  0
|  31|0x0000000707400000, 0x000000070752c168, 0x0000000707600000| 58%| S|CS|TAMS 0x0000000707400000| PB 0x0000000707400000| Complete |  0
|  32|0x0000000707600000, 0x0000000707800000, 0x0000000707800000|100%| S|CS|TAMS 0x0000000707600000| PB 0x0000000707600000| Complete |  0
|  33|0x0000000707800000, 0x0000000707a00000, 0x0000000707a00000|100%| S|CS|TAMS 0x0000000707800000| PB 0x0000000707800000| Complete |  0
|  34|0x0000000707a00000, 0x0000000707a00000, 0x0000000707c00000|  0%| F|  |TAMS 0x0000000707a00000| PB 0x0000000707a00000| Untracked |  0
|  35|0x0000000707c00000, 0x0000000707c00000, 0x0000000707e00000|  0%| F|  |TAMS 0x0000000707c00000| PB 0x0000000707c00000| Untracked |  0
|  36|0x0000000707e00000, 0x0000000707e00000, 0x0000000708000000|  0%| F|  |TAMS 0x0000000707e00000| PB 0x0000000707e00000| Untracked |  0
|  37|0x0000000708000000, 0x0000000708000000, 0x0000000708200000|  0%| F|  |TAMS 0x0000000708000000| PB 0x0000000708000000| Untracked |  0
|  38|0x0000000708200000, 0x0000000708200000, 0x0000000708400000|  0%| F|  |TAMS 0x0000000708200000| PB 0x0000000708200000| Untracked |  0
|  39|0x0000000708400000, 0x0000000708400000, 0x0000000708600000|  0%| F|  |TAMS 0x0000000708400000| PB 0x0000000708400000| Untracked |  0
|  40|0x0000000708600000, 0x0000000708600000, 0x0000000708800000|  0%| F|  |TAMS 0x0000000708600000| PB 0x0000000708600000| Untracked |  0
|  41|0x0000000708800000, 0x0000000708800000, 0x0000000708a00000|  0%| F|  |TAMS 0x0000000708800000| PB 0x0000000708800000| Untracked |  0
|  42|0x0000000708a00000, 0x0000000708a00000, 0x0000000708c00000|  0%| F|  |TAMS 0x0000000708a00000| PB 0x0000000708a00000| Untracked |  0
|  43|0x0000000708c00000, 0x0000000708c00000, 0x0000000708e00000|  0%| F|  |TAMS 0x0000000708c00000| PB 0x0000000708c00000| Untracked |  0
|  44|0x0000000708e00000, 0x0000000708e00000, 0x0000000709000000|  0%| F|  |TAMS 0x0000000708e00000| PB 0x0000000708e00000| Untracked |  0
|  45|0x0000000709000000, 0x0000000709000000, 0x0000000709200000|  0%| F|  |TAMS 0x0000000709000000| PB 0x0000000709000000| Untracked |  0
|  46|0x0000000709200000, 0x0000000709200000, 0x0000000709400000|  0%| F|  |TAMS 0x0000000709200000| PB 0x0000000709200000| Untracked |  0
|  47|0x0000000709400000, 0x0000000709400000, 0x0000000709600000|  0%| F|  |TAMS 0x0000000709400000| PB 0x0000000709400000| Untracked |  0
|  48|0x0000000709600000, 0x0000000709600000, 0x0000000709800000|  0%| F|  |TAMS 0x0000000709600000| PB 0x0000000709600000| Untracked |  0
|  49|0x0000000709800000, 0x0000000709800000, 0x0000000709a00000|  0%| F|  |TAMS 0x0000000709800000| PB 0x0000000709800000| Untracked |  0
|  50|0x0000000709a00000, 0x0000000709a00000, 0x0000000709c00000|  0%| F|  |TAMS 0x0000000709a00000| PB 0x0000000709a00000| Untracked |  0
|  51|0x0000000709c00000, 0x0000000709c00000, 0x0000000709e00000|  0%| F|  |TAMS 0x0000000709c00000| PB 0x0000000709c00000| Untracked |  0
|  52|0x0000000709e00000, 0x0000000709e00000, 0x000000070a000000|  0%| F|  |TAMS 0x0000000709e00000| PB 0x0000000709e00000| Untracked |  0
|  53|0x000000070a000000, 0x000000070a000000, 0x000000070a200000|  0%| F|  |TAMS 0x000000070a000000| PB 0x000000070a000000| Untracked |  0
|  54|0x000000070a200000, 0x000000070a200000, 0x000000070a400000|  0%| F|  |TAMS 0x000000070a200000| PB 0x000000070a200000| Untracked |  0
|  55|0x000000070a400000, 0x000000070a400000, 0x000000070a600000|  0%| F|  |TAMS 0x000000070a400000| PB 0x000000070a400000| Untracked |  0
|  56|0x000000070a600000, 0x000000070a600000, 0x000000070a800000|  0%| F|  |TAMS 0x000000070a600000| PB 0x000000070a600000| Untracked |  0
|  57|0x000000070a800000, 0x000000070a800000, 0x000000070aa00000|  0%| F|  |TAMS 0x000000070a800000| PB 0x000000070a800000| Untracked |  0
|  58|0x000000070aa00000, 0x000000070aa00000, 0x000000070ac00000|  0%| F|  |TAMS 0x000000070aa00000| PB 0x000000070aa00000| Untracked |  0
|  59|0x000000070ac00000, 0x000000070ac00000, 0x000000070ae00000|  0%| F|  |TAMS 0x000000070ac00000| PB 0x000000070ac00000| Untracked |  0
|  60|0x000000070ae00000, 0x000000070ae00000, 0x000000070b000000|  0%| F|  |TAMS 0x000000070ae00000| PB 0x000000070ae00000| Untracked |  0
|  61|0x000000070b000000, 0x000000070b000000, 0x000000070b200000|  0%| F|  |TAMS 0x000000070b000000| PB 0x000000070b000000| Untracked |  0
|  62|0x000000070b200000, 0x000000070b200000, 0x000000070b400000|  0%| F|  |TAMS 0x000000070b200000| PB 0x000000070b200000| Untracked |  0
|  63|0x000000070b400000, 0x000000070b400000, 0x000000070b600000|  0%| F|  |TAMS 0x000000070b400000| PB 0x000000070b400000| Untracked |  0
|  64|0x000000070b600000, 0x000000070b600000, 0x000000070b800000|  0%| F|  |TAMS 0x000000070b600000| PB 0x000000070b600000| Untracked |  0
|  65|0x000000070b800000, 0x000000070b800000, 0x000000070ba00000|  0%| F|  |TAMS 0x000000070b800000| PB 0x000000070b800000| Untracked |  0
|  66|0x000000070ba00000, 0x000000070ba00000, 0x000000070bc00000|  0%| F|  |TAMS 0x000000070ba00000| PB 0x000000070ba00000| Untracked |  0
|  67|0x000000070bc00000, 0x000000070bc00000, 0x000000070be00000|  0%| F|  |TAMS 0x000000070bc00000| PB 0x000000070bc00000| Untracked |  0
|  68|0x000000070be00000, 0x000000070be00000, 0x000000070c000000|  0%| F|  |TAMS 0x000000070be00000| PB 0x000000070be00000| Untracked |  0
|  69|0x000000070c000000, 0x000000070c000000, 0x000000070c200000|  0%| F|  |TAMS 0x000000070c000000| PB 0x000000070c000000| Untracked |  0
|  70|0x000000070c200000, 0x000000070c200000, 0x000000070c400000|  0%| F|  |TAMS 0x000000070c200000| PB 0x000000070c200000| Untracked |  0
|  71|0x000000070c400000, 0x000000070c400000, 0x000000070c600000|  0%| F|  |TAMS 0x000000070c400000| PB 0x000000070c400000| Untracked |  0
|  72|0x000000070c600000, 0x000000070c600000, 0x000000070c800000|  0%| F|  |TAMS 0x000000070c600000| PB 0x000000070c600000| Untracked |  0
|  73|0x000000070c800000, 0x000000070c800000, 0x000000070ca00000|  0%| F|  |TAMS 0x000000070c800000| PB 0x000000070c800000| Untracked |  0
|  74|0x000000070ca00000, 0x000000070ca00000, 0x000000070cc00000|  0%| F|  |TAMS 0x000000070ca00000| PB 0x000000070ca00000| Untracked |  0
|  75|0x000000070cc00000, 0x000000070ce00000, 0x000000070ce00000|100%| E|  |TAMS 0x000000070cc00000| PB 0x000000070cc00000| Complete |  0
|  76|0x000000070ce00000, 0x000000070d000000, 0x000000070d000000|100%| E|CS|TAMS 0x000000070ce00000| PB 0x000000070ce00000| Complete |  0
|  77|0x000000070d000000, 0x000000070d200000, 0x000000070d200000|100%| E|CS|TAMS 0x000000070d000000| PB 0x000000070d000000| Complete |  0
| 126|0x0000000713200000, 0x0000000713400000, 0x0000000713400000|100%| E|CS|TAMS 0x0000000713200000| PB 0x0000000713200000| Complete |  0
|2008|0x00000007fe600000, 0x00000007fe800000, 0x00000007fe800000|100%| O|  |TAMS 0x00000007fe600000| PB 0x00000007fe600000| Untracked |  0
|2009|0x00000007fe800000, 0x00000007fea00000, 0x00000007fea00000|100%| O|  |TAMS 0x00000007fe800000| PB 0x00000007fe800000| Untracked |  0
|2010|0x00000007fea00000, 0x00000007fec00000, 0x00000007fec00000|100%| O|  |TAMS 0x00000007fea00000| PB 0x00000007fea00000| Untracked |  0
|2011|0x00000007fec00000, 0x00000007fee00000, 0x00000007fee00000|100%| O|  |TAMS 0x00000007fec00000| PB 0x00000007fec00000| Untracked |  0
|2012|0x00000007fee00000, 0x00000007ff000000, 0x00000007ff000000|100%| O|  |TAMS 0x00000007fee00000| PB 0x00000007fee00000| Untracked |  0
|2013|0x00000007ff000000, 0x00000007ff200000, 0x00000007ff200000|100%| O|  |TAMS 0x00000007ff000000| PB 0x00000007ff000000| Untracked |  0
|2014|0x00000007ff200000, 0x00000007ff400000, 0x00000007ff400000|100%| O|  |TAMS 0x00000007ff200000| PB 0x00000007ff200000| Untracked |  0
|2015|0x00000007ff400000, 0x00000007ff600000, 0x00000007ff600000|100%| O|  |TAMS 0x00000007ff400000| PB 0x00000007ff400000| Untracked |  0
|2016|0x00000007ff600000, 0x00000007ff800000, 0x00000007ff800000|100%| O|  |TAMS 0x00000007ff600000| PB 0x00000007ff600000| Untracked |  0
|2017|0x00000007ff800000, 0x00000007ffa00000, 0x00000007ffa00000|100%| O|  |TAMS 0x00000007ff800000| PB 0x00000007ff800000| Untracked |  0
|2018|0x00000007ffa00000, 0x00000007ffc00000, 0x00000007ffc00000|100%| O|  |TAMS 0x00000007ffa00000| PB 0x00000007ffa00000| Untracked |  0
|2019|0x00000007ffc00000, 0x00000007ffe00000, 0x00000007ffe00000|100%| O|  |TAMS 0x00000007ffc00000| PB 0x00000007ffc00000| Untracked |  0
|2020|0x00000007ffe00000, 0x0000000800000000, 0x0000000800000000|100%| E|CS|TAMS 0x00000007ffe00000| PB 0x00000007ffe00000| Complete |  0

Card table byte_map: [0x0000027f62570000,0x0000027f62d60000] _byte_map_base: 0x0000027f5ed55000

Marking Bits: (CMBitMap*) 0x0000027f4a019540
 Bits: [0x0000027f62d60000, 0x0000027f66c88000)

Polling page: 0x0000027f48030000

Metaspace:
Metaspace        used 49041K, committed 49664K, reserved 1114112K
 class space     used 4752K, committed 5056K, reserved 1048576K

Usage:
  Non-class:     43.25 MB used.
      Class:      4.64 MB used.
       Both:     47.89 MB used.

Virtual space:
  Non-class space:       64.00 MB reserved,      43.56 MB ( 68%) committed,  1 nodes.
      Class space:        1.00 GB reserved,       4.94 MB ( <1%) committed,  1 nodes.
             Both:        1.06 GB reserved,      48.50 MB (  4%) committed. 

Chunk freelists:
   Non-Class:  3.73 MB
       Class:  11.09 MB
        Both:  14.82 MB

MaxMetaspaceSize: unlimited
CompressedClassSpaceSize: 1.00 GB
Initial GC threshold: 21.00 MB
Current GC threshold: 76.88 MB
CDS: on
 - commit_granule_bytes: 65536.
 - commit_granule_words: 8192.
 - virtual_space_node_default_size: 8388608.
 - enlarge_chunks_in_place: 1.
UseCompressedClassPointers 1, UseCompactObjectHeaders 0
Narrow klass pointer bits 32, Max shift 3
Narrow klass base: 0x0000000036000000, Narrow klass shift: 0
Encoding Range: [0x0000000036000000 - 0x0000000136000000), (4294967296 bytes)
Klass Range:    [0x0000000036010000 - 0x0000000077000000), (1090453504 bytes)
Klass ID Range:  [65536 - 1090519033) (1090453497)
Protection zone: [0x0000000036000000 - 0x0000000036010000), (65536 bytes)


Internal statistics:

num_allocs_failed_limit: 6.
num_arena_births: 626.
num_arena_deaths: 0.
num_vsnodes_births: 2.
num_vsnodes_deaths: 0.
num_space_committed: 776.
num_space_uncommitted: 0.
num_chunks_returned_to_freelist: 6.
num_chunks_taken_from_freelist: 2525.
num_chunk_merges: 6.
num_chunk_splits: 1800.
num_chunks_enlarged: 1361.
num_inconsistent_stats: 0.

CodeHeap 'non-profiled nmethods': size=120064Kb used=6126Kb max_used=6126Kb free=113937Kb
 bounds [0x0000027f5a2f0000, 0x0000027f5a8f0000, 0x0000027f61830000]
CodeHeap 'profiled nmethods': size=120000Kb used=23907Kb max_used=23907Kb free=96092Kb
 bounds [0x0000027f52830000, 0x0000027f53f90000, 0x0000027f59d60000]
CodeHeap 'non-nmethods': size=5696Kb used=1513Kb max_used=1616Kb free=4183Kb
 bounds [0x0000027f59d60000, 0x0000027f59fd0000, 0x0000027f5a2f0000]
CodeCache: size=245760Kb, used=31546Kb, max_used=31649Kb, free=214212Kb
 total_blobs=13817, nmethods=13178, adapters=541, full_count=0
Compilation: enabled, stopped_count=0, restarted_count=0

Compilation events (20 events):
Event: 14.910 Thread 0x0000027f694ae5e0 14995       2       com.sun.tools.javac.code.Types$Adapter::<init> (47 bytes)
Event: 14.910 Thread 0x0000027f694ae5e0 nmethod 14995 0x0000027f53f60b88 code [0x0000027f53f60c80, 0x0000027f53f611e8]
Event: 14.910 Thread 0x0000027f694ae5e0 14996       2       com.sun.tools.javac.code.Types$Adapter::adapt (88 bytes)
Event: 14.911 Thread 0x0000027f694ae5e0 nmethod 14996 0x0000027f53f61208 code [0x0000027f53f61300, 0x0000027f53f61658]
Event: 14.911 Thread 0x0000027f694ae5e0 14997       2       com.sun.tools.javac.code.Types$Adapter::visitClassType (10 bytes)
Event: 14.911 Thread 0x0000027f694ae5e0 nmethod 14997 0x0000027f53f61688 code [0x0000027f53f61780, 0x0000027f53f61af8]
Event: 14.911 Thread 0x0000027f694ae5e0 14998       2       com.sun.tools.javac.code.Types$Adapter::visitClassType (24 bytes)
Event: 14.912 Thread 0x0000027f694ae5e0 nmethod 14998 0x0000027f53f61b88 code [0x0000027f53f61c80, 0x0000027f53f61fb0]
Event: 14.912 Thread 0x0000027f694ae5e0 14999       2       com.sun.tools.javac.code.Types$Adapter::adaptRecursive (50 bytes)
Event: 14.912 Thread 0x0000027f694ae5e0 nmethod 14999 0x0000027f53f62008 code [0x0000027f53f62100, 0x0000027f53f623e8]
Event: 14.926 Thread 0x0000027f69493030 nmethod 14971 0x0000027f5a8e7a88 code [0x0000027f5a8e7b80, 0x0000027f5a8e9698]
Event: 14.926 Thread 0x0000027f69493030 14973       4       com.sun.tools.javac.code.Type$StructuralTypeMapping::visitMethodType (7 bytes)
Event: 14.927 Thread 0x0000027f69493030 nmethod 14973 0x0000027f5a8e9708 code [0x0000027f5a8e9800, 0x0000027f5a8e9908]
Event: 14.927 Thread 0x0000027f69493030 14969       4       com.sun.tools.javac.tree.JCTree$JCExpressionStatement::accept (6 bytes)
Event: 14.927 Thread 0x0000027f69493030 nmethod 14969 0x0000027f5a8e9a08 code [0x0000027f5a8e9b00, 0x0000027f5a8e9ba8]
Event: 14.927 Thread 0x0000027f69493030 14968       4       com.sun.tools.javac.util.Bits::<init> (72 bytes)
Event: 14.928 Thread 0x0000027f69493030 nmethod 14968 0x0000027f5a8e9d08 code [0x0000027f5a8e9e00, 0x0000027f5a8ea210]
Event: 14.928 Thread 0x0000027f69493030 14990       4       com.sun.tools.javac.tree.JCTree$JCPrimitiveTypeTree::getTag (4 bytes)
Event: 14.928 Thread 0x0000027f69493030 nmethod 14990 0x0000027f5a8ea288 code [0x0000027f5a8ea380, 0x0000027f5a8ea400]
Event: 14.928 Thread 0x0000027f69493030 15000       4       java.util.stream.Nodes$FixedNodeBuilder::begin (52 bytes)

GC Heap Usage History (20 events):
Event: 5.836 {heap Before GC invocations=7 (full 0):
 garbage-first heap   total reserved 4139008K, committed 112640K, used 86643K [0x0000000703600000, 0x0000000800000000)
  region size 2048K, 30 young (61440K), 4 survivors (8192K)
}
Event: 5.845 {heap After GC invocations=8 (full 0):
 garbage-first heap   total reserved 4139008K, committed 112640K, used 33570K [0x0000000703600000, 0x0000000800000000)
  region size 2048K, 2 young (4096K), 2 survivors (4096K)
}
Event: 6.303 {heap Before GC invocations=8 (full 0):
 garbage-first heap   total reserved 4139008K, committed 112640K, used 90914K [0x0000000703600000, 0x0000000800000000)
  region size 2048K, 30 young (61440K), 2 survivors (4096K)
}
Event: 6.310 {heap After GC invocations=9 (full 0):
 garbage-first heap   total reserved 4139008K, committed 139264K, used 33570K [0x0000000703600000, 0x0000000800000000)
  region size 2048K, 2 young (4096K), 2 survivors (4096K)
}
Event: 7.025 {heap Before GC invocations=9 (full 0):
 garbage-first heap   total reserved 4139008K, committed 139264K, used 99106K [0x0000000703600000, 0x0000000800000000)
  region size 2048K, 35 young (71680K), 2 survivors (4096K)
}
Event: 7.032 {heap After GC invocations=10 (full 0):
 garbage-first heap   total reserved 4139008K, committed 139264K, used 34889K [0x0000000703600000, 0x0000000800000000)
  region size 2048K, 3 young (6144K), 3 survivors (6144K)
}
Event: 7.854 {heap Before GC invocations=11 (full 0):
 garbage-first heap   total reserved 4139008K, committed 131072K, used 106569K [0x0000000703600000, 0x0000000800000000)
  region size 2048K, 38 young (77824K), 3 survivors (6144K)
}
Event: 7.860 {heap After GC invocations=12 (full 0):
 garbage-first heap   total reserved 4139008K, committed 131072K, used 32808K [0x0000000703600000, 0x0000000800000000)
  region size 2048K, 2 young (4096K), 2 survivors (4096K)
}
Event: 10.132 {heap Before GC invocations=12 (full 0):
 garbage-first heap   total reserved 4139008K, committed 131072K, used 127016K [0x0000000703600000, 0x0000000800000000)
  region size 2048K, 28 young (57344K), 2 survivors (4096K)
}
Event: 10.154 {heap After GC invocations=13 (full 0):
 garbage-first heap   total reserved 4139008K, committed 145408K, used 51773K [0x0000000703600000, 0x0000000800000000)
  region size 2048K, 5 young (10240K), 5 survivors (10240K)
}
Event: 11.405 {heap Before GC invocations=13 (full 0):
 garbage-first heap   total reserved 4139008K, committed 145408K, used 123453K [0x0000000703600000, 0x0000000800000000)
  region size 2048K, 40 young (81920K), 5 survivors (10240K)
}
Event: 11.447 {heap After GC invocations=14 (full 0):
 garbage-first heap   total reserved 4139008K, committed 155648K, used 71762K [0x0000000703600000, 0x0000000800000000)
  region size 2048K, 5 young (10240K), 5 survivors (10240K)
}
Event: 12.449 {heap Before GC invocations=14 (full 0):
 garbage-first heap   total reserved 4139008K, committed 155648K, used 125010K [0x0000000703600000, 0x0000000800000000)
  region size 2048K, 31 young (63488K), 5 survivors (10240K)
}
Event: 12.475 {heap After GC invocations=15 (full 0):
 garbage-first heap   total reserved 4139008K, committed 155648K, used 78849K [0x0000000703600000, 0x0000000800000000)
  region size 2048K, 4 young (8192K), 4 survivors (8192K)
}
Event: 13.139 {heap Before GC invocations=15 (full 0):
 garbage-first heap   total reserved 4139008K, committed 155648K, used 128001K [0x0000000703600000, 0x0000000800000000)
  region size 2048K, 28 young (57344K), 4 survivors (8192K)
}
Event: 13.160 {heap After GC invocations=16 (full 0):
 garbage-first heap   total reserved 4139008K, committed 155648K, used 81423K [0x0000000703600000, 0x0000000800000000)
  region size 2048K, 2 young (4096K), 2 survivors (4096K)
}
Event: 14.067 {heap Before GC invocations=17 (full 0):
 garbage-first heap   total reserved 4139008K, committed 155648K, used 128527K [0x0000000703600000, 0x0000000800000000)
  region size 2048K, 27 young (55296K), 2 survivors (4096K)
}
Event: 14.078 {heap After GC invocations=18 (full 0):
 garbage-first heap   total reserved 4139008K, committed 155648K, used 78294K [0x0000000703600000, 0x0000000800000000)
  region size 2048K, 2 young (4096K), 2 survivors (4096K)
}
Event: 14.913 {heap Before GC invocations=18 (full 0):
 garbage-first heap   total reserved 4139008K, committed 155648K, used 135638K [0x0000000703600000, 0x0000000800000000)
  region size 2048K, 30 young (61440K), 2 survivors (4096K)
}
Event: 14.926 {heap After GC invocations=19 (full 0):
 garbage-first heap   total reserved 4139008K, committed 188416K, used 79491K [0x0000000703600000, 0x0000000800000000)
  region size 2048K, 3 young (6144K), 3 survivors (6144K)
}

Metaspace Usage History (20 events):
Event: 5.836 {metaspace Before GC invocations=7 (full 0):
 Metaspace       used 35090K, committed 35456K, reserved 1114112K
  class space    used 3445K, committed 3584K, reserved 1048576K
}
Event: 5.845 {metaspace After GC invocations=8 (full 0):
 Metaspace       used 35090K, committed 35456K, reserved 1114112K
  class space    used 3445K, committed 3584K, reserved 1048576K
}
Event: 6.303 {metaspace Before GC invocations=8 (full 0):
 Metaspace       used 35104K, committed 35456K, reserved 1114112K
  class space    used 3446K, committed 3584K, reserved 1048576K
}
Event: 6.310 {metaspace After GC invocations=9 (full 0):
 Metaspace       used 35104K, committed 35456K, reserved 1114112K
  class space    used 3446K, committed 3584K, reserved 1048576K
}
Event: 7.025 {metaspace Before GC invocations=9 (full 0):
 Metaspace       used 35600K, committed 35968K, reserved 1114112K
  class space    used 3487K, committed 3648K, reserved 1048576K
}
Event: 7.032 {metaspace After GC invocations=10 (full 0):
 Metaspace       used 35600K, committed 35968K, reserved 1114112K
  class space    used 3487K, committed 3648K, reserved 1048576K
}
Event: 7.854 {metaspace Before GC invocations=11 (full 0):
 Metaspace       used 36388K, committed 36800K, reserved 1114112K
  class space    used 3568K, committed 3776K, reserved 1048576K
}
Event: 7.860 {metaspace After GC invocations=12 (full 0):
 Metaspace       used 36388K, committed 36800K, reserved 1114112K
  class space    used 3568K, committed 3776K, reserved 1048576K
}
Event: 10.132 {metaspace Before GC invocations=12 (full 0):
 Metaspace       used 44898K, committed 45376K, reserved 1114112K
  class space    used 4398K, committed 4608K, reserved 1048576K
}
Event: 10.154 {metaspace After GC invocations=13 (full 0):
 Metaspace       used 44898K, committed 45376K, reserved 1114112K
  class space    used 4398K, committed 4608K, reserved 1048576K
}
Event: 11.405 {metaspace Before GC invocations=13 (full 0):
 Metaspace       used 45555K, committed 46080K, reserved 1114112K
  class space    used 4466K, committed 4736K, reserved 1048576K
}
Event: 11.447 {metaspace After GC invocations=14 (full 0):
 Metaspace       used 45555K, committed 46080K, reserved 1114112K
  class space    used 4466K, committed 4736K, reserved 1048576K
}
Event: 12.449 {metaspace Before GC invocations=14 (full 0):
 Metaspace       used 46154K, committed 46656K, reserved 1114112K
  class space    used 4508K, committed 4736K, reserved 1048576K
}
Event: 12.475 {metaspace After GC invocations=15 (full 0):
 Metaspace       used 46154K, committed 46656K, reserved 1114112K
  class space    used 4508K, committed 4736K, reserved 1048576K
}
Event: 13.139 {metaspace Before GC invocations=15 (full 0):
 Metaspace       used 46667K, committed 47232K, reserved 1114112K
  class space    used 4530K, committed 4800K, reserved 1048576K
}
Event: 13.160 {metaspace After GC invocations=16 (full 0):
 Metaspace       used 46667K, committed 47232K, reserved 1114112K
  class space    used 4530K, committed 4800K, reserved 1048576K
}
Event: 14.067 {metaspace Before GC invocations=17 (full 0):
 Metaspace       used 48356K, committed 48832K, reserved 1114112K
  class space    used 4723K, committed 4928K, reserved 1048576K
}
Event: 14.078 {metaspace After GC invocations=18 (full 0):
 Metaspace       used 48356K, committed 48832K, reserved 1114112K
  class space    used 4723K, committed 4928K, reserved 1048576K
}
Event: 14.913 {metaspace Before GC invocations=18 (full 0):
 Metaspace       used 48946K, committed 49472K, reserved 1114112K
  class space    used 4752K, committed 5056K, reserved 1048576K
}
Event: 14.926 {metaspace After GC invocations=19 (full 0):
 Metaspace       used 48946K, committed 49472K, reserved 1114112K
  class space    used 4752K, committed 5056K, reserved 1048576K
}

Dll operation events (7 events):
Event: 0.007 Loaded shared library C:\Program Files\Java\jdk-25\bin\java.dll
Event: 0.037 Loaded shared library C:\Program Files\Java\jdk-25\bin\net.dll
Event: 0.039 Loaded shared library C:\Program Files\Java\jdk-25\bin\nio.dll
Event: 0.042 Loaded shared library C:\Program Files\Java\jdk-25\bin\zip.dll
Event: 0.144 Loaded shared library C:\Program Files\Java\jdk-25\bin\jimage.dll
Event: 0.144 Loaded shared library C:\Users\HAIBONWA RIBEGA B\.m2\wrapper\dists\apache-maven-3.9.15\0226a00282e400185496f3b60ec5a3f029cbdc6893912937d4876d57695224e1\lib\jansi-native\Windows\x86_64\jansi.dll
Event: 0.153 Loaded shared library C:\Program Files\Java\jdk-25\bin\verify.dll

Deoptimization events (20 events):
Event: 14.667 Thread 0x0000027f47b72530 Uncommon trap: trap_request=0xffffffc6 fr.pc=0x0000027f5a838870 relative=0x0000000000000070
Event: 14.667 Thread 0x0000027f47b72530 Uncommon trap: reason=bimorphic_or_optimized_type_check action=maybe_recompile pc=0x0000027f5a838870 method=com.sun.tools.javac.code.Symbol.flatName()Lcom/sun/tools/javac/util/Name; @ 1 c2
Event: 14.667 Thread 0x0000027f47b72530 DEOPT PACKING pc=0x0000027f5a838870 sp=0x000000ed897fb420
Event: 14.667 Thread 0x0000027f47b72530 DEOPT UNPACKING pc=0x0000027f59e7fc02 sp=0x000000ed897fb3b0 mode 2
Event: 14.669 Thread 0x0000027f47b72530 Uncommon trap: trap_request=0xffffffc6 fr.pc=0x0000027f5a838870 relative=0x0000000000000070
Event: 14.669 Thread 0x0000027f47b72530 Uncommon trap: reason=bimorphic_or_optimized_type_check action=maybe_recompile pc=0x0000027f5a838870 method=com.sun.tools.javac.code.Symbol.flatName()Lcom/sun/tools/javac/util/Name; @ 1 c2
Event: 14.669 Thread 0x0000027f47b72530 DEOPT PACKING pc=0x0000027f5a838870 sp=0x000000ed897fb700
Event: 14.669 Thread 0x0000027f47b72530 DEOPT UNPACKING pc=0x0000027f59e7fc02 sp=0x000000ed897fb690 mode 2
Event: 14.670 Thread 0x0000027f47b72530 Uncommon trap: trap_request=0xffffffc6 fr.pc=0x0000027f5a838870 relative=0x0000000000000070
Event: 14.670 Thread 0x0000027f47b72530 Uncommon trap: reason=bimorphic_or_optimized_type_check action=maybe_recompile pc=0x0000027f5a838870 method=com.sun.tools.javac.code.Symbol.flatName()Lcom/sun/tools/javac/util/Name; @ 1 c2
Event: 14.670 Thread 0x0000027f47b72530 DEOPT PACKING pc=0x0000027f5a838870 sp=0x000000ed897fb420
Event: 14.670 Thread 0x0000027f47b72530 DEOPT UNPACKING pc=0x0000027f59e7fc02 sp=0x000000ed897fb3b0 mode 2
Event: 14.705 Thread 0x0000027f47b72530 DEOPT PACKING pc=0x0000027f529bd686 sp=0x000000ed897fb8a0
Event: 14.705 Thread 0x0000027f47b72530 DEOPT UNPACKING pc=0x0000027f59db1702 sp=0x000000ed897facf8 mode 0
Event: 14.779 Thread 0x0000027f47b72530 Uncommon trap: trap_request=0xffffff45 fr.pc=0x0000027f5a8d26fc relative=0x00000000000001fc
Event: 14.779 Thread 0x0000027f47b72530 Uncommon trap: reason=unstable_if action=reinterpret pc=0x0000027f5a8d26fc method=com.sun.tools.javac.comp.Resolve.rawInstantiate(Lcom/sun/tools/javac/comp/Env;Lcom/sun/tools/javac/code/Type;Lcom/sun/tools/javac/code/Symbol;Lcom/sun/tools/javac/comp/Attr$
Event: 14.779 Thread 0x0000027f47b72530 DEOPT PACKING pc=0x0000027f5a8d26fc sp=0x000000ed897fc8f0
Event: 14.779 Thread 0x0000027f47b72530 DEOPT UNPACKING pc=0x0000027f59e7fc02 sp=0x000000ed897fc870 mode 2
Event: 14.894 Thread 0x0000027f47b72530 DEOPT PACKING pc=0x0000027f5341183a sp=0x000000ed897fd030
Event: 14.894 Thread 0x0000027f47b72530 DEOPT UNPACKING pc=0x0000027f59db1702 sp=0x000000ed897fc498 mode 0

Classes loaded (20 events):
Event: 13.514 Loading class java/util/EnumMap$EnumMapIterator done
Event: 13.514 Loading class java/util/EnumMap$EntryIterator done
Event: 13.514 Loading class java/util/EnumMap$EntryIterator$Entry
Event: 13.514 Loading class java/util/EnumMap$EntryIterator$Entry done
Event: 13.662 Loading class java/lang/MatchException
Event: 13.662 Loading class java/lang/MatchException done
Event: 14.108 Loading class java/util/stream/ReferencePipeline$4
Event: 14.109 Loading class java/util/stream/IntPipeline$StatelessOp
Event: 14.109 Loading class java/util/stream/IntPipeline$StatelessOp done
Event: 14.109 Loading class java/util/stream/ReferencePipeline$4 done
Event: 14.113 Loading class java/util/stream/Nodes$IntFixedNodeBuilder
Event: 14.113 Loading class java/util/stream/Node$Builder$OfInt
Event: 14.114 Loading class java/util/stream/Node$Builder$OfInt done
Event: 14.114 Loading class java/util/stream/Nodes$IntArrayNode
Event: 14.114 Loading class java/util/stream/Nodes$IntArrayNode done
Event: 14.114 Loading class java/util/stream/Nodes$IntFixedNodeBuilder done
Event: 14.114 Loading class java/util/stream/ReferencePipeline$4$1
Event: 14.114 Loading class java/util/stream/ReferencePipeline$4$1 done
Event: 14.790 Loading class java/io/DataOutputStream
Event: 14.791 Loading class java/io/DataOutputStream done

Classes unloaded (0 events):
No events

Classes redefined (0 events):
No events

Internal exceptions (20 events):
Event: 13.204 Thread 0x0000027f47b72530 Exception <a 'sun/nio/fs/WindowsException'{0x000000070c29e958}> (0x000000070c29e958) 
thrown [s\open\src\hotspot\share\prims\jni.cpp, line 516]
Event: 13.204 Thread 0x0000027f47b72530 Exception <a 'sun/nio/fs/WindowsException'{0x000000070c2a1128}> (0x000000070c2a1128) 
thrown [s\open\src\hotspot\share\prims\jni.cpp, line 516]
Event: 13.204 Thread 0x0000027f47b72530 Exception <a 'sun/nio/fs/WindowsException'{0x000000070c2a1e10}> (0x000000070c2a1e10) 
thrown [s\open\src\hotspot\share\prims\jni.cpp, line 516]
Event: 13.204 Thread 0x0000027f47b72530 Exception <a 'sun/nio/fs/WindowsException'{0x000000070c2a66e8}> (0x000000070c2a66e8) 
thrown [s\open\src\hotspot\share\prims\jni.cpp, line 516]
Event: 13.205 Thread 0x0000027f47b72530 Exception <a 'sun/nio/fs/WindowsException'{0x000000070c2a79e8}> (0x000000070c2a79e8) 
thrown [s\open\src\hotspot\share\prims\jni.cpp, line 516]
Event: 13.205 Thread 0x0000027f47b72530 Exception <a 'sun/nio/fs/WindowsException'{0x000000070c2a8fd0}> (0x000000070c2a8fd0) 
thrown [s\open\src\hotspot\share\prims\jni.cpp, line 516]
Event: 13.205 Thread 0x0000027f47b72530 Exception <a 'sun/nio/fs/WindowsException'{0x000000070c2a9cd0}> (0x000000070c2a9cd0) 
thrown [s\open\src\hotspot\share\prims\jni.cpp, line 516]
Event: 13.500 Thread 0x0000027f47b72530 Exception <a 'java/lang/NoSuchMethodError'{0x00000007096f87c0}: 'int java.lang.invoke.DirectMethodHandle$Holder.invokeVirtual(java.lang.Object, java.lang.Object, java.lang.Object, java.lang.Object)'> (0x00000007096f87c0) 
thrown [s\open\src\hotspot\share\interpreter\linkResolver.cpp, line 804]
Event: 13.501 Thread 0x0000027f47b72530 Exception <a 'java/lang/NoSuchMethodError'{0x0000000709711298}: 'java.lang.Object java.lang.invoke.DirectMethodHandle$Holder.newInvokeSpecial(java.lang.Object, java.lang.Object, int, java.lang.Object)'> (0x0000000709711298) 
thrown [s\open\src\hotspot\share\interpreter\linkResolver.cpp, line 804]
Event: 13.505 Thread 0x0000027f47b72530 Implicit null exception at 0x0000027f5a56f1b9 to 0x0000027f5a56f498
Event: 13.628 Thread 0x0000027f47b72530 Exception <a 'sun/nio/fs/WindowsException'{0x0000000709538400}> (0x0000000709538400) 
thrown [s\open\src\hotspot\share\prims\jni.cpp, line 516]
Event: 13.628 Thread 0x0000027f47b72530 Exception <a 'sun/nio/fs/WindowsException'{0x0000000709545550}> (0x0000000709545550) 
thrown [s\open\src\hotspot\share\prims\jni.cpp, line 516]
Event: 13.629 Thread 0x0000027f47b72530 Exception <a 'sun/nio/fs/WindowsException'{0x00000007095697f8}> (0x00000007095697f8) 
thrown [s\open\src\hotspot\share\prims\jni.cpp, line 516]
Event: 13.629 Thread 0x0000027f47b72530 Exception <a 'sun/nio/fs/WindowsException'{0x000000070956aa10}> (0x000000070956aa10) 
thrown [s\open\src\hotspot\share\prims\jni.cpp, line 516]
Event: 13.805 Thread 0x0000027f47b72530 Exception <a 'sun/nio/fs/WindowsException'{0x0000000708e4b898}> (0x0000000708e4b898) 
thrown [s\open\src\hotspot\share\prims\jni.cpp, line 516]
Event: 13.805 Thread 0x0000027f47b72530 Exception <a 'sun/nio/fs/WindowsException'{0x0000000708e6db18}> (0x0000000708e6db18) 
thrown [s\open\src\hotspot\share\prims\jni.cpp, line 516]
Event: 13.807 Thread 0x0000027f47b72530 Exception <a 'sun/nio/fs/WindowsException'{0x0000000708ed7200}> (0x0000000708ed7200) 
thrown [s\open\src\hotspot\share\prims\jni.cpp, line 516]
Event: 13.807 Thread 0x0000027f47b72530 Exception <a 'sun/nio/fs/WindowsException'{0x0000000708ed8140}> (0x0000000708ed8140) 
thrown [s\open\src\hotspot\share\prims\jni.cpp, line 516]
Event: 13.821 Thread 0x0000027f47b72530 Exception <a 'java/lang/NoSuchMethodError'{0x0000000708f2efc0}: 'java.lang.Object java.lang.invoke.DirectMethodHandle$Holder.newInvokeSpecial(java.lang.Object, java.lang.Object, java.lang.Object, java.lang.Object, java.lang.Object, java.lang.Object, java.lang.Object, java.lang.Object)'> (0x0000000708f2efc0) 
thrown [s\open\src\hotspot\share\interpreter\linkResolver.cpp, line 804]
Event: 13.827 Thread 0x0000027f47b72530 Exception <a 'java/lang/NoSuchMethodError'{0x0000000708f6ee30}: 'java.lang.Object java.lang.invoke.DirectMethodHandle$Holder.newInvokeSpecial(java.lang.Object, java.lang.Object, java.lang.Object, java.lang.Object, java.lang.Object, java.lang.Object, java.lang.Object, int)'> (0x0000000708f6ee30) 
thrown [s\open\src\hotspot\share\interpreter\linkResolver.cpp, line 804]

VM Operations (20 events):
Event: 13.480 Executing non-safepoint VM operation: HandshakeAllThreads (Deoptimize)
Event: 13.480 Executing non-safepoint VM operation: HandshakeAllThreads (Deoptimize) done
Event: 13.535 Executing non-safepoint VM operation: HandshakeAllThreads (Deoptimize)
Event: 13.536 Executing non-safepoint VM operation: HandshakeAllThreads (Deoptimize) done
Event: 13.538 Executing non-safepoint VM operation: HandshakeAllThreads (Deoptimize)
Event: 13.538 Executing non-safepoint VM operation: HandshakeAllThreads (Deoptimize) done
Event: 13.633 Executing non-safepoint VM operation: HandshakeAllThreads (Deoptimize)
Event: 13.633 Executing non-safepoint VM operation: HandshakeAllThreads (Deoptimize) done
Event: 13.852 Executing non-safepoint VM operation: HandshakeAllThreads (Deoptimize)
Event: 13.852 Executing non-safepoint VM operation: HandshakeAllThreads (Deoptimize) done
Event: 14.067 Executing safepoint VM operation: G1CollectForAllocation (G1 Evacuation Pause)
Event: 14.078 Executing safepoint VM operation: G1CollectForAllocation (G1 Evacuation Pause) done
Event: 14.112 Executing non-safepoint VM operation: HandshakeAllThreads (Deoptimize)
Event: 14.112 Executing non-safepoint VM operation: HandshakeAllThreads (Deoptimize) done
Event: 14.315 Executing non-safepoint VM operation: HandshakeAllThreads (Deoptimize)
Event: 14.315 Executing non-safepoint VM operation: HandshakeAllThreads (Deoptimize) done
Event: 14.663 Executing non-safepoint VM operation: HandshakeAllThreads (Deoptimize)
Event: 14.663 Executing non-safepoint VM operation: HandshakeAllThreads (Deoptimize) done
Event: 14.913 Executing safepoint VM operation: G1CollectForAllocation (G1 Evacuation Pause)
Event: 14.926 Executing safepoint VM operation: G1CollectForAllocation (G1 Evacuation Pause) done

Memory protections (0 events):
No events

Nmethod flushes (20 events):
Event: 13.249 Thread 0x0000027f69467930 flushing  nmethod 0x0000027f53818288
Event: 13.249 Thread 0x0000027f69467930 flushing  nmethod 0x0000027f53818588
Event: 13.249 Thread 0x0000027f69467930 flushing  nmethod 0x0000027f5381a108
Event: 13.249 Thread 0x0000027f69467930 flushing  nmethod 0x0000027f5381c688
Event: 13.249 Thread 0x0000027f69467930 flushing  nmethod 0x0000027f5381d488
Event: 13.249 Thread 0x0000027f69467930 flushing  nmethod 0x0000027f5383ae88
Event: 13.249 Thread 0x0000027f69467930 flushing  nmethod 0x0000027f5383b288
Event: 13.249 Thread 0x0000027f69467930 flushing  nmethod 0x0000027f5383c208
Event: 13.249 Thread 0x0000027f69467930 flushing  nmethod 0x0000027f5383dc88
Event: 13.249 Thread 0x0000027f69467930 flushing  nmethod 0x0000027f5383ee88
Event: 13.249 Thread 0x0000027f69467930 flushing  nmethod 0x0000027f5383f608
Event: 13.249 Thread 0x0000027f69467930 flushing  nmethod 0x0000027f53841d88
Event: 13.249 Thread 0x0000027f69467930 flushing  nmethod 0x0000027f53842188
Event: 13.249 Thread 0x0000027f69467930 flushing  nmethod 0x0000027f5385a608
Event: 13.249 Thread 0x0000027f69467930 flushing  nmethod 0x0000027f5385c088
Event: 13.249 Thread 0x0000027f69467930 flushing  nmethod 0x0000027f5385ec88
Event: 13.249 Thread 0x0000027f69467930 flushing  nmethod 0x0000027f5386bc08
Event: 13.249 Thread 0x0000027f69467930 flushing  nmethod 0x0000027f5386c308
Event: 13.249 Thread 0x0000027f69467930 flushing  nmethod 0x0000027f53882788
Event: 13.249 Thread 0x0000027f69467930 flushing  nmethod 0x0000027f53883908

Events (20 events):
Event: 0.033 Thread 0x0000027f47b72530 Thread added: 0x0000027f69a4f310
Event: 0.035 Thread 0x0000027f47b72530 Thread added: 0x0000027f69a60380
Event: 0.083 Thread 0x0000027f69493030 Thread added: 0x0000027f694ab580
Event: 0.141 Thread 0x0000027f47b72530 Thread added: 0x0000027f6e0b6a80
Event: 0.151 Thread 0x0000027f6e0b6a80 Thread exited: 0x0000027f6e0b6a80
Event: 0.489 Thread 0x0000027f694ab580 Thread added: 0x0000027f694afe10
Event: 4.769 Thread 0x0000027f47b72530 Thread added: 0x0000027f6f157190
Event: 4.773 Thread 0x0000027f47b72530 Thread added: 0x0000027f6f15b7e0
Event: 4.773 Thread 0x0000027f47b72530 Thread added: 0x0000027f6f15bfb0
Event: 4.781 Thread 0x0000027f6f15bfb0 Thread added: 0x0000027f71da1120
Event: 4.856 Thread 0x0000027f6f157190 Thread added: 0x0000027f71da18f0
Event: 4.857 Thread 0x0000027f6f15b7e0 Thread added: 0x0000027f71d9f1e0
Event: 7.895 Thread 0x0000027f694afe10 Thread exited: 0x0000027f694afe10
Event: 8.076 Thread 0x0000027f694ab580 Thread exited: 0x0000027f694ab580
Event: 8.200 Thread 0x0000027f694ae5e0 Thread added: 0x0000027f6f385020
Event: 8.287 Thread 0x0000027f694ae5e0 Thread added: 0x0000027f6f384000
Event: 8.415 Thread 0x0000027f6f384000 Thread exited: 0x0000027f6f384000
Event: 8.977 Thread 0x0000027f6f385020 Thread exited: 0x0000027f6f385020
Event: 9.317 Thread 0x0000027f694ae5e0 Thread added: 0x0000027f6f385020
Event: 9.344 Thread 0x0000027f694ae5e0 Thread added: 0x0000027f6f384000


Dynamic libraries:
0x00007ff6fbda0000 - 0x00007ff6fbdb0000 	C:\Program Files\Java\jdk-25\bin\java.exe
0x00007ffcf9300000 - 0x00007ffcf9567000 	C:\WINDOWS\SYSTEM32\ntdll.dll
0x00007ffcf7690000 - 0x00007ffcf7759000 	C:\WINDOWS\System32\KERNEL32.DLL
0x00007ffcf6b40000 - 0x00007ffcf6f37000 	C:\WINDOWS\System32\KERNELBASE.dll
0x00007ffcf6940000 - 0x00007ffcf6a8b000 	C:\WINDOWS\System32\ucrtbase.dll
0x00007ffcdcc90000 - 0x00007ffcdcca7000 	C:\Program Files\Java\jdk-25\bin\jli.dll
0x00007ffcdd2f0000 - 0x00007ffcdd30e000 	C:\Program Files\Java\jdk-25\bin\VCRUNTIME140.dll
0x00007ffcf7430000 - 0x00007ffcf75f6000 	C:\WINDOWS\System32\USER32.dll
0x00007ffcd4390000 - 0x00007ffcd4622000 	C:\WINDOWS\WinSxS\amd64_microsoft.windows.common-controls_6595b64144ccf1df_6.0.26100.8328_none_3e08182ce334b678\COMCTL32.dll
0x00007ffcf5fe0000 - 0x00007ffcf6007000 	C:\WINDOWS\System32\win32u.dll
0x00007ffcf7760000 - 0x00007ffcf7809000 	C:\WINDOWS\System32\msvcrt.dll
0x00007ffcf8ba0000 - 0x00007ffcf8bcb000 	C:\WINDOWS\System32\GDI32.dll
0x00007ffcf5d30000 - 0x00007ffcf5e5c000 	C:\WINDOWS\System32\gdi32full.dll
0x00007ffcf6a90000 - 0x00007ffcf6b33000 	C:\WINDOWS\System32\msvcp_win.dll
0x00007ffcf73f0000 - 0x00007ffcf7422000 	C:\WINDOWS\System32\IMM32.DLL
0x00007ffcedc60000 - 0x00007ffcedc6c000 	C:\Program Files\Java\jdk-25\bin\vcruntime140_1.dll
0x00007ffcdaac0000 - 0x00007ffcdab4d000 	C:\Program Files\Java\jdk-25\bin\msvcp140.dll
0x00007ffc36b80000 - 0x00007ffc379df000 	C:\Program Files\Java\jdk-25\bin\server\jvm.dll
0x00007ffcf8ac0000 - 0x00007ffcf8b76000 	C:\WINDOWS\System32\ADVAPI32.dll
0x00007ffcf8df0000 - 0x00007ffcf8e97000 	C:\WINDOWS\System32\sechost.dll
0x00007ffcf72d0000 - 0x00007ffcf73e8000 	C:\WINDOWS\System32\RPCRT4.dll
0x00007ffcf7230000 - 0x00007ffcf72b0000 	C:\WINDOWS\System32\WS2_32.dll
0x00007ffcf5b90000 - 0x00007ffcf5bee000 	C:\WINDOWS\SYSTEM32\POWRPROF.dll
0x00007ffce9b50000 - 0x00007ffce9b5b000 	C:\WINDOWS\SYSTEM32\VERSION.dll
0x00007ffcd6de0000 - 0x00007ffcd6e16000 	C:\WINDOWS\SYSTEM32\WINMM.dll
0x00007ffcf5b70000 - 0x00007ffcf5b84000 	C:\WINDOWS\SYSTEM32\UMPDC.dll
0x00007ffcf4ac0000 - 0x00007ffcf4adb000 	C:\WINDOWS\SYSTEM32\kernel.appcore.dll
0x00007ffce5cb0000 - 0x00007ffce5cba000 	C:\Program Files\Java\jdk-25\bin\jimage.dll
0x00007ffcf0c50000 - 0x00007ffcf0e92000 	C:\WINDOWS\SYSTEM32\DBGHELP.DLL
0x00007ffcf8eb0000 - 0x00007ffcf9233000 	C:\WINDOWS\System32\combase.dll
0x00007ffcf79d0000 - 0x00007ffcf7aa9000 	C:\WINDOWS\System32\OLEAUT32.dll
0x00007ffcd4350000 - 0x00007ffcd438b000 	C:\WINDOWS\SYSTEM32\dbgcore.DLL
0x00007ffcf6fd0000 - 0x00007ffcf7078000 	C:\WINDOWS\System32\bcryptPrimitives.dll
0x00007ffcdcbd0000 - 0x00007ffcdcbef000 	C:\Program Files\Java\jdk-25\bin\java.dll
0x00007ffcf8c50000 - 0x00007ffcf8de7000 	C:\WINDOWS\System32\ole32.dll
0x00007ffcf8160000 - 0x00007ffcf88ce000 	C:\WINDOWS\System32\SHELL32.dll
0x00007ffcf6010000 - 0x00007ffcf687c000 	C:\WINDOWS\System32\windows.storage.dll
0x00007ffcf7f40000 - 0x00007ffcf8036000 	C:\WINDOWS\System32\SHCORE.dll
0x00007ffcf71c0000 - 0x00007ffcf7226000 	C:\WINDOWS\System32\shlwapi.dll
0x00007ffcf5c50000 - 0x00007ffcf5c79000 	C:\WINDOWS\SYSTEM32\profapi.dll
0x00007ffcdc280000 - 0x00007ffcdc292000 	C:\Program Files\Java\jdk-25\bin\net.dll
0x00007ffcf5030000 - 0x00007ffcf509c000 	C:\WINDOWS\system32\mswsock.dll
0x00007ffcdc1c0000 - 0x00007ffcdc1d6000 	C:\Program Files\Java\jdk-25\bin\nio.dll
0x00007ffcdc1a0000 - 0x00007ffcdc1b7000 	C:\Program Files\Java\jdk-25\bin\zip.dll
0x00007ffcdaef0000 - 0x00007ffcdaf14000 	C:\Users\HAIBONWA RIBEGA B\.m2\wrapper\dists\apache-maven-3.9.15\0226a00282e400185496f3b60ec5a3f029cbdc6893912937d4876d57695224e1\lib\jansi-native\Windows\x86_64\jansi.dll
0x00007ffcdcf80000 - 0x00007ffcdcf90000 	C:\Program Files\Java\jdk-25\bin\verify.dll
0x00007ffcf5310000 - 0x00007ffcf532b000 	C:\WINDOWS\SYSTEM32\CRYPTSP.dll
0x00007ffcf4a20000 - 0x00007ffcf4a59000 	C:\WINDOWS\system32\rsaenh.dll
0x00007ffcf50e0000 - 0x00007ffcf5113000 	C:\WINDOWS\SYSTEM32\USERENV.dll
0x00007ffcf5c20000 - 0x00007ffcf5c4a000 	C:\WINDOWS\SYSTEM32\bcrypt.dll
0x00007ffcf5330000 - 0x00007ffcf533c000 	C:\WINDOWS\SYSTEM32\CRYPTBASE.dll
0x00007ffcf44b0000 - 0x00007ffcf44e2000 	C:\WINDOWS\SYSTEM32\IPHLPAPI.DLL
0x00007ffcf8040000 - 0x00007ffcf804a000 	C:\WINDOWS\System32\NSI.dll

JVMTI agents: none

dbghelp: loaded successfully - version: 4.0.5 - missing functions: none
symbol engine: initialized successfully - sym options: 0x614 - pdb path: .;C:\Program Files\Java\jdk-25\bin;C:\WINDOWS\SYSTEM32;C:\WINDOWS\WinSxS\amd64_microsoft.windows.common-controls_6595b64144ccf1df_6.0.26100.8328_none_3e08182ce334b678;C:\Program Files\Java\jdk-25\bin\server;C:\Users\HAIBONWA RIBEGA B\.m2\wrapper\dists\apache-maven-3.9.15\0226a00282e400185496f3b60ec5a3f029cbdc6893912937d4876d57695224e1\lib\jansi-native\Windows\x86_64

VM Arguments:
jvm_args: --enable-native-access=ALL-UNNAMED -Dclassworlds.conf=C:\Users\HAIBONWA RIBEGA B\.m2\wrapper\dists\apache-maven-3.9.15\0226a00282e400185496f3b60ec5a3f029cbdc6893912937d4876d57695224e1\bin\m2.conf -Dmaven.home=C:\Users\HAIBONWA RIBEGA B\.m2\wrapper\dists\apache-maven-3.9.15\0226a00282e400185496f3b60ec5a3f029cbdc6893912937d4876d57695224e1 -Dlibrary.jansi.path=C:\Users\HAIBONWA RIBEGA B\.m2\wrapper\dists\apache-maven-3.9.15\0226a00282e400185496f3b60ec5a3f029cbdc6893912937d4876d57695224e1\lib\jansi-native -Dmaven.multiModuleProjectDirectory=E:\Repository\PrimeVideo\video 
java_command: org.codehaus.plexus.classworlds.launcher.Launcher compile -q
java_class_path (initial): C:\Users\HAIBONWA RIBEGA B\.m2\wrapper\dists\apache-maven-3.9.15\0226a00282e400185496f3b60ec5a3f029cbdc6893912937d4876d57695224e1\boot\plexus-classworlds-2.9.0.jar
Launcher Type: SUN_STANDARD

[Global flags]
     intx CICompilerCount                          = 4                                         {product} {ergonomic}
     uint ConcGCThreads                            = 3                                         {product} {ergonomic}
     uint G1ConcRefinementThreads                  = 10                                        {product} {ergonomic}
   size_t G1HeapRegionSize                         = 2097152                                   {product} {ergonomic}
   size_t InitialHeapSize                          = 266338304                                 {product} {ergonomic}
   size_t MarkStackSize                            = 4194304                                   {product} {ergonomic}
   size_t MarkStackSizeMax                         = 536870912                                 {product} {ergonomic}
   size_t MaxHeapSize                              = 4238344192                                {product} {ergonomic}
   size_t MaxNewSize                               = 2541748224                                {product} {ergonomic}
   size_t MinHeapDeltaBytes                        = 2097152                                   {product} {ergonomic}
   size_t MinHeapSize                              = 8388608                                   {product} {ergonomic}
    uintx NonNMethodCodeHeapSize                   = 5832704                                {pd product} {ergonomic}
    uintx NonProfiledCodeHeapSize                  = 122945536                              {pd product} {ergonomic}
    uintx ProfiledCodeHeapSize                     = 122880000                              {pd product} {ergonomic}
    uintx ReservedCodeCacheSize                    = 251658240                              {pd product} {ergonomic}
     bool SegmentedCodeCache                       = true                                      {product} {ergonomic}
   size_t SoftMaxHeapSize                          = 4238344192                             {manageable} {ergonomic}
     bool UseCompressedOops                        = true                           {product lp64_product} {ergonomic}
     bool UseG1GC                                  = true                                      {product} {ergonomic}
     bool UseLargePagesIndividualAllocation        = false                                  {pd product} {ergonomic}

Logging:
Log output configuration:
 #0: stdout all=warning uptime,level,tags foldmultilines=false
 #1: stderr all=off uptime,level,tags foldmultilines=false

Release file:
IMPLEMENTOR="Oracle Corporation" 
JAVA_RUNTIME_VERSION="25.0.1+8-LTS-27" 
JAVA_VERSION="25.0.1" 
JAVA_VERSION_DATE="2025-10-21" 
LIBC="default" 
MODULES="java.base java.compiler java.datatransfer java.xml java.prefs java.desktop java.instrument java.logging java.management java.security.sasl java.naming java.rmi java.management.rmi java.net.http java.scripting java.security.jgss java.transaction.xa java.sql java.sql.rowset java.xml.crypto java.se java.smartcardio jdk.accessibility jdk.internal.jvmstat jdk.attach jdk.charsets jdk.internal.opt jdk.zipfs jdk.compiler jdk.crypto.cryptoki jdk.crypto.ec jdk.crypto.mscapi jdk.dynalink jdk.internal.ed jdk.editpad jdk.internal.vm.ci jdk.graal.compiler jdk.graal.compiler.management jdk.hotspot.agent jdk.httpserver jdk.incubator.vector jdk.internal.le jdk.internal.md jdk.jartool jdk.javadoc jdk.jcmd jdk.management jdk.management.agent jdk.jconsole jdk.jdeps jdk.jdwp.agent jdk.jdi jdk.jfr jdk.jlink jdk.jpackage jdk.jshell jdk.jsobject jdk.jstatd jdk.localedata jdk.management.jfr jdk.naming.dns jdk.naming.rmi jdk.net jdk.nio.mapmode jdk.sctp jdk.security.auth jdk.security.jgss jdk.unsupported jdk.unsupported.desktop jdk.xml.dom" 
OS_ARCH="x86_64" 
OS_NAME="Windows" 
SOURCE=".:git:862c85bc42b7 open:git:78770bfaefd2" 

Environment Variables:
PATH=C:\Program Files (x86)\NVIDIA Corporation\PhysX\Common;C:\Program Files\Common Files\Oracle\Java\javapath;C:\Program Files (x86)\Common Files\Oracle\Java\java8path;C:\Program Files (x86)\Common Files\Oracle\Java\javapath;C:\Users\HAIBONWA RIBEGA B\AppData\Local\Microsoft\WindowsApps;C:\Users\HAIBONWA RIBEGA B\AppData\Local\Programs\Microsoft VS Code\bin;E:\flutter\bin;C:\Windows\System32\WindowsPowerShell\v1.0;C:\Windows;C:\Windows\System32\Wbem;C:\Program Files\dotnet\;C:\WINDOWS\system32;C:\WINDOWS;C:\WINDOWS\System32\Wbem;C:\WINDOWS\System32\WindowsPowerShell\v1.0\;C:\WINDOWS\System32\OpenSSH\;C:\Program Files\Git\cmd;C:\Program Files (x86)\ZeroTier\One\;C:\Users\HAIBONWA RIBEGA B\AppData\Local\Microsoft\WindowsApps;E:\flutter\bin;C:\Program Files\Git\bin;C:\Windows\System32\WindowsPowerShell\v1.0;C:\Program Files\Git\cmd;C:\Windows\System32\Wbem;C:\Windows\System32;C:\Windows;C:\Users\HAIBONWA RIBEGA B\.dotnet\tools;C:\Users\HAIBONWA RIBEGA B\AppData\Local\Programs\Antigravity\bin;C:\Program Files\Java\jdk-25;E:\Programs\Microsoft VS Code\bin;C:\xampp\php;
USERNAME=HAIBONWA RIBEGA B
OS=Windows_NT
PROCESSOR_IDENTIFIER=Intel64 Family 6 Model 158 Stepping 13, GenuineIntel
TMP=C:\Users\HAIBON~1\AppData\Local\Temp
TEMP=C:\Users\HAIBON~1\AppData\Local\Temp




Compilation memory statistics disabled.

Periodic native trim disabled

---------------  S Y S T E M  ---------------

OS:
 Windows 11 , 64 bit Build 26100 (10.0.26100.8328)
OS uptime: 1 days 6:04 hours
Hyper-V role detected

CPU: total 12 (initial active 12) (6 cores per cpu, 2 threads per core) family 6 model 158 stepping 13 microcode 0xde, cx8, cmov, fxsr, ht, mmx, 3dnowpref, sse, sse2, sse3, ssse3, sse4.1, sse4.2, popcnt, lzcnt, tsc, tscinvbit, avx, avx2, aes, erms, clmul, bmi1, bmi2, adx, fma, vzeroupper, clflush, clflushopt, hv, rdtscp, f16c
Processor Information for the first 12 processors :
  Max Mhz: 2592, Current Mhz: 2592, Mhz Limit: 2592

Memory: 4k page, system-wide physical 16162M (1491M free)
TotalPageFile size 20841M (AvailPageFile size 102M)
current process WorkingSet (physical memory assigned to process): 382M, peak: 384M
current process commit charge ("private bytes"): 443M, peak: 451M

vm_info: Java HotSpot(TM) 64-Bit Server VM (25.0.1+8-LTS-27) for windows-amd64 JRE (25.0.1+8-LTS-27), built on 2025-09-25T16:41:16Z with unknown MS VC++:1943

END.
