#
# There is insufficient memory for the Java Runtime Environment to continue.
# Native memory allocation (malloc) failed to allocate 4791512 bytes. Error detail: Chunk::new
# Possible reasons:
#   The system is out of physical RAM or swap space
#   This process is running with CompressedOops enabled, and the Java Heap may be blocking the growth of the native heap
# Possible solutions:
#   Reduce memory load on the system
#   Increase physical memory or swap space
#   Check if swap backing store is full
#   Decrease Java heap size (-Xmx/-Xms)
#   Decrease number of Java threads
#   Decrease Java thread stack sizes (-Xss)
#   Set larger code cache with -XX:ReservedCodeCacheSize=
#   JVM is running with Zero Based Compressed Oops mode in which the Java heap is
#     placed in the first 32GB address space. The Java Heap base address is the
#     maximum limit for the native heap growth. Please use -XX:HeapBaseMinAddress
#     to set the Java Heap base and to place the Java Heap above 32GB virtual address.
# This output file may be truncated or incomplete.
#
#  Out of Memory Error (arena.cpp:186), pid=23152, tid=21988
#
# JRE version: Java(TM) SE Runtime Environment (25.0.1+8) (build 25.0.1+8-LTS-27)
# Java VM: Java HotSpot(TM) 64-Bit Server VM (25.0.1+8-LTS-27, mixed mode, sharing, tiered, compressed oops, compressed class ptrs, g1 gc, windows-amd64)
# No core dump will be written. Minidumps are not enabled by default on client versions of Windows
#

---------------  S U M M A R Y ------------

Command Line: --enable-native-access=ALL-UNNAMED -Dclassworlds.conf=C:\Users\HAIBONWA RIBEGA B\.m2\wrapper\dists\apache-maven-3.9.15\0226a00282e400185496f3b60ec5a3f029cbdc6893912937d4876d57695224e1\bin\m2.conf -Dmaven.home=C:\Users\HAIBONWA RIBEGA B\.m2\wrapper\dists\apache-maven-3.9.15\0226a00282e400185496f3b60ec5a3f029cbdc6893912937d4876d57695224e1 -Dlibrary.jansi.path=C:\Users\HAIBONWA RIBEGA B\.m2\wrapper\dists\apache-maven-3.9.15\0226a00282e400185496f3b60ec5a3f029cbdc6893912937d4876d57695224e1\lib\jansi-native -Dmaven.multiModuleProjectDirectory=E:\Repository\PrimeVideo\video org.codehaus.plexus.classworlds.launcher.Launcher spring-boot:run -Dspring-boot.run.jvmArguments=--enable-native-access=ALL-UNNAMED -Xmx256m -Xms128m

Host: Intel(R) Core(TM) i7-9850H CPU @ 2.60GHz, 12 cores, 15G,  Windows 11 , 64 bit Build 26100 (10.0.26100.8328)
Time: Fri May 15 17:15:44 2026 Afr. centrale Ouest elapsed time: 12.727089 seconds (0d 0h 0m 12s)

---------------  T H R E A D  ---------------

Current thread (0x000002443deac710):  JavaThread "C2 CompilerThread0" daemon [_thread_in_native, id=21988, stack(0x0000009bc3400000,0x0000009bc3500000) (1024K)]


Current CompileTask:
C2:12727 14812   !   4       com.sun.tools.javac.code.ClassFinder::loadClass (127 bytes)

Stack: [0x0000009bc3400000,0x0000009bc3500000]
Native frames: (J=compiled Java code, j=interpreted, Vv=VM code, C=native code)
V  [jvm.dll+0x7a6b59]  (no source info available)
V  [jvm.dll+0x77290d]  (no source info available)
V  [jvm.dll+0x966153]  (no source info available)
V  [jvm.dll+0x968751]  (no source info available)
V  [jvm.dll+0x968e53]  (no source info available)
V  [jvm.dll+0x2fc756]  (no source info available)
V  [jvm.dll+0x111b26]  (no source info available)
V  [jvm.dll+0x111e4e]  (no source info available)
V  [jvm.dll+0x1a0a22]  (no source info available)
V  [jvm.dll+0x3b53c2]  (no source info available)
V  [jvm.dll+0x7ac4ef]  (no source info available)
V  [jvm.dll+0x2c0ac7]  (no source info available)
V  [jvm.dll+0x2bfa8f]  (no source info available)
V  [jvm.dll+0x237b60]  (no source info available)
V  [jvm.dll+0x2cfb56]  (no source info available)
V  [jvm.dll+0x2cddd5]  (no source info available)
V  [jvm.dll+0x48e6d1]  (no source info available)
V  [jvm.dll+0x906a0d]  (no source info available)
V  [jvm.dll+0x7a5135]  (no source info available)
C  [ucrtbase.dll+0x37b0]  (no source info available)
C  [KERNEL32.DLL+0x2e957]  (no source info available)
C  [ntdll.dll+0x427c]  (no source info available)

Lock stack of current Java thread (top to bottom):


---------------  P R O C E S S  ---------------

Threads class SMR info:
_java_thread_list=0x0000024445abd070, length=23, elements={
0x000002441e7bf280, 0x000002443de99980, 0x000002443de9a3e0, 0x000002443de9ce00,
0x000002443de9df90, 0x000002443de9f2c0, 0x000002443dea8f70, 0x000002443deac710,
0x000002443deb4910, 0x000002443e23aa00, 0x000002443e24a650, 0x0000024443b1f360,
0x0000024444a725a0, 0x0000024444a6eef0, 0x0000024444a73540, 0x0000024444a744e0,
0x0000024445663650, 0x0000024445661ee0, 0x0000024445664dc0, 0x0000024445661710,
0x0000024445665d60, 0x00000244435ad980, 0x00000244435b8ae0
}

Java Threads: ( => current thread )
  0x000002441e7bf280 JavaThread "main"                              [_thread_in_vm, id=14488, stack(0x0000009bc2600000,0x0000009bc2700000) (1024K)]
  0x000002443de99980 JavaThread "Reference Handler"          daemon [_thread_blocked, id=33080, stack(0x0000009bc2e00000,0x0000009bc2f00000) (1024K)]
  0x000002443de9a3e0 JavaThread "Finalizer"                  daemon [_thread_blocked, id=31400, stack(0x0000009bc2f00000,0x0000009bc3000000) (1024K)]
  0x000002443de9ce00 JavaThread "Signal Dispatcher"          daemon [_thread_blocked, id=14232, stack(0x0000009bc3000000,0x0000009bc3100000) (1024K)]
  0x000002443de9df90 JavaThread "Attach Listener"            daemon [_thread_blocked, id=31940, stack(0x0000009bc3100000,0x0000009bc3200000) (1024K)]
  0x000002443de9f2c0 JavaThread "Service Thread"             daemon [_thread_blocked, id=9916, stack(0x0000009bc3200000,0x0000009bc3300000) (1024K)]
  0x000002443dea8f70 JavaThread "Monitor Deflation Thread"   daemon [_thread_blocked, id=18132, stack(0x0000009bc3300000,0x0000009bc3400000) (1024K)]
=>0x000002443deac710 JavaThread "C2 CompilerThread0"         daemon [_thread_in_native, id=21988, stack(0x0000009bc3400000,0x0000009bc3500000) (1024K)]
  0x000002443deb4910 JavaThread "C1 CompilerThread0"         daemon [_thread_in_vm, id=28244, stack(0x0000009bc3500000,0x0000009bc3600000) (1024K)]
  0x000002443e23aa00 JavaThread "Notification Thread"        daemon [_thread_blocked, id=30548, stack(0x0000009bc3600000,0x0000009bc3700000) (1024K)]
  0x000002443e24a650 JavaThread "Common-Cleaner"             daemon [_thread_blocked, id=30528, stack(0x0000009bc3700000,0x0000009bc3800000) (1024K)]
  0x0000024443b1f360 JavaThread "Thread-1"                   daemon [_thread_blocked, id=33032, stack(0x0000009bc3e00000,0x0000009bc3f00000) (1024K)]
  0x0000024444a725a0 JavaThread "ForkJoinPool.commonPool-worker-1" daemon [_thread_blocked, id=32316, stack(0x0000009bc4600000,0x0000009bc4700000) (1024K)]
  0x0000024444a6eef0 JavaThread "ForkJoinPool.commonPool-worker-2" daemon [_thread_blocked, id=28124, stack(0x0000009bc4700000,0x0000009bc4800000) (1024K)]
  0x0000024444a73540 JavaThread "ForkJoinPool.commonPool-worker-3" daemon [_thread_blocked, id=10080, stack(0x0000009bc4800000,0x0000009bc4900000) (1024K)]
  0x0000024444a744e0 JavaThread "ForkJoinPool.commonPool-worker-4" daemon [_thread_blocked, id=21764, stack(0x0000009bc4900000,0x0000009bc4a00000) (1024K)]
  0x0000024445663650 JavaThread "ForkJoinPool.commonPool-worker-5" daemon [_thread_blocked, id=31148, stack(0x0000009bc4a00000,0x0000009bc4b00000) (1024K)]
  0x0000024445661ee0 JavaThread "ForkJoinPool.commonPool-worker-6" daemon [_thread_blocked, id=30244, stack(0x0000009bc4b00000,0x0000009bc4c00000) (1024K)]
  0x0000024445664dc0 JavaThread "ForkJoinPool.commonPool-worker-7" daemon [_thread_blocked, id=32664, stack(0x0000009bc4c00000,0x0000009bc4d00000) (1024K)]
  0x0000024445661710 JavaThread "ForkJoinPool.commonPool-worker-8" daemon [_thread_blocked, id=12328, stack(0x0000009bc4d00000,0x0000009bc4e00000) (1024K)]
  0x0000024445665d60 JavaThread "ForkJoinPool.commonPool-worker-9" daemon [_thread_blocked, id=3584, stack(0x0000009bc4e00000,0x0000009bc4f00000) (1024K)]
  0x00000244435ad980 JavaThread "C2 CompilerThread1"         daemon [_thread_in_native, id=33380, stack(0x0000009bc3800000,0x0000009bc3900000) (1024K)]
  0x00000244435b8ae0 JavaThread "C2 CompilerThread2"         daemon [_thread_in_native, id=33696, stack(0x0000009bc3f00000,0x0000009bc4000000) (1024K)]
Total: 23

Other Threads:
  0x000002443de88170 VMThread "VM Thread"                           [id=12020, stack(0x0000009bc2d00000,0x0000009bc2e00000) (1024K)]
  0x000002443de79760 WatcherThread "VM Periodic Task Thread"        [id=33756, stack(0x0000009bc2c00000,0x0000009bc2d00000) (1024K)]
  0x000002441e828bf0 WorkerThread "GC Thread#0"                     [id=23376, stack(0x0000009bc2700000,0x0000009bc2800000) (1024K)]
  0x00000244437b8a60 WorkerThread "GC Thread#1"                     [id=31828, stack(0x0000009bc3900000,0x0000009bc3a00000) (1024K)]
  0x00000244437b92a0 WorkerThread "GC Thread#2"                     [id=33360, stack(0x0000009bc3a00000,0x0000009bc3b00000) (1024K)]
  0x00000244433ded50 WorkerThread "GC Thread#3"                     [id=27484, stack(0x0000009bc3b00000,0x0000009bc3c00000) (1024K)]
  0x00000244433df180 WorkerThread "GC Thread#4"                     [id=33328, stack(0x0000009bc3c00000,0x0000009bc3d00000) (1024K)]
  0x00000244433df9b0 WorkerThread "GC Thread#5"                     [id=3636, stack(0x0000009bc3d00000,0x0000009bc3e00000) (1024K)]
  0x0000024443bb79b0 WorkerThread "GC Thread#6"                     [id=29936, stack(0x0000009bc4000000,0x0000009bc4100000) (1024K)]
  0x0000024443bbba60 WorkerThread "GC Thread#7"                     [id=6612, stack(0x0000009bc4100000,0x0000009bc4200000) (1024K)]
  0x0000024443bbbeb0 WorkerThread "GC Thread#8"                     [id=3776, stack(0x0000009bc4200000,0x0000009bc4300000) (1024K)]
  0x0000024443bbc300 WorkerThread "GC Thread#9"                     [id=2852, stack(0x0000009bc4300000,0x0000009bc4400000) (1024K)]
  0x000002441e841a80 ConcurrentGCThread "G1 Main Marker"            [id=26272, stack(0x0000009bc2800000,0x0000009bc2900000) (1024K)]
  0x000002441e843190 WorkerThread "G1 Conc#0"                       [id=31840, stack(0x0000009bc2900000,0x0000009bc2a00000) (1024K)]
  0x0000024444180cf0 WorkerThread "G1 Conc#1"                       [id=25300, stack(0x0000009bc4400000,0x0000009bc4500000) (1024K)]
  0x0000024444181140 WorkerThread "G1 Conc#2"                       [id=21064, stack(0x0000009bc4500000,0x0000009bc4600000) (1024K)]
  0x000002443dd485a0 ConcurrentGCThread "G1 Refine#0"               [id=3192, stack(0x0000009bc2a00000,0x0000009bc2b00000) (1024K)]
  0x000002443dd4aa70 ConcurrentGCThread "G1 Service"                [id=33448, stack(0x0000009bc2b00000,0x0000009bc2c00000) (1024K)]
Total: 18

Threads with active compile tasks:
C2 CompilerThread0  12818 14812   !   4       com.sun.tools.javac.code.ClassFinder::loadClass (127 bytes)
C1 CompilerThread0  12818 14975       2       com.sun.tools.javac.comp.Resolve::lookupMethod (29 bytes)
C2 CompilerThread1  12818 14876       4       com.sun.tools.javac.comp.Resolve::rawInstantiate (516 bytes)
C2 CompilerThread2  12818 14744       4       com.sun.tools.javac.code.Types::union (134 bytes)
Total: 4

VM state: not at safepoint (normal execution)

VM Mutex/Monitor currently owned by a thread:  ([mutex/lock_event])
[0x00007ffc0d6172e8] Metaspace_lock - owner thread: 0x000002443deb4910
[0x00007ffc0d617e68] MethodCompileQueue_lock - owner thread: 0x0000000000000000

Heap address: 0x0000000703600000, size: 4042 MB, Compressed Oops mode: Zero based, Oop shift amount: 3

CDS archive(s) mapped at: [0x0000000002000000-0x0000000002dd0000-0x0000000002dd0000), size 14483456, SharedBaseAddress: 0x0000000002000000, ArchiveRelocationMode: 1.
Compressed class space mapped at: 0x0000000003000000-0x0000000043000000, reserved size: 1073741824
UseCompressedClassPointers 1, UseCompactObjectHeaders 0
Narrow klass pointer bits 32, Max shift 3
Narrow klass base: 0x0000000002000000, Narrow klass shift: 0
Encoding Range: [0x0000000002000000 - 0x0000000102000000), (4294967296 bytes)
Klass Range:    [0x0000000002010000 - 0x0000000043000000), (1090453504 bytes)
Klass ID Range:  [65536 - 1090519033) (1090453497)
Protection zone: [0x0000000002000000 - 0x0000000002010000), (65536 bytes)

GC Precious Log:
 CardTable entry size: 512
 Card Set container configuration: InlinePtr #cards 4 size 8 Array Of Cards #cards 16 size 48 Howl #buckets 8 coarsen threshold 3686 Howl Bitmap #cards 512 size 80 coarsen threshold 460 Card regions per heap region 1 cards per card region 4096
 CPUs: 12 total, 12 available
 Memory: 16162M
 Large Page Support: Disabled
 NUMA Support: Disabled
 Compressed Oops: Enabled (Zero based)
 Heap Region Size: 2M
 Heap Min Capacity: 8M
 Heap Initial Capacity: 254M
 Heap Max Capacity: 4042M
 Pre-touch: Disabled
 Parallel Workers: 10
 Concurrent Workers: 3
 Concurrent Refinement Workers: 10
 Periodic GC: Disabled

Heap:
 garbage-first heap   total reserved 4139008K, committed 184320K, used 132644K [0x0000000703600000, 0x0000000800000000)
  region size 2048K, 29 young (59392K), 2 survivors (4096K)

Heap Regions: E=young(eden), S=young(survivor), O=old, HS=humongous(starts), HC=humongous(continues), CS=collection set, F=free, TAMS=top-at-mark-start, PB=parsable bottom
|   0|0x0000000703600000, 0x0000000703800000, 0x0000000703800000|100%| O|  |TAMS 0x0000000703600000| PB 0x0000000703600000| Untracked |  0
|   1|0x0000000703800000, 0x0000000703a00000, 0x0000000703a00000|100%| O|  |TAMS 0x0000000703800000| PB 0x0000000703800000| Untracked |  0
|   2|0x0000000703a00000, 0x0000000703c00000, 0x0000000703c00000|100%| O|  |TAMS 0x0000000703a00000| PB 0x0000000703a00000| Untracked |  0
|   3|0x0000000703c00000, 0x0000000703e00000, 0x0000000703e00000|100%| O|  |TAMS 0x0000000703c00000| PB 0x0000000703c00000| Untracked |  0
|   4|0x0000000703e00000, 0x0000000704000000, 0x0000000704000000|100%| O|  |TAMS 0x0000000703e00000| PB 0x0000000703e00000| Untracked |  0
|   5|0x0000000704000000, 0x0000000704200000, 0x0000000704200000|100%| O|  |TAMS 0x0000000704000000| PB 0x0000000704000000| Untracked |  0
|   6|0x0000000704200000, 0x0000000704400000, 0x0000000704400000|100%| O|  |TAMS 0x0000000704200000| PB 0x0000000704200000| Untracked |  0
|   7|0x0000000704400000, 0x0000000704600000, 0x0000000704600000|100%| O|  |TAMS 0x0000000704400000| PB 0x0000000704400000| Untracked |  0
|   8|0x0000000704600000, 0x0000000704800000, 0x0000000704800000|100%| O|  |TAMS 0x0000000704600000| PB 0x0000000704600000| Untracked |  0
|   9|0x0000000704800000, 0x0000000704a00000, 0x0000000704a00000|100%| O|  |TAMS 0x0000000704800000| PB 0x0000000704800000| Untracked |  0
|  10|0x0000000704a00000, 0x0000000704ae9d60, 0x0000000704c00000| 45%| O|  |TAMS 0x0000000704a00000| PB 0x0000000704a00000| Untracked |  0
|  11|0x0000000704c00000, 0x0000000704e00000, 0x0000000704e00000|100%| O|  |TAMS 0x0000000704c00000| PB 0x0000000704c00000| Untracked |  0
|  12|0x0000000704e00000, 0x0000000705000000, 0x0000000705000000|100%| O|  |TAMS 0x0000000704e00000| PB 0x0000000704e00000| Untracked |  0
|  13|0x0000000705000000, 0x0000000705200000, 0x0000000705200000|100%| O|  |TAMS 0x0000000705000000| PB 0x0000000705000000| Untracked |  0
|  14|0x0000000705200000, 0x0000000705400000, 0x0000000705400000|100%| O|  |TAMS 0x0000000705200000| PB 0x0000000705200000| Untracked |  0
|  15|0x0000000705400000, 0x0000000705600000, 0x0000000705600000|100%| O|  |TAMS 0x0000000705400000| PB 0x0000000705400000| Untracked |  0
|  16|0x0000000705600000, 0x0000000705800000, 0x0000000705800000|100%| O|  |TAMS 0x0000000705600000| PB 0x0000000705600000| Untracked |  0
|  17|0x0000000705800000, 0x000000070597ed70, 0x0000000705a00000| 74%| O|  |TAMS 0x0000000705800000| PB 0x0000000705800000| Untracked |  0
|  18|0x0000000705a00000, 0x0000000705a00000, 0x0000000705c00000|  0%| F|  |TAMS 0x0000000705a00000| PB 0x0000000705a00000| Untracked |  0
|  19|0x0000000705c00000, 0x0000000705e00000, 0x0000000705e00000|100%| O|  |TAMS 0x0000000705c00000| PB 0x0000000705c00000| Untracked |  0
|  20|0x0000000705e00000, 0x0000000706000000, 0x0000000706000000|100%| O|  |TAMS 0x0000000705e00000| PB 0x0000000705e00000| Untracked |  0
|  21|0x0000000706000000, 0x0000000706200000, 0x0000000706200000|100%| O|  |TAMS 0x0000000706000000| PB 0x0000000706000000| Untracked |  0
|  22|0x0000000706200000, 0x0000000706400000, 0x0000000706400000|100%| O|  |TAMS 0x0000000706200000| PB 0x0000000706200000| Untracked |  0
|  23|0x0000000706400000, 0x0000000706400000, 0x0000000706600000|  0%| F|  |TAMS 0x0000000706400000| PB 0x0000000706400000| Untracked |  0
|  24|0x0000000706600000, 0x0000000706600000, 0x0000000706800000|  0%| F|  |TAMS 0x0000000706600000| PB 0x0000000706600000| Untracked |  0
|  25|0x0000000706800000, 0x0000000706800000, 0x0000000706a00000|  0%| F|  |TAMS 0x0000000706800000| PB 0x0000000706800000| Untracked |  0
|  26|0x0000000706a00000, 0x0000000706a00000, 0x0000000706c00000|  0%| F|  |TAMS 0x0000000706a00000| PB 0x0000000706a00000| Untracked |  0
|  27|0x0000000706c00000, 0x0000000706c00000, 0x0000000706e00000|  0%| F|  |TAMS 0x0000000706c00000| PB 0x0000000706c00000| Untracked |  0
|  28|0x0000000706e00000, 0x0000000706e00000, 0x0000000707000000|  0%| F|  |TAMS 0x0000000706e00000| PB 0x0000000706e00000| Untracked |  0
|  29|0x0000000707000000, 0x0000000707000000, 0x0000000707200000|  0%| F|  |TAMS 0x0000000707000000| PB 0x0000000707000000| Untracked |  0
|  30|0x0000000707200000, 0x0000000707200000, 0x0000000707400000|  0%| F|  |TAMS 0x0000000707200000| PB 0x0000000707200000| Untracked |  0
|  31|0x0000000707400000, 0x0000000707400000, 0x0000000707600000|  0%| F|  |TAMS 0x0000000707400000| PB 0x0000000707400000| Untracked |  0
|  32|0x0000000707600000, 0x0000000707600000, 0x0000000707800000|  0%| F|  |TAMS 0x0000000707600000| PB 0x0000000707600000| Untracked |  0
|  33|0x0000000707800000, 0x0000000707a00000, 0x0000000707a00000|100%|HS|  |TAMS 0x0000000707800000| PB 0x0000000707800000| Complete |  0
|  34|0x0000000707a00000, 0x0000000707c00000, 0x0000000707c00000|100%|HC|  |TAMS 0x0000000707a00000| PB 0x0000000707a00000| Complete |  0
|  35|0x0000000707c00000, 0x0000000707c00000, 0x0000000707e00000|  0%| F|  |TAMS 0x0000000707c00000| PB 0x0000000707c00000| Untracked |  0
|  36|0x0000000707e00000, 0x0000000707e00000, 0x0000000708000000|  0%| F|  |TAMS 0x0000000707e00000| PB 0x0000000707e00000| Untracked |  0
|  37|0x0000000708000000, 0x0000000708000000, 0x0000000708200000|  0%| F|  |TAMS 0x0000000708000000| PB 0x0000000708000000| Untracked |  0
|  38|0x0000000708200000, 0x0000000708200000, 0x0000000708400000|  0%| F|  |TAMS 0x0000000708200000| PB 0x0000000708200000| Untracked |  0
|  39|0x0000000708400000, 0x0000000708520630, 0x0000000708600000| 56%| S|CS|TAMS 0x0000000708400000| PB 0x0000000708400000| Complete |  0
|  40|0x0000000708600000, 0x0000000708800000, 0x0000000708800000|100%| S|CS|TAMS 0x0000000708600000| PB 0x0000000708600000| Complete |  0
|  41|0x0000000708800000, 0x0000000708800000, 0x0000000708a00000|  0%| F|  |TAMS 0x0000000708800000| PB 0x0000000708800000| Untracked |  0
|  42|0x0000000708a00000, 0x0000000708a00000, 0x0000000708c00000|  0%| F|  |TAMS 0x0000000708a00000| PB 0x0000000708a00000| Untracked |  0
|  43|0x0000000708c00000, 0x0000000708c00000, 0x0000000708e00000|  0%| F|  |TAMS 0x0000000708c00000| PB 0x0000000708c00000| Untracked |  0
|  44|0x0000000708e00000, 0x0000000708e00000, 0x0000000709000000|  0%| F|  |TAMS 0x0000000708e00000| PB 0x0000000708e00000| Untracked |  0
|  45|0x0000000709000000, 0x0000000709000000, 0x0000000709200000|  0%| F|  |TAMS 0x0000000709000000| PB 0x0000000709000000| Untracked |  0
|  46|0x0000000709200000, 0x0000000709200000, 0x0000000709400000|  0%| F|  |TAMS 0x0000000709200000| PB 0x0000000709200000| Untracked |  0
|  47|0x0000000709400000, 0x0000000709400000, 0x0000000709600000|  0%| F|  |TAMS 0x0000000709400000| PB 0x0000000709400000| Untracked |  0
|  48|0x0000000709600000, 0x0000000709600000, 0x0000000709800000|  0%| F|  |TAMS 0x0000000709600000| PB 0x0000000709600000| Untracked |  0
|  49|0x0000000709800000, 0x0000000709900000, 0x0000000709a00000| 50%| E|  |TAMS 0x0000000709800000| PB 0x0000000709800000| Complete |  0
|  50|0x0000000709a00000, 0x0000000709c00000, 0x0000000709c00000|100%| E|CS|TAMS 0x0000000709a00000| PB 0x0000000709a00000| Complete |  0
|  51|0x0000000709c00000, 0x0000000709e00000, 0x0000000709e00000|100%| E|CS|TAMS 0x0000000709c00000| PB 0x0000000709c00000| Complete |  0
|  52|0x0000000709e00000, 0x000000070a000000, 0x000000070a000000|100%| E|CS|TAMS 0x0000000709e00000| PB 0x0000000709e00000| Complete |  0
|  53|0x000000070a000000, 0x000000070a200000, 0x000000070a200000|100%| E|CS|TAMS 0x000000070a000000| PB 0x000000070a000000| Complete |  0
|  54|0x000000070a200000, 0x000000070a400000, 0x000000070a400000|100%| E|CS|TAMS 0x000000070a200000| PB 0x000000070a200000| Complete |  0
|  55|0x000000070a400000, 0x000000070a600000, 0x000000070a600000|100%| E|CS|TAMS 0x000000070a400000| PB 0x000000070a400000| Complete |  1
|  56|0x000000070a600000, 0x000000070a800000, 0x000000070a800000|100%| E|CS|TAMS 0x000000070a600000| PB 0x000000070a600000| Complete |  0
|  57|0x000000070a800000, 0x000000070aa00000, 0x000000070aa00000|100%| E|CS|TAMS 0x000000070a800000| PB 0x000000070a800000| Complete |  0
|  58|0x000000070aa00000, 0x000000070ac00000, 0x000000070ac00000|100%| E|CS|TAMS 0x000000070aa00000| PB 0x000000070aa00000| Complete |  0
|  59|0x000000070ac00000, 0x000000070ae00000, 0x000000070ae00000|100%| E|CS|TAMS 0x000000070ac00000| PB 0x000000070ac00000| Complete |  0
|  60|0x000000070ae00000, 0x000000070b000000, 0x000000070b000000|100%| E|CS|TAMS 0x000000070ae00000| PB 0x000000070ae00000| Complete |  0
|  61|0x000000070b000000, 0x000000070b200000, 0x000000070b200000|100%| E|CS|TAMS 0x000000070b000000| PB 0x000000070b000000| Complete |  0
|  62|0x000000070b200000, 0x000000070b400000, 0x000000070b400000|100%| E|CS|TAMS 0x000000070b200000| PB 0x000000070b200000| Complete |  0
|  63|0x000000070b400000, 0x000000070b600000, 0x000000070b600000|100%| E|CS|TAMS 0x000000070b400000| PB 0x000000070b400000| Complete |  0
|  64|0x000000070b600000, 0x000000070b800000, 0x000000070b800000|100%| E|CS|TAMS 0x000000070b600000| PB 0x000000070b600000| Complete |  0
|  65|0x000000070b800000, 0x000000070ba00000, 0x000000070ba00000|100%| E|CS|TAMS 0x000000070b800000| PB 0x000000070b800000| Complete |  0
|  66|0x000000070ba00000, 0x000000070bc00000, 0x000000070bc00000|100%| E|CS|TAMS 0x000000070ba00000| PB 0x000000070ba00000| Complete |  0
|  67|0x000000070bc00000, 0x000000070be00000, 0x000000070be00000|100%| E|CS|TAMS 0x000000070bc00000| PB 0x000000070bc00000| Complete |  0
|  68|0x000000070be00000, 0x000000070c000000, 0x000000070c000000|100%| E|CS|TAMS 0x000000070be00000| PB 0x000000070be00000| Complete |  0
|  69|0x000000070c000000, 0x000000070c200000, 0x000000070c200000|100%| E|CS|TAMS 0x000000070c000000| PB 0x000000070c000000| Complete |  0
|  70|0x000000070c200000, 0x000000070c400000, 0x000000070c400000|100%| E|CS|TAMS 0x000000070c200000| PB 0x000000070c200000| Complete |  0
|  71|0x000000070c400000, 0x000000070c600000, 0x000000070c600000|100%| E|CS|TAMS 0x000000070c400000| PB 0x000000070c400000| Complete |  0
|  72|0x000000070c600000, 0x000000070c800000, 0x000000070c800000|100%| E|CS|TAMS 0x000000070c600000| PB 0x000000070c600000| Complete |  0
|  73|0x000000070c800000, 0x000000070ca00000, 0x000000070ca00000|100%| E|CS|TAMS 0x000000070c800000| PB 0x000000070c800000| Complete |  0
| 126|0x0000000713200000, 0x0000000713400000, 0x0000000713400000|100%| E|CS|TAMS 0x0000000713200000| PB 0x0000000713200000| Complete |  0
|2006|0x00000007fe200000, 0x00000007fe400000, 0x00000007fe400000|100%| O|  |TAMS 0x00000007fe200000| PB 0x00000007fe200000| Untracked |  0
|2007|0x00000007fe400000, 0x00000007fe600000, 0x00000007fe600000|100%| O|  |TAMS 0x00000007fe400000| PB 0x00000007fe400000| Untracked |  0
|2008|0x00000007fe600000, 0x00000007fe800000, 0x00000007fe800000|100%| O|  |TAMS 0x00000007fe600000| PB 0x00000007fe600000| Untracked |  0
|2009|0x00000007fe800000, 0x00000007fea00000, 0x00000007fea00000|100%| O|  |TAMS 0x00000007fe800000| PB 0x00000007fe800000| Untracked |  0
|2010|0x00000007fea00000, 0x00000007fec00000, 0x00000007fec00000|100%| O|  |TAMS 0x00000007fea00000| PB 0x00000007fea00000| Untracked |  0
|2011|0x00000007fec00000, 0x00000007fee00000, 0x00000007fee00000|100%| O|  |TAMS 0x00000007fec00000| PB 0x00000007fec00000| Untracked |  0
|2012|0x00000007fee00000, 0x00000007ff000000, 0x00000007ff000000|100%| O|  |TAMS 0x00000007fee00000| PB 0x00000007fee00000| Untracked |  0
|2013|0x00000007ff000000, 0x00000007ff200000, 0x00000007ff200000|100%| O|  |TAMS 0x00000007ff000000| PB 0x00000007ff000000| Untracked |  0
|2014|0x00000007ff200000, 0x00000007ff400000, 0x00000007ff400000|100%| O|  |TAMS 0x00000007ff200000| PB 0x00000007ff200000| Untracked |  0
|2015|0x00000007ff400000, 0x00000007ff600000, 0x00000007ff600000|100%| O|  |TAMS 0x00000007ff400000| PB 0x00000007ff400000| Untracked |  0
|2016|0x00000007ff600000, 0x00000007ff800000, 0x00000007ff800000|100%| O|  |TAMS 0x00000007ff600000| PB 0x00000007ff600000| Untracked |  0
|2017|0x00000007ff800000, 0x00000007ffa00000, 0x00000007ffa00000|100%| O|  |TAMS 0x00000007ff800000| PB 0x00000007ff800000| Untracked |  0
|2018|0x00000007ffa00000, 0x00000007ffc00000, 0x00000007ffc00000|100%| O|  |TAMS 0x00000007ffa00000| PB 0x00000007ffa00000| Untracked |  0
|2019|0x00000007ffc00000, 0x00000007ffe00000, 0x00000007ffe00000|100%| O|  |TAMS 0x00000007ffc00000| PB 0x00000007ffc00000| Untracked |  0
|2020|0x00000007ffe00000, 0x0000000800000000, 0x0000000800000000|100%| E|CS|TAMS 0x00000007ffe00000| PB 0x00000007ffe00000| Complete |  0

Card table byte_map: [0x0000024436d80000,0x0000024437570000] _byte_map_base: 0x0000024433565000

Marking Bits: (CMBitMap*) 0x000002441e829380
 Bits: [0x0000024437570000, 0x000002443b498000)

Polling page: 0x000002441c550000

Metaspace:
Metaspace        used 49021K, committed 49536K, reserved 1114112K
 class space     used 4780K, committed 5056K, reserved 1048576K

Usage:
  Non-class:     43.20 MB used.
      Class:      4.67 MB used.
       Both:     47.87 MB used.

Virtual space:
  Non-class space:       64.00 MB reserved,      43.44 MB ( 68%) committed,  1 nodes.
      Class space:        1.00 GB reserved,       4.94 MB ( <1%) committed,  1 nodes.
             Both:        1.06 GB reserved,      48.38 MB (  4%) committed. 

Chunk freelists:
   Non-Class:  3.80 MB
       Class:  11.08 MB
        Both:  14.88 MB

MaxMetaspaceSize: unlimited
CompressedClassSpaceSize: 1.00 GB
Initial GC threshold: 21.00 MB
Current GC threshold: 59.00 MB
CDS: on
 - commit_granule_bytes: 65536.
 - commit_granule_words: 8192.
 - virtual_space_node_default_size: 8388608.
 - enlarge_chunks_in_place: 1.
UseCompressedClassPointers 1, UseCompactObjectHeaders 0
Narrow klass pointer bits 32, Max shift 3
Narrow klass base: 0x0000000002000000, Narrow klass shift: 0
Encoding Range: [0x0000000002000000 - 0x0000000102000000), (4294967296 bytes)
Klass Range:    [0x0000000002010000 - 0x0000000043000000), (1090453504 bytes)
Klass ID Range:  [65536 - 1090519033) (1090453497)
Protection zone: [0x0000000002000000 - 0x0000000002010000), (65536 bytes)


Internal statistics:

num_allocs_failed_limit: 6.
num_arena_births: 612.
num_arena_deaths: 0.
num_vsnodes_births: 2.
num_vsnodes_deaths: 0.
num_space_committed: 774.
num_space_uncommitted: 0.
num_chunks_returned_to_freelist: 6.
num_chunks_taken_from_freelist: 2528.
num_chunk_merges: 6.
num_chunk_splits: 1798.
num_chunks_enlarged: 1347.
num_inconsistent_stats: 0.

CodeHeap 'non-profiled nmethods': size=120064Kb used=6387Kb max_used=6387Kb free=113676Kb
 bounds [0x000002442eb00000, 0x000002442f140000, 0x0000024436040000]
CodeHeap 'profiled nmethods': size=120000Kb used=25526Kb max_used=25526Kb free=94474Kb
 bounds [0x0000024427040000, 0x0000024428930000, 0x000002442e570000]
CodeHeap 'non-nmethods': size=5696Kb used=1530Kb max_used=1591Kb free=4165Kb
 bounds [0x000002442e570000, 0x000002442e7e0000, 0x000002442eb00000]
CodeCache: size=245760Kb, used=33443Kb, max_used=33504Kb, free=212315Kb
 total_blobs=14402, nmethods=13760, adapters=541, full_count=0
Compilation: enabled, stopped_count=0, restarted_count=0

Compilation events (20 events):
Event: 12.686 Thread 0x000002443deb4910 14884       3       com.sun.tools.javac.tree.TreeCopier::visitMemberSelect (7 bytes)
Event: 12.686 Thread 0x000002443deb4910 nmethod 14884 0x000002442890bf88 code [0x000002442890c080, 0x000002442890c240]
Event: 12.686 Thread 0x000002443deb4910 14885       3       com.sun.tools.javac.tree.TreeCopier::visitMemberSelect (40 bytes)
Event: 12.686 Thread 0x000002443deb4910 nmethod 14885 0x000002442890c288 code [0x000002442890c380, 0x000002442890c9c8]
Event: 12.686 Thread 0x000002443deb4910 14889       3       com.sun.tools.javac.tree.TreeScanner::scan (33 bytes)
Event: 12.687 Thread 0x000002443deb4910 nmethod 14889 0x000002442890ca08 code [0x000002442890cb00, 0x000002442890cfb8]
Event: 12.687 Thread 0x000002443deb4910 14880       3       com.sun.tools.javac.comp.ArgumentAttr$$Lambda/0x00000000034cad98::<init> (26 bytes)
Event: 12.687 Thread 0x000002443deb4910 nmethod 14880 0x000002442890d008 code [0x000002442890d100, 0x000002442890d3f0]
Event: 12.687 Thread 0x000002443deb4910 14886       3       com.sun.tools.javac.comp.DeferredAttr::hasTypeDeclaration (18 bytes)
Event: 12.687 Thread 0x000002443deb4910 nmethod 14886 0x000002442890d408 code [0x000002442890d500, 0x000002442890d9c8]
Event: 12.687 Thread 0x000002443deb4910 14887       3       com.sun.tools.javac.comp.DeferredAttr$TypeDeclVisitor::<init> (10 bytes)
Event: 12.688 Thread 0x000002443deb4910 nmethod 14887 0x000002442890da08 code [0x000002442890db00, 0x000002442890dd28]
Event: 12.688 Thread 0x000002443deb4910 14891       3       com.sun.tools.javac.code.Type$PackageType::accept (9 bytes)
Event: 12.688 Thread 0x000002443deb4910 nmethod 14891 0x000002442890dd88 code [0x000002442890de80, 0x000002442890e058]
Event: 12.688 Thread 0x000002443deb4910 14892       3       com.sun.tools.javac.code.Types$DefaultTypeVisitor::visitPackageType (7 bytes)
Event: 12.688 Thread 0x000002443deb4910 nmethod 14892 0x000002442890e088 code [0x000002442890e180, 0x000002442890e348]
Event: 12.694 Thread 0x000002443deb4910 14895       3       com.sun.tools.javac.comp.Attr::attribIdentAsEnumType (75 bytes)
Event: 12.694 Thread 0x000002443deb4910 nmethod 14895 0x000002442890e388 code [0x000002442890e480, 0x000002442890ecb0]
Event: 12.697 Thread 0x000002443deb4910 14896       3       com.sun.tools.javac.tree.JCTree$JCArrayTypeTree::accept (6 bytes)
Event: 12.697 Thread 0x000002443deb4910 nmethod 14896 0x000002442890ed08 code [0x000002442890ee00, 0x000002442890efd8]

GC Heap Usage History (20 events):
Event: 6.552 {heap Before GC invocations=6 (full 0):
 garbage-first heap   total reserved 4139008K, committed 112640K, used 85482K [0x0000000703600000, 0x0000000800000000)
  region size 2048K, 30 young (61440K), 3 survivors (6144K)
}
Event: 6.565 {heap After GC invocations=7 (full 0):
 garbage-first heap   total reserved 4139008K, committed 112640K, used 34324K [0x0000000703600000, 0x0000000800000000)
  region size 2048K, 3 young (6144K), 3 survivors (6144K)
}
Event: 6.964 {heap Before GC invocations=7 (full 0):
 garbage-first heap   total reserved 4139008K, committed 112640K, used 87572K [0x0000000703600000, 0x0000000800000000)
  region size 2048K, 29 young (59392K), 3 survivors (6144K)
}
Event: 6.971 {heap After GC invocations=8 (full 0):
 garbage-first heap   total reserved 4139008K, committed 112640K, used 33735K [0x0000000703600000, 0x0000000800000000)
  region size 2048K, 2 young (4096K), 2 survivors (4096K)
}
Event: 7.303 {heap Before GC invocations=8 (full 0):
 garbage-first heap   total reserved 4139008K, committed 112640K, used 91079K [0x0000000703600000, 0x0000000800000000)
  region size 2048K, 30 young (61440K), 2 survivors (4096K)
}
Event: 7.308 {heap After GC invocations=9 (full 0):
 garbage-first heap   total reserved 4139008K, committed 137216K, used 33735K [0x0000000703600000, 0x0000000800000000)
  region size 2048K, 2 young (4096K), 2 survivors (4096K)
}
Event: 7.857 {heap Before GC invocations=9 (full 0):
 garbage-first heap   total reserved 4139008K, committed 137216K, used 111559K [0x0000000703600000, 0x0000000800000000)
  region size 2048K, 40 young (81920K), 2 survivors (4096K)
}
Event: 7.862 {heap After GC invocations=10 (full 0):
 garbage-first heap   total reserved 4139008K, committed 137216K, used 34492K [0x0000000703600000, 0x0000000800000000)
  region size 2048K, 3 young (6144K), 3 survivors (6144K)
}
Event: 7.865 {heap Before GC invocations=10 (full 0):
 garbage-first heap   total reserved 4139008K, committed 137216K, used 34492K [0x0000000703600000, 0x0000000800000000)
  region size 2048K, 4 young (8192K), 3 survivors (6144K)
}
Event: 7.871 {heap After GC invocations=11 (full 0):
 garbage-first heap   total reserved 4139008K, committed 137216K, used 34577K [0x0000000703600000, 0x0000000800000000)
  region size 2048K, 3 young (6144K), 3 survivors (6144K)
}
Event: 8.477 {heap Before GC invocations=12 (full 0):
 garbage-first heap   total reserved 4139008K, committed 131072K, used 106257K [0x0000000703600000, 0x0000000800000000)
  region size 2048K, 38 young (77824K), 3 survivors (6144K)
}
Event: 8.483 {heap After GC invocations=13 (full 0):
 garbage-first heap   total reserved 4139008K, committed 131072K, used 36362K [0x0000000703600000, 0x0000000800000000)
  region size 2048K, 4 young (8192K), 4 survivors (8192K)
}
Event: 9.640 {heap Before GC invocations=13 (full 0):
 garbage-first heap   total reserved 4139008K, committed 131072K, used 124426K [0x0000000703600000, 0x0000000800000000)
  region size 2048K, 28 young (57344K), 4 survivors (8192K)
}
Event: 9.648 {heap After GC invocations=14 (full 0):
 garbage-first heap   total reserved 4139008K, committed 137216K, used 43890K [0x0000000703600000, 0x0000000800000000)
  region size 2048K, 2 young (4096K), 2 survivors (4096K)
}
Event: 10.606 {heap Before GC invocations=14 (full 0):
 garbage-first heap   total reserved 4139008K, committed 137216K, used 119666K [0x0000000703600000, 0x0000000800000000)
  region size 2048K, 40 young (81920K), 2 survivors (4096K)
}
Event: 10.632 {heap After GC invocations=15 (full 0):
 garbage-first heap   total reserved 4139008K, committed 153600K, used 66471K [0x0000000703600000, 0x0000000800000000)
  region size 2048K, 5 young (10240K), 5 survivors (10240K)
}
Event: 11.321 {heap Before GC invocations=15 (full 0):
 garbage-first heap   total reserved 4139008K, committed 153600K, used 127911K [0x0000000703600000, 0x0000000800000000)
  region size 2048K, 35 young (71680K), 5 survivors (10240K)
}
Event: 11.348 {heap After GC invocations=16 (full 0):
 garbage-first heap   total reserved 4139008K, committed 184320K, used 76169K [0x0000000703600000, 0x0000000800000000)
  region size 2048K, 5 young (10240K), 5 survivors (10240K)
}
Event: 11.782 {heap Before GC invocations=16 (full 0):
 garbage-first heap   total reserved 4139008K, committed 184320K, used 147849K [0x0000000703600000, 0x0000000800000000)
  region size 2048K, 40 young (81920K), 5 survivors (10240K)
}
Event: 11.795 {heap After GC invocations=17 (full 0):
 garbage-first heap   total reserved 4139008K, committed 184320K, used 79396K [0x0000000703600000, 0x0000000800000000)
  region size 2048K, 2 young (4096K), 2 survivors (4096K)
}

Metaspace Usage History (20 events):
Event: 6.552 {metaspace Before GC invocations=6 (full 0):
 Metaspace       used 35195K, committed 35456K, reserved 1114112K
  class space    used 3465K, committed 3584K, reserved 1048576K
}
Event: 6.565 {metaspace After GC invocations=7 (full 0):
 Metaspace       used 35195K, committed 35456K, reserved 1114112K
  class space    used 3465K, committed 3584K, reserved 1048576K
}
Event: 6.964 {metaspace Before GC invocations=7 (full 0):
 Metaspace       used 35334K, committed 35712K, reserved 1114112K
  class space    used 3477K, committed 3648K, reserved 1048576K
}
Event: 6.971 {metaspace After GC invocations=8 (full 0):
 Metaspace       used 35334K, committed 35712K, reserved 1114112K
  class space    used 3477K, committed 3648K, reserved 1048576K
}
Event: 7.303 {metaspace Before GC invocations=8 (full 0):
 Metaspace       used 35389K, committed 35712K, reserved 1114112K
  class space    used 3482K, committed 3648K, reserved 1048576K
}
Event: 7.309 {metaspace After GC invocations=9 (full 0):
 Metaspace       used 35389K, committed 35712K, reserved 1114112K
  class space    used 3482K, committed 3648K, reserved 1048576K
}
Event: 7.857 {metaspace Before GC invocations=9 (full 0):
 Metaspace       used 35786K, committed 36160K, reserved 1114112K
  class space    used 3519K, committed 3712K, reserved 1048576K
}
Event: 7.862 {metaspace After GC invocations=10 (full 0):
 Metaspace       used 35786K, committed 36160K, reserved 1114112K
  class space    used 3519K, committed 3712K, reserved 1048576K
}
Event: 7.865 {metaspace Before GC invocations=10 (full 0):
 Metaspace       used 35805K, committed 36160K, reserved 1114112K
  class space    used 3522K, committed 3712K, reserved 1048576K
}
Event: 7.871 {metaspace After GC invocations=11 (full 0):
 Metaspace       used 35805K, committed 36160K, reserved 1114112K
  class space    used 3522K, committed 3712K, reserved 1048576K
}
Event: 8.477 {metaspace Before GC invocations=12 (full 0):
 Metaspace       used 36250K, committed 36672K, reserved 1114112K
  class space    used 3578K, committed 3776K, reserved 1048576K
}
Event: 8.483 {metaspace After GC invocations=13 (full 0):
 Metaspace       used 36250K, committed 36672K, reserved 1114112K
  class space    used 3578K, committed 3776K, reserved 1048576K
}
Event: 9.640 {metaspace Before GC invocations=13 (full 0):
 Metaspace       used 39752K, committed 40256K, reserved 1114112K
  class space    used 3899K, committed 4160K, reserved 1048576K
}
Event: 9.648 {metaspace After GC invocations=14 (full 0):
 Metaspace       used 39752K, committed 40256K, reserved 1114112K
  class space    used 3899K, committed 4160K, reserved 1048576K
}
Event: 10.606 {metaspace Before GC invocations=14 (full 0):
 Metaspace       used 45694K, committed 46144K, reserved 1114112K
  class space    used 4482K, committed 4672K, reserved 1048576K
}
Event: 10.632 {metaspace After GC invocations=15 (full 0):
 Metaspace       used 45694K, committed 46144K, reserved 1114112K
  class space    used 4482K, committed 4672K, reserved 1048576K
}
Event: 11.321 {metaspace Before GC invocations=15 (full 0):
 Metaspace       used 46429K, committed 46912K, reserved 1114112K
  class space    used 4541K, committed 4736K, reserved 1048576K
}
Event: 11.348 {metaspace After GC invocations=16 (full 0):
 Metaspace       used 46429K, committed 46912K, reserved 1114112K
  class space    used 4541K, committed 4736K, reserved 1048576K
}
Event: 11.782 {metaspace Before GC invocations=16 (full 0):
 Metaspace       used 46946K, committed 47488K, reserved 1114112K
  class space    used 4563K, committed 4800K, reserved 1048576K
}
Event: 11.795 {metaspace After GC invocations=17 (full 0):
 Metaspace       used 46946K, committed 47488K, reserved 1114112K
  class space    used 4563K, committed 4800K, reserved 1048576K
}

Dll operation events (7 events):
Event: 0.011 Loaded shared library C:\Program Files\Java\jdk-25\bin\java.dll
Event: 0.053 Loaded shared library C:\Program Files\Java\jdk-25\bin\net.dll
Event: 0.055 Loaded shared library C:\Program Files\Java\jdk-25\bin\nio.dll
Event: 0.059 Loaded shared library C:\Program Files\Java\jdk-25\bin\zip.dll
Event: 0.188 Loaded shared library C:\Program Files\Java\jdk-25\bin\jimage.dll
Event: 0.188 Loaded shared library C:\Users\HAIBONWA RIBEGA B\.m2\wrapper\dists\apache-maven-3.9.15\0226a00282e400185496f3b60ec5a3f029cbdc6893912937d4876d57695224e1\lib\jansi-native\Windows\x86_64\jansi.dll
Event: 0.199 Loaded shared library C:\Program Files\Java\jdk-25\bin\verify.dll

Deoptimization events (20 events):
Event: 12.598 Thread 0x000002441e7bf280 Uncommon trap: trap_request=0xffffff45 fr.pc=0x000002442f0d1998 relative=0x0000000000000418
Event: 12.598 Thread 0x000002441e7bf280 Uncommon trap: reason=unstable_if action=reinterpret pc=0x000002442f0d1998 method=com.sun.tools.javac.code.Types$5.visitClassType(Lcom/sun/tools/javac/code/Type$ClassType;Lcom/sun/tools/javac/code/Type;)Ljava/lang/Boolean; @ 31 c2
Event: 12.599 Thread 0x000002441e7bf280 DEOPT PACKING pc=0x000002442f0d1998 sp=0x0000009bc26fc180
Event: 12.599 Thread 0x000002441e7bf280 DEOPT UNPACKING pc=0x000002442e68fc02 sp=0x0000009bc26fc118 mode 2
Event: 12.621 Thread 0x000002441e7bf280 Uncommon trap: trap_request=0xffffff45 fr.pc=0x000002442f10921c relative=0x000000000000081c
Event: 12.621 Thread 0x000002441e7bf280 Uncommon trap: reason=unstable_if action=reinterpret pc=0x000002442f10921c method=com.sun.tools.javac.code.Kinds$Kind.betterThan(Lcom/sun/tools/javac/code/Kinds$Kind;)Z @ 8 c2
Event: 12.621 Thread 0x000002441e7bf280 DEOPT PACKING pc=0x000002442f10921c sp=0x0000009bc26fb6c0
Event: 12.621 Thread 0x000002441e7bf280 DEOPT UNPACKING pc=0x000002442e68fc02 sp=0x0000009bc26fb500 mode 2
Event: 12.621 Thread 0x000002441e7bf280 Uncommon trap: trap_request=0xffffff45 fr.pc=0x000002442f0d6130 relative=0x0000000000000230
Event: 12.621 Thread 0x000002441e7bf280 Uncommon trap: reason=unstable_if action=reinterpret pc=0x000002442f0d6130 method=com.sun.tools.javac.code.Kinds$Kind.betterThan(Lcom/sun/tools/javac/code/Kinds$Kind;)Z @ 8 c2
Event: 12.621 Thread 0x000002441e7bf280 DEOPT PACKING pc=0x000002442f0d6130 sp=0x0000009bc26fb420
Event: 12.621 Thread 0x000002441e7bf280 DEOPT UNPACKING pc=0x000002442e68fc02 sp=0x0000009bc26fb308 mode 2
Event: 12.623 Thread 0x000002441e7bf280 Uncommon trap: trap_request=0xffffff45 fr.pc=0x000002442f098ee4 relative=0x0000000000000064
Event: 12.623 Thread 0x000002441e7bf280 Uncommon trap: reason=unstable_if action=reinterpret pc=0x000002442f098ee4 method=com.sun.tools.javac.code.Kinds$Kind.betterThan(Lcom/sun/tools/javac/code/Kinds$Kind;)Z @ 8 c2
Event: 12.623 Thread 0x000002441e7bf280 DEOPT PACKING pc=0x000002442f098ee4 sp=0x0000009bc26fa7f0
Event: 12.623 Thread 0x000002441e7bf280 DEOPT UNPACKING pc=0x000002442e68fc02 sp=0x0000009bc26fa730 mode 2
Event: 12.670 Thread 0x000002441e7bf280 Uncommon trap: trap_request=0xffffff45 fr.pc=0x000002442f0a2780 relative=0x0000000000000100
Event: 12.670 Thread 0x000002441e7bf280 Uncommon trap: reason=unstable_if action=reinterpret pc=0x000002442f0a2780 method=com.sun.tools.javac.tree.TreeScanner.scan(Lcom/sun/tools/javac/util/List;)V @ 1 c2
Event: 12.670 Thread 0x000002441e7bf280 DEOPT PACKING pc=0x000002442f0a2780 sp=0x0000009bc26fc950
Event: 12.670 Thread 0x000002441e7bf280 DEOPT UNPACKING pc=0x000002442e68fc02 sp=0x0000009bc26fc8e8 mode 2

Classes loaded (20 events):
Event: 11.885 Loading class java/util/EnumMap$EntryIterator
Event: 11.885 Loading class java/util/EnumMap$EnumMapIterator
Event: 11.885 Loading class java/util/EnumMap$EnumMapIterator done
Event: 11.885 Loading class java/util/EnumMap$EntryIterator done
Event: 11.885 Loading class java/util/EnumMap$EntryIterator$Entry
Event: 11.886 Loading class java/util/EnumMap$EntryIterator$Entry done
Event: 11.974 Loading class java/lang/MatchException
Event: 11.974 Loading class java/lang/MatchException done
Event: 12.378 Loading class java/util/stream/ReferencePipeline$4
Event: 12.378 Loading class java/util/stream/IntPipeline$StatelessOp
Event: 12.379 Loading class java/util/stream/IntPipeline$StatelessOp done
Event: 12.379 Loading class java/util/stream/ReferencePipeline$4 done
Event: 12.383 Loading class java/util/stream/Nodes$IntFixedNodeBuilder
Event: 12.383 Loading class java/util/stream/Node$Builder$OfInt
Event: 12.383 Loading class java/util/stream/Node$Builder$OfInt done
Event: 12.383 Loading class java/util/stream/Nodes$IntArrayNode
Event: 12.383 Loading class java/util/stream/Nodes$IntArrayNode done
Event: 12.383 Loading class java/util/stream/Nodes$IntFixedNodeBuilder done
Event: 12.383 Loading class java/util/stream/ReferencePipeline$4$1
Event: 12.383 Loading class java/util/stream/ReferencePipeline$4$1 done

Classes unloaded (0 events):
No events

Classes redefined (0 events):
No events

Internal exceptions (20 events):
Event: 12.385 Thread 0x000002441e7bf280 Exception <a 'sun/nio/fs/WindowsException'{0x000000070b13c3c8}> (0x000000070b13c3c8) 
thrown [s\open\src\hotspot\share\prims\jni.cpp, line 516]
Event: 12.402 Thread 0x000002441e7bf280 Exception <a 'sun/nio/fs/WindowsException'{0x000000070ae410e0}> (0x000000070ae410e0) 
thrown [s\open\src\hotspot\share\prims\jni.cpp, line 516]
Event: 12.407 Thread 0x000002441e7bf280 Exception <a 'sun/nio/fs/WindowsException'{0x000000070ae558d0}> (0x000000070ae558d0) 
thrown [s\open\src\hotspot\share\prims\jni.cpp, line 516]
Event: 12.410 Thread 0x000002441e7bf280 Exception <a 'sun/nio/fs/WindowsException'{0x000000070ae6a978}> (0x000000070ae6a978) 
thrown [s\open\src\hotspot\share\prims\jni.cpp, line 516]
Event: 12.434 Thread 0x000002441e7bf280 Exception <a 'sun/nio/fs/WindowsException'{0x000000070aff8638}> (0x000000070aff8638) 
thrown [s\open\src\hotspot\share\prims\jni.cpp, line 516]
Event: 12.437 Thread 0x000002441e7bf280 Exception <a 'sun/nio/fs/WindowsException'{0x000000070ac19970}> (0x000000070ac19970) 
thrown [s\open\src\hotspot\share\prims\jni.cpp, line 516]
Event: 12.446 Thread 0x000002441e7bf280 Exception <a 'sun/nio/fs/WindowsException'{0x000000070ac7a9d0}> (0x000000070ac7a9d0) 
thrown [s\open\src\hotspot\share\prims\jni.cpp, line 516]
Event: 12.457 Thread 0x000002441e7bf280 Exception <a 'sun/nio/fs/WindowsException'{0x000000070ad232a0}> (0x000000070ad232a0) 
thrown [s\open\src\hotspot\share\prims\jni.cpp, line 516]
Event: 12.501 Thread 0x000002441e7bf280 Exception <a 'sun/nio/fs/WindowsException'{0x000000070ab9d168}> (0x000000070ab9d168) 
thrown [s\open\src\hotspot\share\prims\jni.cpp, line 516]
Event: 12.530 Thread 0x000002441e7bf280 Exception <a 'sun/nio/fs/WindowsException'{0x000000070a8e43f0}> (0x000000070a8e43f0) 
thrown [s\open\src\hotspot\share\prims\jni.cpp, line 516]
Event: 12.540 Thread 0x000002441e7bf280 Exception <a 'sun/nio/fs/WindowsException'{0x000000070a9359b0}> (0x000000070a9359b0) 
thrown [s\open\src\hotspot\share\prims\jni.cpp, line 516]
Event: 12.553 Thread 0x000002441e7bf280 Exception <a 'sun/nio/fs/WindowsException'{0x000000070a9bbbe8}> (0x000000070a9bbbe8) 
thrown [s\open\src\hotspot\share\prims\jni.cpp, line 516]
Event: 12.568 Thread 0x000002441e7bf280 Exception <a 'sun/nio/fs/WindowsException'{0x000000070a669d38}> (0x000000070a669d38) 
thrown [s\open\src\hotspot\share\prims\jni.cpp, line 516]
Event: 12.580 Thread 0x000002441e7bf280 Exception <a 'sun/nio/fs/WindowsException'{0x000000070a6f6678}> (0x000000070a6f6678) 
thrown [s\open\src\hotspot\share\prims\jni.cpp, line 516]
Event: 12.603 Thread 0x000002441e7bf280 Exception <a 'sun/nio/fs/WindowsException'{0x000000070a465a90}> (0x000000070a465a90) 
thrown [s\open\src\hotspot\share\prims\jni.cpp, line 516]
Event: 12.612 Thread 0x000002441e7bf280 Exception <a 'sun/nio/fs/WindowsException'{0x000000070a4b3708}> (0x000000070a4b3708) 
thrown [s\open\src\hotspot\share\prims\jni.cpp, line 516]
Event: 12.631 Thread 0x000002441e7bf280 Exception <a 'sun/nio/fs/WindowsException'{0x000000070a5db248}> (0x000000070a5db248) 
thrown [s\open\src\hotspot\share\prims\jni.cpp, line 516]
Event: 12.668 Thread 0x000002441e7bf280 Exception <a 'sun/nio/fs/WindowsException'{0x000000070a3a4350}> (0x000000070a3a4350) 
thrown [s\open\src\hotspot\share\prims\jni.cpp, line 516]
Event: 12.691 Thread 0x000002441e7bf280 Exception <a 'sun/nio/fs/WindowsException'{0x000000070a0b00c8}> (0x000000070a0b00c8) 
thrown [s\open\src\hotspot\share\prims\jni.cpp, line 516]
Event: 12.698 Thread 0x000002441e7bf280 Exception <a 'sun/nio/fs/WindowsException'{0x000000070a0f67b0}> (0x000000070a0f67b0) 
thrown [s\open\src\hotspot\share\prims\jni.cpp, line 516]

VM Operations (20 events):
Event: 11.848 Executing non-safepoint VM operation: HandshakeAllThreads (Deoptimize)
Event: 11.848 Executing non-safepoint VM operation: HandshakeAllThreads (Deoptimize) done
Event: 11.866 Executing non-safepoint VM operation: HandshakeAllThreads (Deoptimize)
Event: 11.866 Executing non-safepoint VM operation: HandshakeAllThreads (Deoptimize) done
Event: 11.870 Executing non-safepoint VM operation: HandshakeAllThreads (Deoptimize)
Event: 11.870 Executing non-safepoint VM operation: HandshakeAllThreads (Deoptimize) done
Event: 11.898 Executing non-safepoint VM operation: HandshakeAllThreads (Deoptimize)
Event: 11.898 Executing non-safepoint VM operation: HandshakeAllThreads (Deoptimize) done
Event: 11.900 Executing non-safepoint VM operation: HandshakeAllThreads (Deoptimize)
Event: 11.900 Executing non-safepoint VM operation: HandshakeAllThreads (Deoptimize) done
Event: 11.955 Executing non-safepoint VM operation: HandshakeAllThreads (Deoptimize)
Event: 11.955 Executing non-safepoint VM operation: HandshakeAllThreads (Deoptimize) done
Event: 12.146 Executing non-safepoint VM operation: HandshakeAllThreads (Deoptimize)
Event: 12.146 Executing non-safepoint VM operation: HandshakeAllThreads (Deoptimize) done
Event: 12.380 Executing non-safepoint VM operation: HandshakeAllThreads (Deoptimize)
Event: 12.380 Executing non-safepoint VM operation: HandshakeAllThreads (Deoptimize) done
Event: 12.382 Executing non-safepoint VM operation: HandshakeAllThreads (Deoptimize)
Event: 12.382 Executing non-safepoint VM operation: HandshakeAllThreads (Deoptimize) done
Event: 12.595 Executing non-safepoint VM operation: HandshakeAllThreads (Deoptimize)
Event: 12.595 Executing non-safepoint VM operation: HandshakeAllThreads (Deoptimize) done

Memory protections (0 events):
No events

Nmethod flushes (20 events):
Event: 7.927 Thread 0x000002443de88170 flushing  nmethod 0x00000244276a8b88
Event: 7.927 Thread 0x000002443de88170 flushing  nmethod 0x00000244276be888
Event: 7.927 Thread 0x000002443de88170 flushing  nmethod 0x00000244276edf08
Event: 7.927 Thread 0x000002443de88170 flushing  nmethod 0x0000024427719e88
Event: 7.927 Thread 0x000002443de88170 flushing  nmethod 0x000002442771fc88
Event: 7.927 Thread 0x000002443de88170 flushing  nmethod 0x0000024427720288
Event: 7.927 Thread 0x000002443de88170 flushing  nmethod 0x0000024427720988
Event: 7.927 Thread 0x000002443de88170 flushing  nmethod 0x0000024427721088
Event: 7.927 Thread 0x000002443de88170 flushing  nmethod 0x0000024427768408
Event: 7.927 Thread 0x000002443de88170 flushing  nmethod 0x00000244277a8c08
Event: 7.927 Thread 0x000002443de88170 flushing  nmethod 0x00000244277daa88
Event: 7.927 Thread 0x000002443de88170 flushing  nmethod 0x00000244277eda88
Event: 7.927 Thread 0x000002443de88170 flushing  nmethod 0x0000024427832488
Event: 7.927 Thread 0x000002443de88170 flushing  nmethod 0x0000024427836c88
Event: 7.927 Thread 0x000002443de88170 flushing  nmethod 0x0000024427837608
Event: 7.927 Thread 0x000002443de88170 flushing  nmethod 0x0000024427853308
Event: 7.927 Thread 0x000002443de88170 flushing  nmethod 0x00000244278f9a88
Event: 7.927 Thread 0x000002443de88170 flushing  nmethod 0x0000024427a13d88
Event: 7.927 Thread 0x000002443de88170 flushing  nmethod 0x0000024427a15208
Event: 7.927 Thread 0x000002443de88170 flushing  nmethod 0x0000024427a36908

Events (20 events):
Event: 0.197 Thread 0x000002443e72d680 Thread exited: 0x000002443e72d680
Event: 0.602 Thread 0x000002443deb4910 Thread added: 0x0000024443195270
Event: 1.154 Thread 0x0000024443195270 Thread exited: 0x0000024443195270
Event: 1.683 Thread 0x000002441e7bf280 Thread added: 0x0000024443b1f360
Event: 1.905 Thread 0x000002443deb4910 Thread added: 0x00000244435ad980
Event: 5.738 Thread 0x000002441e7bf280 Thread added: 0x0000024444a725a0
Event: 5.742 Thread 0x000002441e7bf280 Thread added: 0x0000024444a6eef0
Event: 5.743 Thread 0x0000024444a6eef0 Thread added: 0x0000024444a73540
Event: 5.759 Thread 0x0000024444a725a0 Thread added: 0x0000024444a744e0
Event: 5.759 Thread 0x0000024444a6eef0 Thread added: 0x0000024445663650
Event: 5.807 Thread 0x0000024444a6eef0 Thread added: 0x0000024445661ee0
Event: 5.807 Thread 0x000002441e7bf280 Thread added: 0x0000024445664dc0
Event: 5.822 Thread 0x0000024444a744e0 Thread added: 0x0000024445661710
Event: 5.822 Thread 0x0000024445663650 Thread added: 0x0000024445665d60
Event: 7.392 Thread 0x00000244435ad980 Thread exited: 0x00000244435ad980
Event: 7.660 Thread 0x000002443deb4910 Thread added: 0x00000244435ad980
Event: 9.450 Thread 0x00000244435ad980 Thread exited: 0x00000244435ad980
Event: 9.466 Thread 0x000002443e316430 Thread exited: 0x000002443e316430
Event: 9.574 Thread 0x000002443deb4910 Thread added: 0x00000244435ad980
Event: 9.576 Thread 0x000002443deb4910 Thread added: 0x00000244435b8ae0


Dynamic libraries:
0x00007ff6c2670000 - 0x00007ff6c2680000 	C:\Program Files\Java\jdk-25\bin\java.exe
0x00007ffcf9300000 - 0x00007ffcf9567000 	C:\WINDOWS\SYSTEM32\ntdll.dll
0x00007ffcf7690000 - 0x00007ffcf7759000 	C:\WINDOWS\System32\KERNEL32.DLL
0x00007ffcf6b40000 - 0x00007ffcf6f37000 	C:\WINDOWS\System32\KERNELBASE.dll
0x00007ffcf6940000 - 0x00007ffcf6a8b000 	C:\WINDOWS\System32\ucrtbase.dll
0x00007ffcdc020000 - 0x00007ffcdc037000 	C:\Program Files\Java\jdk-25\bin\jli.dll
0x00007ffcdc280000 - 0x00007ffcdc29e000 	C:\Program Files\Java\jdk-25\bin\VCRUNTIME140.dll
0x00007ffcf7430000 - 0x00007ffcf75f6000 	C:\WINDOWS\System32\USER32.dll
0x00007ffcd4390000 - 0x00007ffcd4622000 	C:\WINDOWS\WinSxS\amd64_microsoft.windows.common-controls_6595b64144ccf1df_6.0.26100.8328_none_3e08182ce334b678\COMCTL32.dll
0x00007ffcf5fe0000 - 0x00007ffcf6007000 	C:\WINDOWS\System32\win32u.dll
0x00007ffcf7760000 - 0x00007ffcf7809000 	C:\WINDOWS\System32\msvcrt.dll
0x00007ffcf8ba0000 - 0x00007ffcf8bcb000 	C:\WINDOWS\System32\GDI32.dll
0x00007ffcf5d30000 - 0x00007ffcf5e5c000 	C:\WINDOWS\System32\gdi32full.dll
0x00007ffcf6a90000 - 0x00007ffcf6b33000 	C:\WINDOWS\System32\msvcp_win.dll
0x00007ffcf73f0000 - 0x00007ffcf7422000 	C:\WINDOWS\System32\IMM32.DLL
0x00007ffce6190000 - 0x00007ffce619c000 	C:\Program Files\Java\jdk-25\bin\vcruntime140_1.dll
0x00007ffcd84e0000 - 0x00007ffcd856d000 	C:\Program Files\Java\jdk-25\bin\msvcp140.dll
0x00007ffc0c8a0000 - 0x00007ffc0d6ff000 	C:\Program Files\Java\jdk-25\bin\server\jvm.dll
0x00007ffcf8ac0000 - 0x00007ffcf8b76000 	C:\WINDOWS\System32\ADVAPI32.dll
0x00007ffcf8df0000 - 0x00007ffcf8e97000 	C:\WINDOWS\System32\sechost.dll
0x00007ffcf72d0000 - 0x00007ffcf73e8000 	C:\WINDOWS\System32\RPCRT4.dll
0x00007ffcf7230000 - 0x00007ffcf72b0000 	C:\WINDOWS\System32\WS2_32.dll
0x00007ffcf5b90000 - 0x00007ffcf5bee000 	C:\WINDOWS\SYSTEM32\POWRPROF.dll
0x00007ffcd6de0000 - 0x00007ffcd6e16000 	C:\WINDOWS\SYSTEM32\WINMM.dll
0x00007ffce9b50000 - 0x00007ffce9b5b000 	C:\WINDOWS\SYSTEM32\VERSION.dll
0x00007ffcf5b70000 - 0x00007ffcf5b84000 	C:\WINDOWS\SYSTEM32\UMPDC.dll
0x00007ffcf4ac0000 - 0x00007ffcf4adb000 	C:\WINDOWS\SYSTEM32\kernel.appcore.dll
0x00007ffce5cb0000 - 0x00007ffce5cba000 	C:\Program Files\Java\jdk-25\bin\jimage.dll
0x00007ffcf0c50000 - 0x00007ffcf0e92000 	C:\WINDOWS\SYSTEM32\DBGHELP.DLL
0x00007ffcf8eb0000 - 0x00007ffcf9233000 	C:\WINDOWS\System32\combase.dll
0x00007ffcf79d0000 - 0x00007ffcf7aa9000 	C:\WINDOWS\System32\OLEAUT32.dll
0x00007ffcd4350000 - 0x00007ffcd438b000 	C:\WINDOWS\SYSTEM32\dbgcore.DLL
0x00007ffcf6fd0000 - 0x00007ffcf7078000 	C:\WINDOWS\System32\bcryptPrimitives.dll
0x00007ffcdc000000 - 0x00007ffcdc01f000 	C:\Program Files\Java\jdk-25\bin\java.dll
0x00007ffcf8c50000 - 0x00007ffcf8de7000 	C:\WINDOWS\System32\ole32.dll
0x00007ffcf8160000 - 0x00007ffcf88ce000 	C:\WINDOWS\System32\SHELL32.dll
0x00007ffcf6010000 - 0x00007ffcf687c000 	C:\WINDOWS\System32\windows.storage.dll
0x00007ffcf7f40000 - 0x00007ffcf8036000 	C:\WINDOWS\System32\SHCORE.dll
0x00007ffcf71c0000 - 0x00007ffcf7226000 	C:\WINDOWS\System32\shlwapi.dll
0x00007ffcf5c50000 - 0x00007ffcf5c79000 	C:\WINDOWS\SYSTEM32\profapi.dll
0x00007ffcdbfe0000 - 0x00007ffcdbff2000 	C:\Program Files\Java\jdk-25\bin\net.dll
0x00007ffcf5030000 - 0x00007ffcf509c000 	C:\WINDOWS\system32\mswsock.dll
0x00007ffcdbc90000 - 0x00007ffcdbca6000 	C:\Program Files\Java\jdk-25\bin\nio.dll
0x00007ffcdbc70000 - 0x00007ffcdbc87000 	C:\Program Files\Java\jdk-25\bin\zip.dll
0x00007ffcdaab0000 - 0x00007ffcdaad4000 	C:\Users\HAIBONWA RIBEGA B\.m2\wrapper\dists\apache-maven-3.9.15\0226a00282e400185496f3b60ec5a3f029cbdc6893912937d4876d57695224e1\lib\jansi-native\Windows\x86_64\jansi.dll
0x00007ffcdcf80000 - 0x00007ffcdcf90000 	C:\Program Files\Java\jdk-25\bin\verify.dll
0x00007ffcf5310000 - 0x00007ffcf532b000 	C:\WINDOWS\SYSTEM32\CRYPTSP.dll
0x00007ffcf4a20000 - 0x00007ffcf4a59000 	C:\WINDOWS\system32\rsaenh.dll
0x00007ffcf50e0000 - 0x00007ffcf5113000 	C:\WINDOWS\SYSTEM32\USERENV.dll
0x00007ffcf5c20000 - 0x00007ffcf5c4a000 	C:\WINDOWS\SYSTEM32\bcrypt.dll
0x00007ffcf5330000 - 0x00007ffcf533c000 	C:\WINDOWS\SYSTEM32\CRYPTBASE.dll
0x00007ffcf44b0000 - 0x00007ffcf44e2000 	C:\WINDOWS\SYSTEM32\IPHLPAPI.DLL
0x00007ffcf8040000 - 0x00007ffcf804a000 	C:\WINDOWS\System32\NSI.dll

JVMTI agents: none

dbghelp: loaded successfully - version: 4.0.5 - missing functions: none
symbol engine: initialized successfully - sym options: 0x614 - pdb path: .;C:\Program Files\Java\jdk-25\bin;C:\WINDOWS\SYSTEM32;C:\WINDOWS\WinSxS\amd64_microsoft.windows.common-controls_6595b64144ccf1df_6.0.26100.8328_none_3e08182ce334b678;C:\Program Files\Java\jdk-25\bin\server;C:\Users\HAIBONWA RIBEGA B\.m2\wrapper\dists\apache-maven-3.9.15\0226a00282e400185496f3b60ec5a3f029cbdc6893912937d4876d57695224e1\lib\jansi-native\Windows\x86_64

VM Arguments:
jvm_args: --enable-native-access=ALL-UNNAMED -Dclassworlds.conf=C:\Users\HAIBONWA RIBEGA B\.m2\wrapper\dists\apache-maven-3.9.15\0226a00282e400185496f3b60ec5a3f029cbdc6893912937d4876d57695224e1\bin\m2.conf -Dmaven.home=C:\Users\HAIBONWA RIBEGA B\.m2\wrapper\dists\apache-maven-3.9.15\0226a00282e400185496f3b60ec5a3f029cbdc6893912937d4876d57695224e1 -Dlibrary.jansi.path=C:\Users\HAIBONWA RIBEGA B\.m2\wrapper\dists\apache-maven-3.9.15\0226a00282e400185496f3b60ec5a3f029cbdc6893912937d4876d57695224e1\lib\jansi-native -Dmaven.multiModuleProjectDirectory=E:\Repository\PrimeVideo\video 
java_command: org.codehaus.plexus.classworlds.launcher.Launcher spring-boot:run -Dspring-boot.run.jvmArguments=--enable-native-access=ALL-UNNAMED -Xmx256m -Xms128m
java_class_path (initial): C:\Users\HAIBONWA RIBEGA B\.m2\wrapper\dists\apache-maven-3.9.15\0226a00282e400185496f3b60ec5a3f029cbdc6893912937d4876d57695224e1\boot\plexus-classworlds-2.9.0.jar
Launcher Type: SUN_STANDARD

[Global flags]
     intx CICompilerCount                          = 4                                         {product} {ergonomic}
     uint ConcGCThreads                            = 3                                         {product} {ergonomic}
     uint G1ConcRefinementThreads                  = 10                                        {product} {ergonomic}
   size_t G1HeapRegionSize                         = 2097152                                   {product} {ergonomic}
   size_t InitialHeapSize                          = 266338304                                 {product} {ergonomic}
   size_t MarkStackSize                            = 4194304                                   {product} {ergonomic}
   size_t MarkStackSizeMax                         = 536870912                                 {product} {ergonomic}
   size_t MaxHeapSize                              = 4238344192                                {product} {ergonomic}
   size_t MaxNewSize                               = 2541748224                                {product} {ergonomic}
   size_t MinHeapDeltaBytes                        = 2097152                                   {product} {ergonomic}
   size_t MinHeapSize                              = 8388608                                   {product} {ergonomic}
    uintx NonNMethodCodeHeapSize                   = 5832704                                {pd product} {ergonomic}
    uintx NonProfiledCodeHeapSize                  = 122945536                              {pd product} {ergonomic}
    uintx ProfiledCodeHeapSize                     = 122880000                              {pd product} {ergonomic}
    uintx ReservedCodeCacheSize                    = 251658240                              {pd product} {ergonomic}
     bool SegmentedCodeCache                       = true                                      {product} {ergonomic}
   size_t SoftMaxHeapSize                          = 4238344192                             {manageable} {ergonomic}
     bool UseCompressedOops                        = true                           {product lp64_product} {ergonomic}
     bool UseG1GC                                  = true                                      {product} {ergonomic}
     bool UseLargePagesIndividualAllocation        = false                                  {pd product} {ergonomic}

Logging:
Log output configuration:
 #0: stdout all=warning uptime,level,tags foldmultilines=false
 #1: stderr all=off uptime,level,tags foldmultilines=false

Release file:
IMPLEMENTOR="Oracle Corporation" 
JAVA_RUNTIME_VERSION="25.0.1+8-LTS-27" 
JAVA_VERSION="25.0.1" 
JAVA_VERSION_DATE="2025-10-21" 
LIBC="default" 
MODULES="java.base java.compiler java.datatransfer java.xml java.prefs java.desktop java.instrument java.logging java.management java.security.sasl java.naming java.rmi java.management.rmi java.net.http java.scripting java.security.jgss java.transaction.xa java.sql java.sql.rowset java.xml.crypto java.se java.smartcardio jdk.accessibility jdk.internal.jvmstat jdk.attach jdk.charsets jdk.internal.opt jdk.zipfs jdk.compiler jdk.crypto.cryptoki jdk.crypto.ec jdk.crypto.mscapi jdk.dynalink jdk.internal.ed jdk.editpad jdk.internal.vm.ci jdk.graal.compiler jdk.graal.compiler.management jdk.hotspot.agent jdk.httpserver jdk.incubator.vector jdk.internal.le jdk.internal.md jdk.jartool jdk.javadoc jdk.jcmd jdk.management jdk.management.agent jdk.jconsole jdk.jdeps jdk.jdwp.agent jdk.jdi jdk.jfr jdk.jlink jdk.jpackage jdk.jshell jdk.jsobject jdk.jstatd jdk.localedata jdk.management.jfr jdk.naming.dns jdk.naming.rmi jdk.net jdk.nio.mapmode jdk.sctp jdk.security.auth jdk.security.jgss jdk.unsupported jdk.unsupported.desktop jdk.xml.dom" 
OS_ARCH="x86_64" 
OS_NAME="Windows" 
SOURCE=".:git:862c85bc42b7 open:git:78770bfaefd2" 

Environment Variables:
PATH=C:\Program Files (x86)\NVIDIA Corporation\PhysX\Common;C:\Program Files\Common Files\Oracle\Java\javapath;C:\Program Files (x86)\Common Files\Oracle\Java\java8path;C:\Program Files (x86)\Common Files\Oracle\Java\javapath;C:\Users\HAIBONWA RIBEGA B\AppData\Local\Microsoft\WindowsApps;C:\Users\HAIBONWA RIBEGA B\AppData\Local\Programs\Microsoft VS Code\bin;E:\flutter\bin;C:\Windows\System32\WindowsPowerShell\v1.0;C:\Windows;C:\Windows\System32\Wbem;C:\Program Files\dotnet\;C:\WINDOWS\system32;C:\WINDOWS;C:\WINDOWS\System32\Wbem;C:\WINDOWS\System32\WindowsPowerShell\v1.0\;C:\WINDOWS\System32\OpenSSH\;C:\Program Files\Git\cmd;C:\Program Files (x86)\ZeroTier\One\;C:\Users\HAIBONWA RIBEGA B\AppData\Local\Microsoft\WindowsApps;E:\flutter\bin;C:\Program Files\Git\bin;C:\Windows\System32\WindowsPowerShell\v1.0;C:\Program Files\Git\cmd;C:\Windows\System32\Wbem;C:\Windows\System32;C:\Windows;C:\Users\HAIBONWA RIBEGA B\.dotnet\tools;C:\Users\HAIBONWA RIBEGA B\AppData\Local\Programs\Antigravity\bin;C:\Program Files\Java\jdk-25;E:\Programs\Microsoft VS Code\bin;C:\xampp\php;
USERNAME=HAIBONWA RIBEGA B
OS=Windows_NT
PROCESSOR_IDENTIFIER=Intel64 Family 6 Model 158 Stepping 13, GenuineIntel
TMP=C:\Users\HAIBON~1\AppData\Local\Temp
TEMP=C:\Users\HAIBON~1\AppData\Local\Temp




Compilation memory statistics disabled.

Periodic native trim disabled

---------------  S Y S T E M  ---------------

OS:
 Windows 11 , 64 bit Build 26100 (10.0.26100.8328)
OS uptime: 1 days 6:13 hours
Hyper-V role detected

CPU: total 12 (initial active 12) (6 cores per cpu, 2 threads per core) family 6 model 158 stepping 13 microcode 0xde, cx8, cmov, fxsr, ht, mmx, 3dnowpref, sse, sse2, sse3, ssse3, sse4.1, sse4.2, popcnt, lzcnt, tsc, tscinvbit, avx, avx2, aes, erms, clmul, bmi1, bmi2, adx, fma, vzeroupper, clflush, clflushopt, hv, rdtscp, f16c
Processor Information for the first 12 processors :
  Max Mhz: 2592, Current Mhz: 2592, Mhz Limit: 2592

Memory: 4k page, system-wide physical 16162M (1477M free)
TotalPageFile size 20841M (AvailPageFile size 4M)
current process WorkingSet (physical memory assigned to process): 400M, peak: 400M
current process commit charge ("private bytes"): 434M, peak: 443M

vm_info: Java HotSpot(TM) 64-Bit Server VM (25.0.1+8-LTS-27) for windows-amd64 JRE (25.0.1+8-LTS-27), built on 2025-09-25T16:41:16Z with unknown MS VC++:1943

END.
